---------------------------------------------------------------
[ 2018-05-04T01:09:31+08:00 ] 120.78.225.124 GET /
[ sql ] [ DB ] CONNECT:[ UseTime:0.000468s ] mysql:host=127.0.0.1;port=3306;dbname=database_01;charset=utf8
[ sql ] [ SQL ] select * from author [ RunTime:0.000359s ]
[ sql ] [ SQL ] select * from post order by post_click_count desc limit 5 [ RunTime:0.000266s ]
[ sql ] [ SQL ] select * from post where is_top = 1 order by timestamp desc limit 3 [ RunTime:0.000292s ]
[ sql ] [ SQL ] INSERT INTO visit (ip,visit_time,visit_posts,visit_author) VALUES(2018435452,'2018-05-04 01:09:31',NULL,0) [ RunTime:0.000318s ]
[ sql ] [ SQL ] select id from visit where visit_time = '2018-05-04 01:09:31' [ RunTime:0.000297s ]
[ sql ] [ SQL ] SHOW COLUMNS FROM `post` [ RunTime:0.000652s ]
[ sql ] [ SQL ] SELECT COUNT(*) AS tp_count FROM `post` LIMIT 1 [ RunTime:0.000208s ]
[ sql ] [ SQL ] SELECT * FROM `post` ORDER BY `timestamp`  desc LIMIT 0,5 [ RunTime:0.000257s ]
---------------------------------------------------------------
[ 2018-05-04T01:58:08+08:00 ] 106.15.52.246 GET /
[ sql ] [ DB ] CONNECT:[ UseTime:0.000442s ] mysql:host=127.0.0.1;port=3306;dbname=database_01;charset=utf8
[ sql ] [ SQL ] select * from author [ RunTime:0.000319s ]
[ sql ] [ SQL ] select * from post order by post_click_count desc limit 5 [ RunTime:0.000262s ]
[ sql ] [ SQL ] select * from post where is_top = 1 order by timestamp desc limit 3 [ RunTime:0.000334s ]
[ sql ] [ SQL ] INSERT INTO visit (ip,visit_time,visit_posts,visit_author) VALUES(1779381494,'2018-05-04 01:58:08',NULL,0) [ RunTime:0.000270s ]
[ sql ] [ SQL ] select id from visit where visit_time = '2018-05-04 01:58:08' [ RunTime:0.000291s ]
[ sql ] [ SQL ] SHOW COLUMNS FROM `post` [ RunTime:0.000641s ]
[ sql ] [ SQL ] SELECT COUNT(*) AS tp_count FROM `post` LIMIT 1 [ RunTime:0.000169s ]
[ sql ] [ SQL ] SELECT * FROM `post` ORDER BY `timestamp`  desc LIMIT 0,5 [ RunTime:0.000212s ]
---------------------------------------------------------------
[ 2018-05-04T02:23:56+08:00 ] 120.55.160.21 GET /
[ sql ] [ DB ] CONNECT:[ UseTime:0.000442s ] mysql:host=127.0.0.1;port=3306;dbname=database_01;charset=utf8
[ sql ] [ SQL ] select * from author [ RunTime:0.000325s ]
[ sql ] [ SQL ] select * from post order by post_click_count desc limit 5 [ RunTime:0.000253s ]
[ sql ] [ SQL ] select * from post where is_top = 1 order by timestamp desc limit 3 [ RunTime:0.000279s ]
[ sql ] [ SQL ] INSERT INTO visit (ip,visit_time,visit_posts,visit_author) VALUES(2016911381,'2018-05-04 02:23:56',NULL,0) [ RunTime:0.000277s ]
[ sql ] [ SQL ] select id from visit where visit_time = '2018-05-04 02:23:56' [ RunTime:0.000286s ]
[ sql ] [ SQL ] SHOW COLUMNS FROM `post` [ RunTime:0.000637s ]
[ sql ] [ SQL ] SELECT COUNT(*) AS tp_count FROM `post` LIMIT 1 [ RunTime:0.000190s ]
[ sql ] [ SQL ] SELECT * FROM `post` ORDER BY `timestamp`  desc LIMIT 0,5 [ RunTime:0.000247s ]
---------------------------------------------------------------
[ 2018-05-04T03:11:53+08:00 ] 117.50.7.159 GET /
[ sql ] [ DB ] CONNECT:[ UseTime:0.000481s ] mysql:host=127.0.0.1;port=3306;dbname=database_01;charset=utf8
[ sql ] [ SQL ] select * from author [ RunTime:0.000366s ]
[ sql ] [ SQL ] select * from post order by post_click_count desc limit 5 [ RunTime:0.000279s ]
[ sql ] [ SQL ] select * from post where is_top = 1 order by timestamp desc limit 3 [ RunTime:0.000273s ]
[ sql ] [ SQL ] INSERT INTO visit (ip,visit_time,visit_posts,visit_author) VALUES(1966213023,'2018-05-04 03:11:53',NULL,0) [ RunTime:0.000316s ]
[ sql ] [ SQL ] select id from visit where visit_time = '2018-05-04 03:11:53' [ RunTime:0.000304s ]
[ sql ] [ SQL ] SHOW COLUMNS FROM `post` [ RunTime:0.000681s ]
[ sql ] [ SQL ] SELECT COUNT(*) AS tp_count FROM `post` LIMIT 1 [ RunTime:0.000176s ]
[ sql ] [ SQL ] SELECT * FROM `post` ORDER BY `timestamp`  desc LIMIT 0,5 [ RunTime:0.000276s ]
---------------------------------------------------------------
[ 2018-05-04T04:47:41+08:00 ] 31.184.193.154 GET /
[ sql ] [ DB ] CONNECT:[ UseTime:0.000402s ] mysql:host=127.0.0.1;port=3306;dbname=database_01;charset=utf8
[ sql ] [ SQL ] select * from author [ RunTime:0.000316s ]
[ sql ] [ SQL ] select * from post order by post_click_count desc limit 5 [ RunTime:0.000242s ]
[ sql ] [ SQL ] select * from post where is_top = 1 order by timestamp desc limit 3 [ RunTime:0.000254s ]
[ sql ] [ SQL ] INSERT INTO visit (ip,visit_time,visit_posts,visit_author) VALUES(532201882,'2018-05-04 04:47:41',NULL,0) [ RunTime:0.000269s ]
[ sql ] [ SQL ] select id from visit where visit_time = '2018-05-04 04:47:41' [ RunTime:0.000277s ]
[ sql ] [ SQL ] SHOW COLUMNS FROM `post` [ RunTime:0.000634s ]
[ sql ] [ SQL ] SELECT COUNT(*) AS tp_count FROM `post` LIMIT 1 [ RunTime:0.000167s ]
[ sql ] [ SQL ] SELECT * FROM `post` ORDER BY `timestamp`  desc LIMIT 0,5 [ RunTime:0.000220s ]
---------------------------------------------------------------
[ 2018-05-04T06:25:17+08:00 ] 121.69.6.114 GET /
[ sql ] [ DB ] CONNECT:[ UseTime:0.000905s ] mysql:host=127.0.0.1;port=3306;dbname=database_01;charset=utf8
[ sql ] [ SQL ] select * from author [ RunTime:0.000316s ]
[ sql ] [ SQL ] select * from post order by post_click_count desc limit 5 [ RunTime:0.000252s ]
[ sql ] [ SQL ] select * from post where is_top = 1 order by timestamp desc limit 3 [ RunTime:0.000250s ]
[ sql ] [ SQL ] INSERT INTO visit (ip,visit_time,visit_posts,visit_author) VALUES(2034566770,'2018-05-04 06:25:17',NULL,0) [ RunTime:0.000257s ]
[ sql ] [ SQL ] select id from visit where visit_time = '2018-05-04 06:25:17' [ RunTime:0.000284s ]
[ sql ] [ SQL ] SHOW COLUMNS FROM `post` [ RunTime:0.000662s ]
[ sql ] [ SQL ] SELECT COUNT(*) AS tp_count FROM `post` LIMIT 1 [ RunTime:0.000182s ]
[ sql ] [ SQL ] SELECT * FROM `post` ORDER BY `timestamp`  desc LIMIT 0,5 [ RunTime:0.000219s ]
---------------------------------------------------------------
[ 2018-05-04T06:25:18+08:00 ] 121.69.6.114 GET /
[ sql ] [ DB ] CONNECT:[ UseTime:0.000476s ] mysql:host=127.0.0.1;port=3306;dbname=database_01;charset=utf8
[ sql ] [ SQL ] select * from author [ RunTime:0.000317s ]
[ sql ] [ SQL ] select * from post order by post_click_count desc limit 5 [ RunTime:0.000238s ]
[ sql ] [ SQL ] select * from post where is_top = 1 order by timestamp desc limit 3 [ RunTime:0.000245s ]
[ sql ] [ SQL ] INSERT INTO visit (ip,visit_time,visit_posts,visit_author) VALUES(2034566770,'2018-05-04 06:25:18',NULL,0) [ RunTime:0.000268s ]
[ sql ] [ SQL ] select id from visit where visit_time = '2018-05-04 06:25:18' [ RunTime:0.000267s ]
[ sql ] [ SQL ] SHOW COLUMNS FROM `post` [ RunTime:0.000584s ]
[ sql ] [ SQL ] SELECT COUNT(*) AS tp_count FROM `post` LIMIT 1 [ RunTime:0.000177s ]
[ sql ] [ SQL ] SELECT * FROM `post` ORDER BY `timestamp`  desc LIMIT 0,5 [ RunTime:0.000211s ]
---------------------------------------------------------------
[ 2018-05-04T06:25:22+08:00 ] 121.69.6.114 GET /
[ sql ] [ DB ] CONNECT:[ UseTime:0.000490s ] mysql:host=127.0.0.1;port=3306;dbname=database_01;charset=utf8
[ sql ] [ SQL ] select * from author [ RunTime:0.000315s ]
[ sql ] [ SQL ] select * from post order by post_click_count desc limit 5 [ RunTime:0.000279s ]
[ sql ] [ SQL ] select * from post where is_top = 1 order by timestamp desc limit 3 [ RunTime:0.000268s ]
[ sql ] [ SQL ] INSERT INTO visit (ip,visit_time,visit_posts,visit_author) VALUES(2034566770,'2018-05-04 06:25:22',NULL,0) [ RunTime:0.000273s ]
[ sql ] [ SQL ] select id from visit where visit_time = '2018-05-04 06:25:22' [ RunTime:0.000301s ]
[ sql ] [ SQL ] SHOW COLUMNS FROM `post` [ RunTime:0.000658s ]
[ sql ] [ SQL ] SELECT COUNT(*) AS tp_count FROM `post` LIMIT 1 [ RunTime:0.000189s ]
[ sql ] [ SQL ] SELECT * FROM `post` ORDER BY `timestamp`  desc LIMIT 0,5 [ RunTime:0.000230s ]
---------------------------------------------------------------
[ 2018-05-04T06:25:22+08:00 ] 121.69.6.114 GET /index.php
[ sql ] [ DB ] CONNECT:[ UseTime:0.000542s ] mysql:host=127.0.0.1;port=3306;dbname=database_01;charset=utf8
[ sql ] [ SQL ] select * from author [ RunTime:0.000322s ]
[ sql ] [ SQL ] select * from post order by post_click_count desc limit 5 [ RunTime:0.000256s ]
[ sql ] [ SQL ] select * from post where is_top = 1 order by timestamp desc limit 3 [ RunTime:0.000286s ]
[ sql ] [ SQL ] INSERT INTO visit (ip,visit_time,visit_posts,visit_author) VALUES(2034566770,'2018-05-04 06:25:22',NULL,0) [ RunTime:0.000291s ]
[ sql ] [ SQL ] select id from visit where visit_time = '2018-05-04 06:25:22' [ RunTime:0.000337s ]
[ sql ] [ SQL ] SHOW COLUMNS FROM `post` [ RunTime:0.000665s ]
[ sql ] [ SQL ] SELECT COUNT(*) AS tp_count FROM `post` LIMIT 1 [ RunTime:0.000192s ]
[ sql ] [ SQL ] SELECT * FROM `post` ORDER BY `timestamp`  desc LIMIT 0,5 [ RunTime:0.000233s ]
---------------------------------------------------------------
[ 2018-05-04T07:47:07+08:00 ] 106.2.124.185 GET http://baidu.com/
[ sql ] [ DB ] CONNECT:[ UseTime:0.000420s ] mysql:host=127.0.0.1;port=3306;dbname=database_01;charset=utf8
[ sql ] [ SQL ] select * from author [ RunTime:0.000318s ]
[ sql ] [ SQL ] select * from post order by post_click_count desc limit 5 [ RunTime:0.000248s ]
[ sql ] [ SQL ] select * from post where is_top = 1 order by timestamp desc limit 3 [ RunTime:0.000275s ]
[ sql ] [ SQL ] INSERT INTO visit (ip,visit_time,visit_posts,visit_author) VALUES(1778547897,'2018-05-04 07:47:07',NULL,0) [ RunTime:0.000277s ]
[ sql ] [ SQL ] select id from visit where visit_time = '2018-05-04 07:47:07' [ RunTime:0.000309s ]
[ sql ] [ SQL ] SHOW COLUMNS FROM `post` [ RunTime:0.000626s ]
[ sql ] [ SQL ] SELECT COUNT(*) AS tp_count FROM `post` LIMIT 1 [ RunTime:0.000167s ]
[ sql ] [ SQL ] SELECT * FROM `post` ORDER BY `timestamp`  desc LIMIT 0,5 [ RunTime:0.000211s ]
---------------------------------------------------------------
[ 2018-05-04T15:12:47+08:00 ] 116.62.4.249 GET /
[ sql ] [ DB ] CONNECT:[ UseTime:0.000446s ] mysql:host=127.0.0.1;port=3306;dbname=database_01;charset=utf8
[ sql ] [ SQL ] select * from author [ RunTime:0.000326s ]
[ sql ] [ SQL ] select * from post order by post_click_count desc limit 5 [ RunTime:0.000242s ]
[ sql ] [ SQL ] select * from post where is_top = 1 order by timestamp desc limit 3 [ RunTime:0.000250s ]
[ sql ] [ SQL ] INSERT INTO visit (ip,visit_time,visit_posts,visit_author) VALUES(1950221561,'2018-05-04 15:12:47',NULL,0) [ RunTime:0.000277s ]
[ sql ] [ SQL ] select id from visit where visit_time = '2018-05-04 15:12:47' [ RunTime:0.000450s ]
[ sql ] [ SQL ] SHOW COLUMNS FROM `post` [ RunTime:0.000614s ]
[ sql ] [ SQL ] SELECT COUNT(*) AS tp_count FROM `post` LIMIT 1 [ RunTime:0.000206s ]
[ sql ] [ SQL ] SELECT * FROM `post` ORDER BY `timestamp`  desc LIMIT 0,5 [ RunTime:0.000241s ]
---------------------------------------------------------------
[ 2018-05-04T20:34:45+08:00 ] 60.191.38.78 GET /
[ sql ] [ DB ] CONNECT:[ UseTime:0.000563s ] mysql:host=127.0.0.1;port=3306;dbname=database_01;charset=utf8
[ sql ] [ SQL ] select * from author [ RunTime:0.000318s ]
[ sql ] [ SQL ] select * from post order by post_click_count desc limit 5 [ RunTime:0.000259s ]
[ sql ] [ SQL ] select * from post where is_top = 1 order by timestamp desc limit 3 [ RunTime:0.000285s ]
[ sql ] [ SQL ] INSERT INTO visit (ip,visit_time,visit_posts,visit_author) VALUES(1019160142,'2018-05-04 20:34:45',NULL,0) [ RunTime:0.000307s ]
[ sql ] [ SQL ] select id from visit where visit_time = '2018-05-04 20:34:45' [ RunTime:0.000291s ]
[ sql ] [ SQL ] SHOW COLUMNS FROM `post` [ RunTime:0.000626s ]
[ sql ] [ SQL ] SELECT COUNT(*) AS tp_count FROM `post` LIMIT 1 [ RunTime:0.000190s ]
[ sql ] [ SQL ] SELECT * FROM `post` ORDER BY `timestamp`  desc LIMIT 0,5 [ RunTime:0.000279s ]
---------------------------------------------------------------
[ 2018-05-04T21:18:04+08:00 ] 51.38.12.21 GET /
[ sql ] [ DB ] CONNECT:[ UseTime:0.000463s ] mysql:host=127.0.0.1;port=3306;dbname=database_01;charset=utf8
[ sql ] [ SQL ] select * from author [ RunTime:0.000315s ]
[ sql ] [ SQL ] select * from post order by post_click_count desc limit 5 [ RunTime:0.000287s ]
[ sql ] [ SQL ] select * from post where is_top = 1 order by timestamp desc limit 3 [ RunTime:0.000271s ]
[ sql ] [ SQL ] INSERT INTO visit (ip,visit_time,visit_posts,visit_author) VALUES(858131477,'2018-05-04 21:18:04',NULL,0) [ RunTime:0.000278s ]
[ sql ] [ SQL ] select id from visit where visit_time = '2018-05-04 21:18:04' [ RunTime:0.000330s ]
[ sql ] [ SQL ] SHOW COLUMNS FROM `post` [ RunTime:0.000640s ]
[ sql ] [ SQL ] SELECT COUNT(*) AS tp_count FROM `post` LIMIT 1 [ RunTime:0.000188s ]
[ sql ] [ SQL ] SELECT * FROM `post` ORDER BY `timestamp`  desc LIMIT 0,5 [ RunTime:0.000234s ]
---------------------------------------------------------------
[ 2018-05-04T23:57:32+08:00 ] 120.76.23.202 GET /
[ sql ] [ DB ] CONNECT:[ UseTime:0.000452s ] mysql:host=127.0.0.1;port=3306;dbname=database_01;charset=utf8
[ sql ] [ SQL ] select * from author [ RunTime:0.000329s ]
[ sql ] [ SQL ] select * from post order by post_click_count desc limit 5 [ RunTime:0.000342s ]
[ sql ] [ SQL ] select * from post where is_top = 1 order by timestamp desc limit 3 [ RunTime:0.000259s ]
[ sql ] [ SQL ] INSERT INTO visit (ip,visit_time,visit_posts,visit_author) VALUES(2018252746,'2018-05-04 23:57:32',NULL,0) [ RunTime:0.000260s ]
[ sql ] [ SQL ] select id from visit where visit_time = '2018-05-04 23:57:32' [ RunTime:0.000294s ]
[ sql ] [ SQL ] SHOW COLUMNS FROM `post` [ RunTime:0.000626s ]
[ sql ] [ SQL ] SELECT COUNT(*) AS tp_count FROM `post` LIMIT 1 [ RunTime:0.000190s ]
[ sql ] [ SQL ] SELECT * FROM `post` ORDER BY `timestamp`  desc LIMIT 0,5 [ RunTime:0.000222s ]
