---------------------------------------------------------------
[ 2018-05-10T00:08:33+08:00 ] 106.15.52.246 GET /
[ sql ] [ DB ] CONNECT:[ UseTime:0.000462s ] mysql:host=127.0.0.1;port=3306;dbname=database_01;charset=utf8
[ sql ] [ SQL ] select * from author [ RunTime:0.000324s ]
[ sql ] [ SQL ] select * from post order by post_click_count desc limit 5 [ RunTime:0.000326s ]
[ sql ] [ SQL ] select * from post where is_top = 1 order by timestamp desc limit 3 [ RunTime:0.000310s ]
[ sql ] [ SQL ] INSERT INTO visit (ip,visit_time,visit_posts,visit_author) VALUES(1779381494,'2018-05-10 00:08:32',NULL,0) [ RunTime:0.000286s ]
[ sql ] [ SQL ] select id from visit where visit_time = '2018-05-10 00:08:32' [ RunTime:0.000328s ]
[ sql ] [ SQL ] SHOW COLUMNS FROM `post` [ RunTime:0.000687s ]
[ sql ] [ SQL ] SELECT COUNT(*) AS tp_count FROM `post` LIMIT 1 [ RunTime:0.000173s ]
[ sql ] [ SQL ] SELECT * FROM `post` ORDER BY `timestamp`  desc LIMIT 0,5 [ RunTime:0.000257s ]
---------------------------------------------------------------
[ 2018-05-10T00:26:31+08:00 ] 95.38.49.254 GET /
[ sql ] [ DB ] CONNECT:[ UseTime:0.000430s ] mysql:host=127.0.0.1;port=3306;dbname=database_01;charset=utf8
[ sql ] [ SQL ] select * from author [ RunTime:0.000307s ]
[ sql ] [ SQL ] select * from post order by post_click_count desc limit 5 [ RunTime:0.000307s ]
[ sql ] [ SQL ] select * from post where is_top = 1 order by timestamp desc limit 3 [ RunTime:0.000334s ]
[ sql ] [ SQL ] INSERT INTO visit (ip,visit_time,visit_posts,visit_author) VALUES(1596338686,'2018-05-10 00:26:31',NULL,0) [ RunTime:0.002710s ]
[ sql ] [ SQL ] select id from visit where visit_time = '2018-05-10 00:26:31' [ RunTime:0.000326s ]
[ sql ] [ SQL ] SHOW COLUMNS FROM `post` [ RunTime:0.000606s ]
[ sql ] [ SQL ] SELECT COUNT(*) AS tp_count FROM `post` LIMIT 1 [ RunTime:0.000178s ]
[ sql ] [ SQL ] SELECT * FROM `post` ORDER BY `timestamp`  desc LIMIT 0,5 [ RunTime:0.000251s ]
---------------------------------------------------------------
[ 2018-05-10T00:54:21+08:00 ] 200.148.51.96 GET /
[ sql ] [ DB ] CONNECT:[ UseTime:0.000487s ] mysql:host=127.0.0.1;port=3306;dbname=database_01;charset=utf8
[ sql ] [ SQL ] select * from author [ RunTime:0.000315s ]
[ sql ] [ SQL ] select * from post order by post_click_count desc limit 5 [ RunTime:0.000314s ]
[ sql ] [ SQL ] select * from post where is_top = 1 order by timestamp desc limit 3 [ RunTime:0.000324s ]
[ sql ] [ SQL ] INSERT INTO visit (ip,visit_time,visit_posts,visit_author) VALUES(3365155680,'2018-05-10 00:54:21',NULL,0) [ RunTime:0.000282s ]
[ sql ] [ SQL ] select id from visit where visit_time = '2018-05-10 00:54:21' [ RunTime:0.000338s ]
[ sql ] [ SQL ] SHOW COLUMNS FROM `post` [ RunTime:0.000637s ]
[ sql ] [ SQL ] SELECT COUNT(*) AS tp_count FROM `post` LIMIT 1 [ RunTime:0.000178s ]
[ sql ] [ SQL ] SELECT * FROM `post` ORDER BY `timestamp`  desc LIMIT 0,5 [ RunTime:0.000263s ]
---------------------------------------------------------------
[ 2018-05-10T02:21:49+08:00 ] 106.15.136.1 GET /
[ sql ] [ DB ] CONNECT:[ UseTime:0.000472s ] mysql:host=127.0.0.1;port=3306;dbname=database_01;charset=utf8
[ sql ] [ SQL ] select * from author [ RunTime:0.000335s ]
[ sql ] [ SQL ] select * from post order by post_click_count desc limit 5 [ RunTime:0.000310s ]
[ sql ] [ SQL ] select * from post where is_top = 1 order by timestamp desc limit 3 [ RunTime:0.000323s ]
[ sql ] [ SQL ] INSERT INTO visit (ip,visit_time,visit_posts,visit_author) VALUES(1779402753,'2018-05-10 02:21:49',NULL,0) [ RunTime:0.000289s ]
[ sql ] [ SQL ] select id from visit where visit_time = '2018-05-10 02:21:49' [ RunTime:0.000326s ]
[ sql ] [ SQL ] SHOW COLUMNS FROM `post` [ RunTime:0.000660s ]
[ sql ] [ SQL ] SELECT COUNT(*) AS tp_count FROM `post` LIMIT 1 [ RunTime:0.000175s ]
[ sql ] [ SQL ] SELECT * FROM `post` ORDER BY `timestamp`  desc LIMIT 0,5 [ RunTime:0.000257s ]
---------------------------------------------------------------
[ 2018-05-10T02:40:56+08:00 ] 47.52.210.140 GET /
[ sql ] [ DB ] CONNECT:[ UseTime:0.000432s ] mysql:host=127.0.0.1;port=3306;dbname=database_01;charset=utf8
[ sql ] [ SQL ] select * from author [ RunTime:0.000338s ]
[ sql ] [ SQL ] select * from post order by post_click_count desc limit 5 [ RunTime:0.000320s ]
[ sql ] [ SQL ] select * from post where is_top = 1 order by timestamp desc limit 3 [ RunTime:0.000297s ]
[ sql ] [ SQL ] INSERT INTO visit (ip,visit_time,visit_posts,visit_author) VALUES(791990924,'2018-05-10 02:40:56',NULL,0) [ RunTime:0.000278s ]
[ sql ] [ SQL ] select id from visit where visit_time = '2018-05-10 02:40:56' [ RunTime:0.000318s ]
[ sql ] [ SQL ] SHOW COLUMNS FROM `post` [ RunTime:0.000618s ]
[ sql ] [ SQL ] SELECT COUNT(*) AS tp_count FROM `post` LIMIT 1 [ RunTime:0.000168s ]
[ sql ] [ SQL ] SELECT * FROM `post` ORDER BY `timestamp`  desc LIMIT 0,5 [ RunTime:0.000266s ]
---------------------------------------------------------------
[ 2018-05-10T03:44:44+08:00 ] 189.231.111.149 GET /
[ sql ] [ DB ] CONNECT:[ UseTime:0.000459s ] mysql:host=127.0.0.1;port=3306;dbname=database_01;charset=utf8
[ sql ] [ SQL ] select * from author [ RunTime:0.000346s ]
[ sql ] [ SQL ] select * from post order by post_click_count desc limit 5 [ RunTime:0.000333s ]
[ sql ] [ SQL ] select * from post where is_top = 1 order by timestamp desc limit 3 [ RunTime:0.000316s ]
[ sql ] [ SQL ] INSERT INTO visit (ip,visit_time,visit_posts,visit_author) VALUES(3186061205,'2018-05-10 03:44:44',NULL,0) [ RunTime:0.000333s ]
[ sql ] [ SQL ] select id from visit where visit_time = '2018-05-10 03:44:44' [ RunTime:0.000353s ]
[ sql ] [ SQL ] SHOW COLUMNS FROM `post` [ RunTime:0.000692s ]
[ sql ] [ SQL ] SELECT COUNT(*) AS tp_count FROM `post` LIMIT 1 [ RunTime:0.000176s ]
[ sql ] [ SQL ] SELECT * FROM `post` ORDER BY `timestamp`  desc LIMIT 0,5 [ RunTime:0.000303s ]
---------------------------------------------------------------
[ 2018-05-10T03:51:28+08:00 ] 189.68.164.101 GET /
[ sql ] [ DB ] CONNECT:[ UseTime:0.000454s ] mysql:host=127.0.0.1;port=3306;dbname=database_01;charset=utf8
[ sql ] [ SQL ] select * from author [ RunTime:0.000309s ]
[ sql ] [ SQL ] select * from post order by post_click_count desc limit 5 [ RunTime:0.000317s ]
[ sql ] [ SQL ] select * from post where is_top = 1 order by timestamp desc limit 3 [ RunTime:0.000303s ]
[ sql ] [ SQL ] INSERT INTO visit (ip,visit_time,visit_posts,visit_author) VALUES(3175392357,'2018-05-10 03:51:28',NULL,0) [ RunTime:0.000287s ]
[ sql ] [ SQL ] select id from visit where visit_time = '2018-05-10 03:51:28' [ RunTime:0.000357s ]
[ sql ] [ SQL ] SHOW COLUMNS FROM `post` [ RunTime:0.000644s ]
[ sql ] [ SQL ] SELECT COUNT(*) AS tp_count FROM `post` LIMIT 1 [ RunTime:0.000166s ]
[ sql ] [ SQL ] SELECT * FROM `post` ORDER BY `timestamp`  desc LIMIT 0,5 [ RunTime:0.000251s ]
---------------------------------------------------------------
[ 2018-05-10T04:40:09+08:00 ] 189.238.208.91 GET /
[ sql ] [ DB ] CONNECT:[ UseTime:0.000428s ] mysql:host=127.0.0.1;port=3306;dbname=database_01;charset=utf8
[ sql ] [ SQL ] select * from author [ RunTime:0.000312s ]
[ sql ] [ SQL ] select * from post order by post_click_count desc limit 5 [ RunTime:0.000313s ]
[ sql ] [ SQL ] select * from post where is_top = 1 order by timestamp desc limit 3 [ RunTime:0.000293s ]
[ sql ] [ SQL ] INSERT INTO visit (ip,visit_time,visit_posts,visit_author) VALUES(3186544731,'2018-05-10 04:40:09',NULL,0) [ RunTime:0.000304s ]
[ sql ] [ SQL ] select id from visit where visit_time = '2018-05-10 04:40:09' [ RunTime:0.000260s ]
[ sql ] [ SQL ] SHOW COLUMNS FROM `post` [ RunTime:0.000584s ]
[ sql ] [ SQL ] SELECT COUNT(*) AS tp_count FROM `post` LIMIT 1 [ RunTime:0.000163s ]
[ sql ] [ SQL ] SELECT * FROM `post` ORDER BY `timestamp`  desc LIMIT 0,5 [ RunTime:0.000242s ]
---------------------------------------------------------------
[ 2018-05-10T04:42:11+08:00 ] 201.150.148.43 GET /
[ sql ] [ DB ] CONNECT:[ UseTime:0.000423s ] mysql:host=127.0.0.1;port=3306;dbname=database_01;charset=utf8
[ sql ] [ SQL ] select * from author [ RunTime:0.000336s ]
[ sql ] [ SQL ] select * from post order by post_click_count desc limit 5 [ RunTime:0.000302s ]
[ sql ] [ SQL ] select * from post where is_top = 1 order by timestamp desc limit 3 [ RunTime:0.000298s ]
[ sql ] [ SQL ] INSERT INTO visit (ip,visit_time,visit_posts,visit_author) VALUES(3382088747,'2018-05-10 04:42:11',NULL,0) [ RunTime:0.000278s ]
[ sql ] [ SQL ] select id from visit where visit_time = '2018-05-10 04:42:11' [ RunTime:0.000315s ]
[ sql ] [ SQL ] SHOW COLUMNS FROM `post` [ RunTime:0.000617s ]
[ sql ] [ SQL ] SELECT COUNT(*) AS tp_count FROM `post` LIMIT 1 [ RunTime:0.000164s ]
[ sql ] [ SQL ] SELECT * FROM `post` ORDER BY `timestamp`  desc LIMIT 0,5 [ RunTime:0.000261s ]
---------------------------------------------------------------
[ 2018-05-10T05:13:52+08:00 ] 187.214.244.98 GET /
[ sql ] [ DB ] CONNECT:[ UseTime:0.000491s ] mysql:host=127.0.0.1;port=3306;dbname=database_01;charset=utf8
[ sql ] [ SQL ] select * from author [ RunTime:0.000313s ]
[ sql ] [ SQL ] select * from post order by post_click_count desc limit 5 [ RunTime:0.000314s ]
[ sql ] [ SQL ] select * from post where is_top = 1 order by timestamp desc limit 3 [ RunTime:0.000315s ]
[ sql ] [ SQL ] INSERT INTO visit (ip,visit_time,visit_posts,visit_author) VALUES(3151426658,'2018-05-10 05:13:52',NULL,0) [ RunTime:0.000282s ]
[ sql ] [ SQL ] select id from visit where visit_time = '2018-05-10 05:13:52' [ RunTime:0.000344s ]
[ sql ] [ SQL ] SHOW COLUMNS FROM `post` [ RunTime:0.000621s ]
[ sql ] [ SQL ] SELECT COUNT(*) AS tp_count FROM `post` LIMIT 1 [ RunTime:0.000245s ]
[ sql ] [ SQL ] SELECT * FROM `post` ORDER BY `timestamp`  desc LIMIT 0,5 [ RunTime:0.000274s ]
---------------------------------------------------------------
[ 2018-05-10T05:39:46+08:00 ] 187.207.65.68 GET /
[ sql ] [ DB ] CONNECT:[ UseTime:0.000449s ] mysql:host=127.0.0.1;port=3306;dbname=database_01;charset=utf8
[ sql ] [ SQL ] select * from author [ RunTime:0.000315s ]
[ sql ] [ SQL ] select * from post order by post_click_count desc limit 5 [ RunTime:0.000370s ]
[ sql ] [ SQL ] select * from post where is_top = 1 order by timestamp desc limit 3 [ RunTime:0.000324s ]
[ sql ] [ SQL ] INSERT INTO visit (ip,visit_time,visit_posts,visit_author) VALUES(3150922052,'2018-05-10 05:39:46',NULL,0) [ RunTime:0.000275s ]
[ sql ] [ SQL ] select id from visit where visit_time = '2018-05-10 05:39:46' [ RunTime:0.000402s ]
[ sql ] [ SQL ] SHOW COLUMNS FROM `post` [ RunTime:0.000657s ]
[ sql ] [ SQL ] SELECT COUNT(*) AS tp_count FROM `post` LIMIT 1 [ RunTime:0.000175s ]
[ sql ] [ SQL ] SELECT * FROM `post` ORDER BY `timestamp`  desc LIMIT 0,5 [ RunTime:0.000260s ]
---------------------------------------------------------------
[ 2018-05-10T05:56:35+08:00 ] 81.201.59.236 GET /
[ sql ] [ DB ] CONNECT:[ UseTime:0.000434s ] mysql:host=127.0.0.1;port=3306;dbname=database_01;charset=utf8
[ sql ] [ SQL ] select * from author [ RunTime:0.000332s ]
[ sql ] [ SQL ] select * from post order by post_click_count desc limit 5 [ RunTime:0.000316s ]
[ sql ] [ SQL ] select * from post where is_top = 1 order by timestamp desc limit 3 [ RunTime:0.000354s ]
[ sql ] [ SQL ] INSERT INTO visit (ip,visit_time,visit_posts,visit_author) VALUES(1372142572,'2018-05-10 05:56:35',NULL,0) [ RunTime:0.000280s ]
[ sql ] [ SQL ] select id from visit where visit_time = '2018-05-10 05:56:35' [ RunTime:0.000366s ]
[ sql ] [ SQL ] SHOW COLUMNS FROM `post` [ RunTime:0.000626s ]
[ sql ] [ SQL ] SELECT COUNT(*) AS tp_count FROM `post` LIMIT 1 [ RunTime:0.000187s ]
[ sql ] [ SQL ] SELECT * FROM `post` ORDER BY `timestamp`  desc LIMIT 0,5 [ RunTime:0.000261s ]
---------------------------------------------------------------
[ 2018-05-10T06:05:58+08:00 ] 60.191.38.78 GET /
[ sql ] [ DB ] CONNECT:[ UseTime:0.000433s ] mysql:host=127.0.0.1;port=3306;dbname=database_01;charset=utf8
[ sql ] [ SQL ] select * from author [ RunTime:0.000311s ]
[ sql ] [ SQL ] select * from post order by post_click_count desc limit 5 [ RunTime:0.000306s ]
[ sql ] [ SQL ] select * from post where is_top = 1 order by timestamp desc limit 3 [ RunTime:0.000314s ]
[ sql ] [ SQL ] INSERT INTO visit (ip,visit_time,visit_posts,visit_author) VALUES(1019160142,'2018-05-10 06:05:58',NULL,0) [ RunTime:0.000268s ]
[ sql ] [ SQL ] select id from visit where visit_time = '2018-05-10 06:05:58' [ RunTime:0.000346s ]
[ sql ] [ SQL ] SHOW COLUMNS FROM `post` [ RunTime:0.000607s ]
[ sql ] [ SQL ] SELECT COUNT(*) AS tp_count FROM `post` LIMIT 1 [ RunTime:0.000179s ]
[ sql ] [ SQL ] SELECT * FROM `post` ORDER BY `timestamp`  desc LIMIT 0,5 [ RunTime:0.000251s ]
---------------------------------------------------------------
[ 2018-05-10T06:17:35+08:00 ] 115.29.170.50 GET /
[ sql ] [ DB ] CONNECT:[ UseTime:0.000443s ] mysql:host=127.0.0.1;port=3306;dbname=database_01;charset=utf8
[ sql ] [ SQL ] select * from author [ RunTime:0.000315s ]
[ sql ] [ SQL ] select * from post order by post_click_count desc limit 5 [ RunTime:0.000356s ]
[ sql ] [ SQL ] select * from post where is_top = 1 order by timestamp desc limit 3 [ RunTime:0.000311s ]
[ sql ] [ SQL ] INSERT INTO visit (ip,visit_time,visit_posts,visit_author) VALUES(1931323954,'2018-05-10 06:17:35',NULL,0) [ RunTime:0.000295s ]
[ sql ] [ SQL ] select id from visit where visit_time = '2018-05-10 06:17:35' [ RunTime:0.000332s ]
[ sql ] [ SQL ] SHOW COLUMNS FROM `post` [ RunTime:0.000667s ]
[ sql ] [ SQL ] SELECT COUNT(*) AS tp_count FROM `post` LIMIT 1 [ RunTime:0.000174s ]
[ sql ] [ SQL ] SELECT * FROM `post` ORDER BY `timestamp`  desc LIMIT 0,5 [ RunTime:0.000806s ]
---------------------------------------------------------------
[ 2018-05-10T06:31:06+08:00 ] 189.129.92.164 GET /
[ sql ] [ DB ] CONNECT:[ UseTime:0.000929s ] mysql:host=127.0.0.1;port=3306;dbname=database_01;charset=utf8
[ sql ] [ SQL ] select * from author [ RunTime:0.000338s ]
[ sql ] [ SQL ] select * from post order by post_click_count desc limit 5 [ RunTime:0.000313s ]
[ sql ] [ SQL ] select * from post where is_top = 1 order by timestamp desc limit 3 [ RunTime:0.000323s ]
[ sql ] [ SQL ] INSERT INTO visit (ip,visit_time,visit_posts,visit_author) VALUES(3179371684,'2018-05-10 06:31:06',NULL,0) [ RunTime:0.000270s ]
[ sql ] [ SQL ] select id from visit where visit_time = '2018-05-10 06:31:06' [ RunTime:0.000329s ]
[ sql ] [ SQL ] SHOW COLUMNS FROM `post` [ RunTime:0.000729s ]
[ sql ] [ SQL ] SELECT COUNT(*) AS tp_count FROM `post` LIMIT 1 [ RunTime:0.000197s ]
[ sql ] [ SQL ] SELECT * FROM `post` ORDER BY `timestamp`  desc LIMIT 0,5 [ RunTime:0.000295s ]
---------------------------------------------------------------
[ 2018-05-10T06:34:13+08:00 ] 180.178.107.194 GET /
[ sql ] [ DB ] CONNECT:[ UseTime:0.000480s ] mysql:host=127.0.0.1;port=3306;dbname=database_01;charset=utf8
[ sql ] [ SQL ] select * from author [ RunTime:0.000305s ]
[ sql ] [ SQL ] select * from post order by post_click_count desc limit 5 [ RunTime:0.000342s ]
[ sql ] [ SQL ] select * from post where is_top = 1 order by timestamp desc limit 3 [ RunTime:0.000338s ]
[ sql ] [ SQL ] INSERT INTO visit (ip,visit_time,visit_posts,visit_author) VALUES(3031591874,'2018-05-10 06:34:13',NULL,0) [ RunTime:0.000266s ]
[ sql ] [ SQL ] select id from visit where visit_time = '2018-05-10 06:34:13' [ RunTime:0.000332s ]
[ sql ] [ SQL ] SHOW COLUMNS FROM `post` [ RunTime:0.000634s ]
[ sql ] [ SQL ] SELECT COUNT(*) AS tp_count FROM `post` LIMIT 1 [ RunTime:0.000180s ]
[ sql ] [ SQL ] SELECT * FROM `post` ORDER BY `timestamp`  desc LIMIT 0,5 [ RunTime:0.000257s ]
---------------------------------------------------------------
[ 2018-05-10T06:43:19+08:00 ] 31.184.193.154 GET /
[ sql ] [ DB ] CONNECT:[ UseTime:0.000476s ] mysql:host=127.0.0.1;port=3306;dbname=database_01;charset=utf8
[ sql ] [ SQL ] select * from author [ RunTime:0.000332s ]
[ sql ] [ SQL ] select * from post order by post_click_count desc limit 5 [ RunTime:0.000312s ]
[ sql ] [ SQL ] select * from post where is_top = 1 order by timestamp desc limit 3 [ RunTime:0.000329s ]
[ sql ] [ SQL ] INSERT INTO visit (ip,visit_time,visit_posts,visit_author) VALUES(532201882,'2018-05-10 06:43:19',NULL,0) [ RunTime:0.000308s ]
[ sql ] [ SQL ] select id from visit where visit_time = '2018-05-10 06:43:19' [ RunTime:0.000329s ]
[ sql ] [ SQL ] SHOW COLUMNS FROM `post` [ RunTime:0.000619s ]
[ sql ] [ SQL ] SELECT COUNT(*) AS tp_count FROM `post` LIMIT 1 [ RunTime:0.000200s ]
[ sql ] [ SQL ] SELECT * FROM `post` ORDER BY `timestamp`  desc LIMIT 0,5 [ RunTime:0.000270s ]
---------------------------------------------------------------
[ 2018-05-10T08:03:17+08:00 ] 189.134.4.143 GET /
[ sql ] [ DB ] CONNECT:[ UseTime:0.000446s ] mysql:host=127.0.0.1;port=3306;dbname=database_01;charset=utf8
[ sql ] [ SQL ] select * from author [ RunTime:0.000327s ]
[ sql ] [ SQL ] select * from post order by post_click_count desc limit 5 [ RunTime:0.000287s ]
[ sql ] [ SQL ] select * from post where is_top = 1 order by timestamp desc limit 3 [ RunTime:0.000297s ]
[ sql ] [ SQL ] INSERT INTO visit (ip,visit_time,visit_posts,visit_author) VALUES(3179676815,'2018-05-10 08:03:17',NULL,0) [ RunTime:0.000255s ]
[ sql ] [ SQL ] select id from visit where visit_time = '2018-05-10 08:03:17' [ RunTime:0.000266s ]
[ sql ] [ SQL ] SHOW COLUMNS FROM `post` [ RunTime:0.000593s ]
[ sql ] [ SQL ] SELECT COUNT(*) AS tp_count FROM `post` LIMIT 1 [ RunTime:0.000177s ]
[ sql ] [ SQL ] SELECT * FROM `post` ORDER BY `timestamp`  desc LIMIT 0,5 [ RunTime:0.000244s ]
---------------------------------------------------------------
[ 2018-05-10T08:03:17+08:00 ] 189.134.4.143 GET /
[ sql ] [ DB ] CONNECT:[ UseTime:0.000390s ] mysql:host=127.0.0.1;port=3306;dbname=database_01;charset=utf8
[ sql ] [ SQL ] select * from author [ RunTime:0.000222s ]
[ sql ] [ SQL ] select * from post order by post_click_count desc limit 5 [ RunTime:0.000262s ]
[ sql ] [ SQL ] select * from post where is_top = 1 order by timestamp desc limit 3 [ RunTime:0.000280s ]
[ sql ] [ SQL ] INSERT INTO visit (ip,visit_time,visit_posts,visit_author) VALUES(3179676815,'2018-05-10 08:03:17',NULL,0) [ RunTime:0.000249s ]
[ sql ] [ SQL ] select id from visit where visit_time = '2018-05-10 08:03:17' [ RunTime:0.000257s ]
[ sql ] [ SQL ] SHOW COLUMNS FROM `post` [ RunTime:0.000525s ]
[ sql ] [ SQL ] SELECT COUNT(*) AS tp_count FROM `post` LIMIT 1 [ RunTime:0.000173s ]
[ sql ] [ SQL ] SELECT * FROM `post` ORDER BY `timestamp`  desc LIMIT 0,5 [ RunTime:0.000252s ]
---------------------------------------------------------------
[ 2018-05-10T08:18:40+08:00 ] 190.109.171.89 GET /
[ sql ] [ DB ] CONNECT:[ UseTime:0.000467s ] mysql:host=127.0.0.1;port=3306;dbname=database_01;charset=utf8
[ sql ] [ SQL ] select * from author [ RunTime:0.000317s ]
[ sql ] [ SQL ] select * from post order by post_click_count desc limit 5 [ RunTime:0.000304s ]
[ sql ] [ SQL ] select * from post where is_top = 1 order by timestamp desc limit 3 [ RunTime:0.000299s ]
[ sql ] [ SQL ] INSERT INTO visit (ip,visit_time,visit_posts,visit_author) VALUES(3194858329,'2018-05-10 08:18:40',NULL,0) [ RunTime:0.000266s ]
[ sql ] [ SQL ] select id from visit where visit_time = '2018-05-10 08:18:40' [ RunTime:0.000322s ]
[ sql ] [ SQL ] SHOW COLUMNS FROM `post` [ RunTime:0.000603s ]
[ sql ] [ SQL ] SELECT COUNT(*) AS tp_count FROM `post` LIMIT 1 [ RunTime:0.000196s ]
[ sql ] [ SQL ] SELECT * FROM `post` ORDER BY `timestamp`  desc LIMIT 0,5 [ RunTime:0.000260s ]
---------------------------------------------------------------
[ 2018-05-10T08:31:12+08:00 ] 177.53.46.125 GET /
[ sql ] [ DB ] CONNECT:[ UseTime:0.000435s ] mysql:host=127.0.0.1;port=3306;dbname=database_01;charset=utf8
[ sql ] [ SQL ] select * from author [ RunTime:0.000309s ]
[ sql ] [ SQL ] select * from post order by post_click_count desc limit 5 [ RunTime:0.000292s ]
[ sql ] [ SQL ] select * from post where is_top = 1 order by timestamp desc limit 3 [ RunTime:0.000291s ]
[ sql ] [ SQL ] INSERT INTO visit (ip,visit_time,visit_posts,visit_author) VALUES(2973052541,'2018-05-10 08:31:12',NULL,0) [ RunTime:0.000275s ]
[ sql ] [ SQL ] select id from visit where visit_time = '2018-05-10 08:31:12' [ RunTime:0.000257s ]
[ sql ] [ SQL ] SHOW COLUMNS FROM `post` [ RunTime:0.000583s ]
[ sql ] [ SQL ] SELECT COUNT(*) AS tp_count FROM `post` LIMIT 1 [ RunTime:0.000162s ]
[ sql ] [ SQL ] SELECT * FROM `post` ORDER BY `timestamp`  desc LIMIT 0,5 [ RunTime:0.000307s ]
---------------------------------------------------------------
[ 2018-05-10T09:00:09+08:00 ] 187.192.151.220 GET /
[ sql ] [ DB ] CONNECT:[ UseTime:0.000473s ] mysql:host=127.0.0.1;port=3306;dbname=database_01;charset=utf8
[ sql ] [ SQL ] select * from author [ RunTime:0.000326s ]
[ sql ] [ SQL ] select * from post order by post_click_count desc limit 5 [ RunTime:0.000320s ]
[ sql ] [ SQL ] select * from post where is_top = 1 order by timestamp desc limit 3 [ RunTime:0.000324s ]
[ sql ] [ SQL ] INSERT INTO visit (ip,visit_time,visit_posts,visit_author) VALUES(3149961180,'2018-05-10 09:00:09',NULL,0) [ RunTime:0.000278s ]
[ sql ] [ SQL ] select id from visit where visit_time = '2018-05-10 09:00:09' [ RunTime:0.000330s ]
[ sql ] [ SQL ] SHOW COLUMNS FROM `post` [ RunTime:0.000638s ]
[ sql ] [ SQL ] SELECT COUNT(*) AS tp_count FROM `post` LIMIT 1 [ RunTime:0.000172s ]
[ sql ] [ SQL ] SELECT * FROM `post` ORDER BY `timestamp`  desc LIMIT 0,5 [ RunTime:0.000272s ]
---------------------------------------------------------------
[ 2018-05-10T10:20:46+08:00 ] 192.171.202.250 GET /
[ sql ] [ DB ] CONNECT:[ UseTime:0.000484s ] mysql:host=127.0.0.1;port=3306;dbname=database_01;charset=utf8
[ sql ] [ SQL ] select * from author [ RunTime:0.000305s ]
[ sql ] [ SQL ] select * from post order by post_click_count desc limit 5 [ RunTime:0.000322s ]
[ sql ] [ SQL ] select * from post where is_top = 1 order by timestamp desc limit 3 [ RunTime:0.000301s ]
[ sql ] [ SQL ] INSERT INTO visit (ip,visit_time,visit_posts,visit_author) VALUES(3232484090,'2018-05-10 10:20:46',NULL,0) [ RunTime:0.000359s ]
[ sql ] [ SQL ] select id from visit where visit_time = '2018-05-10 10:20:46' [ RunTime:0.000335s ]
[ sql ] [ SQL ] SHOW COLUMNS FROM `post` [ RunTime:0.000641s ]
[ sql ] [ SQL ] SELECT COUNT(*) AS tp_count FROM `post` LIMIT 1 [ RunTime:0.000178s ]
[ sql ] [ SQL ] SELECT * FROM `post` ORDER BY `timestamp`  desc LIMIT 0,5 [ RunTime:0.000259s ]
---------------------------------------------------------------
[ 2018-05-10T10:46:58+08:00 ] 177.189.200.52 GET /
[ sql ] [ DB ] CONNECT:[ UseTime:0.000440s ] mysql:host=127.0.0.1;port=3306;dbname=database_01;charset=utf8
[ sql ] [ SQL ] select * from author [ RunTime:0.000324s ]
[ sql ] [ SQL ] select * from post order by post_click_count desc limit 5 [ RunTime:0.000325s ]
[ sql ] [ SQL ] select * from post where is_top = 1 order by timestamp desc limit 3 [ RunTime:0.000320s ]
[ sql ] [ SQL ] INSERT INTO visit (ip,visit_time,visit_posts,visit_author) VALUES(2982004788,'2018-05-10 10:46:58',NULL,0) [ RunTime:0.000288s ]
[ sql ] [ SQL ] select id from visit where visit_time = '2018-05-10 10:46:58' [ RunTime:0.000352s ]
[ sql ] [ SQL ] SHOW COLUMNS FROM `post` [ RunTime:0.000668s ]
[ sql ] [ SQL ] SELECT COUNT(*) AS tp_count FROM `post` LIMIT 1 [ RunTime:0.000176s ]
[ sql ] [ SQL ] SELECT * FROM `post` ORDER BY `timestamp`  desc LIMIT 0,5 [ RunTime:0.000260s ]
---------------------------------------------------------------
[ 2018-05-10T11:09:06+08:00 ] 118.97.35.218 GET /
[ sql ] [ DB ] CONNECT:[ UseTime:0.000466s ] mysql:host=127.0.0.1;port=3306;dbname=database_01;charset=utf8
[ sql ] [ SQL ] select * from author [ RunTime:0.000314s ]
[ sql ] [ SQL ] select * from post order by post_click_count desc limit 5 [ RunTime:0.000319s ]
[ sql ] [ SQL ] select * from post where is_top = 1 order by timestamp desc limit 3 [ RunTime:0.000329s ]
[ sql ] [ SQL ] INSERT INTO visit (ip,visit_time,visit_posts,visit_author) VALUES(1986077658,'2018-05-10 11:09:06',NULL,0) [ RunTime:0.000293s ]
[ sql ] [ SQL ] select id from visit where visit_time = '2018-05-10 11:09:06' [ RunTime:0.000336s ]
[ sql ] [ SQL ] SHOW COLUMNS FROM `post` [ RunTime:0.000619s ]
[ sql ] [ SQL ] SELECT COUNT(*) AS tp_count FROM `post` LIMIT 1 [ RunTime:0.000178s ]
[ sql ] [ SQL ] SELECT * FROM `post` ORDER BY `timestamp`  desc LIMIT 0,5 [ RunTime:0.000262s ]
---------------------------------------------------------------
[ 2018-05-10T11:11:59+08:00 ] 130.255.131.127 GET /
[ sql ] [ DB ] CONNECT:[ UseTime:0.000458s ] mysql:host=127.0.0.1;port=3306;dbname=database_01;charset=utf8
[ sql ] [ SQL ] select * from author [ RunTime:0.000318s ]
[ sql ] [ SQL ] select * from post order by post_click_count desc limit 5 [ RunTime:0.000336s ]
[ sql ] [ SQL ] select * from post where is_top = 1 order by timestamp desc limit 3 [ RunTime:0.000314s ]
[ sql ] [ SQL ] INSERT INTO visit (ip,visit_time,visit_posts,visit_author) VALUES(2197783423,'2018-05-10 11:11:59',NULL,0) [ RunTime:0.000323s ]
[ sql ] [ SQL ] select id from visit where visit_time = '2018-05-10 11:11:59' [ RunTime:0.000348s ]
[ sql ] [ SQL ] SHOW COLUMNS FROM `post` [ RunTime:0.000670s ]
[ sql ] [ SQL ] SELECT COUNT(*) AS tp_count FROM `post` LIMIT 1 [ RunTime:0.000173s ]
[ sql ] [ SQL ] SELECT * FROM `post` ORDER BY `timestamp`  desc LIMIT 0,5 [ RunTime:0.001063s ]
---------------------------------------------------------------
[ 2018-05-10T13:55:15+08:00 ] 124.107.177.60 GET /
[ sql ] [ DB ] CONNECT:[ UseTime:0.000447s ] mysql:host=127.0.0.1;port=3306;dbname=database_01;charset=utf8
[ sql ] [ SQL ] select * from author [ RunTime:0.000318s ]
[ sql ] [ SQL ] select * from post order by post_click_count desc limit 5 [ RunTime:0.000336s ]
[ sql ] [ SQL ] select * from post where is_top = 1 order by timestamp desc limit 3 [ RunTime:0.000325s ]
[ sql ] [ SQL ] INSERT INTO visit (ip,visit_time,visit_posts,visit_author) VALUES(2087432508,'2018-05-10 13:55:15',NULL,0) [ RunTime:0.000261s ]
[ sql ] [ SQL ] select id from visit where visit_time = '2018-05-10 13:55:15' [ RunTime:0.000350s ]
[ sql ] [ SQL ] SHOW COLUMNS FROM `post` [ RunTime:0.000617s ]
[ sql ] [ SQL ] SELECT COUNT(*) AS tp_count FROM `post` LIMIT 1 [ RunTime:0.000180s ]
[ sql ] [ SQL ] SELECT * FROM `post` ORDER BY `timestamp`  desc LIMIT 0,5 [ RunTime:0.000253s ]
---------------------------------------------------------------
[ 2018-05-10T14:36:40+08:00 ] 187.101.242.233 GET /
[ sql ] [ DB ] CONNECT:[ UseTime:0.000442s ] mysql:host=127.0.0.1;port=3306;dbname=database_01;charset=utf8
[ sql ] [ SQL ] select * from author [ RunTime:0.000322s ]
[ sql ] [ SQL ] select * from post order by post_click_count desc limit 5 [ RunTime:0.000308s ]
[ sql ] [ SQL ] select * from post where is_top = 1 order by timestamp desc limit 3 [ RunTime:0.000301s ]
[ sql ] [ SQL ] INSERT INTO visit (ip,visit_time,visit_posts,visit_author) VALUES(3144020713,'2018-05-10 14:36:40',NULL,0) [ RunTime:0.000282s ]
[ sql ] [ SQL ] select id from visit where visit_time = '2018-05-10 14:36:40' [ RunTime:0.000367s ]
[ sql ] [ SQL ] SHOW COLUMNS FROM `post` [ RunTime:0.000628s ]
[ sql ] [ SQL ] SELECT COUNT(*) AS tp_count FROM `post` LIMIT 1 [ RunTime:0.000168s ]
[ sql ] [ SQL ] SELECT * FROM `post` ORDER BY `timestamp`  desc LIMIT 0,5 [ RunTime:0.000275s ]
---------------------------------------------------------------
[ 2018-05-10T15:06:19+08:00 ] 91.218.175.252 GET /
[ sql ] [ DB ] CONNECT:[ UseTime:0.000464s ] mysql:host=127.0.0.1;port=3306;dbname=database_01;charset=utf8
[ sql ] [ SQL ] select * from author [ RunTime:0.000350s ]
[ sql ] [ SQL ] select * from post order by post_click_count desc limit 5 [ RunTime:0.000312s ]
[ sql ] [ SQL ] select * from post where is_top = 1 order by timestamp desc limit 3 [ RunTime:0.000303s ]
[ sql ] [ SQL ] INSERT INTO visit (ip,visit_time,visit_posts,visit_author) VALUES(1541058556,'2018-05-10 15:06:19',NULL,0) [ RunTime:0.000318s ]
[ sql ] [ SQL ] select id from visit where visit_time = '2018-05-10 15:06:19' [ RunTime:0.000333s ]
[ sql ] [ SQL ] SHOW COLUMNS FROM `post` [ RunTime:0.000679s ]
[ sql ] [ SQL ] SELECT COUNT(*) AS tp_count FROM `post` LIMIT 1 [ RunTime:0.000168s ]
[ sql ] [ SQL ] SELECT * FROM `post` ORDER BY `timestamp`  desc LIMIT 0,5 [ RunTime:0.000304s ]
---------------------------------------------------------------
[ 2018-05-10T15:07:14+08:00 ] 114.215.252.225 GET /
[ sql ] [ DB ] CONNECT:[ UseTime:0.000435s ] mysql:host=127.0.0.1;port=3306;dbname=database_01;charset=utf8
[ sql ] [ SQL ] select * from author [ RunTime:0.000322s ]
[ sql ] [ SQL ] select * from post order by post_click_count desc limit 5 [ RunTime:0.000304s ]
[ sql ] [ SQL ] select * from post where is_top = 1 order by timestamp desc limit 3 [ RunTime:0.000305s ]
[ sql ] [ SQL ] INSERT INTO visit (ip,visit_time,visit_posts,visit_author) VALUES(1926757601,'2018-05-10 15:07:14',NULL,0) [ RunTime:0.000273s ]
[ sql ] [ SQL ] select id from visit where visit_time = '2018-05-10 15:07:14' [ RunTime:0.000330s ]
[ sql ] [ SQL ] SHOW COLUMNS FROM `post` [ RunTime:0.000660s ]
[ sql ] [ SQL ] SELECT COUNT(*) AS tp_count FROM `post` LIMIT 1 [ RunTime:0.000168s ]
[ sql ] [ SQL ] SELECT * FROM `post` ORDER BY `timestamp`  desc LIMIT 0,5 [ RunTime:0.000267s ]
---------------------------------------------------------------
[ 2018-05-10T15:19:31+08:00 ] 183.198.3.40 GET /
[ sql ] [ DB ] CONNECT:[ UseTime:0.000454s ] mysql:host=127.0.0.1;port=3306;dbname=database_01;charset=utf8
[ sql ] [ SQL ] select * from author [ RunTime:0.000340s ]
[ sql ] [ SQL ] select * from post order by post_click_count desc limit 5 [ RunTime:0.000318s ]
[ sql ] [ SQL ] select * from post where is_top = 1 order by timestamp desc limit 3 [ RunTime:0.000345s ]
[ sql ] [ SQL ] INSERT INTO visit (ip,visit_time,visit_posts,visit_author) VALUES(3083207464,'2018-05-10 15:19:31',NULL,0) [ RunTime:0.000283s ]
[ sql ] [ SQL ] select id from visit where visit_time = '2018-05-10 15:19:31' [ RunTime:0.000377s ]
[ sql ] [ SQL ] SHOW COLUMNS FROM `post` [ RunTime:0.000623s ]
[ sql ] [ SQL ] SELECT COUNT(*) AS tp_count FROM `post` LIMIT 1 [ RunTime:0.000188s ]
[ sql ] [ SQL ] SELECT * FROM `post` ORDER BY `timestamp`  desc LIMIT 0,5 [ RunTime:0.000266s ]
---------------------------------------------------------------
[ 2018-05-10T15:56:34+08:00 ] 77.222.20.252 GET /
[ sql ] [ DB ] CONNECT:[ UseTime:0.000432s ] mysql:host=127.0.0.1;port=3306;dbname=database_01;charset=utf8
[ sql ] [ SQL ] select * from author [ RunTime:0.000371s ]
[ sql ] [ SQL ] select * from post order by post_click_count desc limit 5 [ RunTime:0.000323s ]
[ sql ] [ SQL ] select * from post where is_top = 1 order by timestamp desc limit 3 [ RunTime:0.000347s ]
[ sql ] [ SQL ] INSERT INTO visit (ip,visit_time,visit_posts,visit_author) VALUES(1306399996,'2018-05-10 15:56:34',NULL,0) [ RunTime:0.000357s ]
[ sql ] [ SQL ] select id from visit where visit_time = '2018-05-10 15:56:34' [ RunTime:0.000332s ]
[ sql ] [ SQL ] SHOW COLUMNS FROM `post` [ RunTime:0.000652s ]
[ sql ] [ SQL ] SELECT COUNT(*) AS tp_count FROM `post` LIMIT 1 [ RunTime:0.000231s ]
[ sql ] [ SQL ] SELECT * FROM `post` ORDER BY `timestamp`  desc LIMIT 0,5 [ RunTime:0.000268s ]
---------------------------------------------------------------
[ 2018-05-10T16:45:41+08:00 ] 189.152.41.110 GET /
[ sql ] [ DB ] CONNECT:[ UseTime:0.000328s ] mysql:host=127.0.0.1;port=3306;dbname=database_01;charset=utf8
[ sql ] [ SQL ] select * from author [ RunTime:0.000215s ]
[ sql ] [ SQL ] select * from post order by post_click_count desc limit 5 [ RunTime:0.000279s ]
[ sql ] [ SQL ] select * from post where is_top = 1 order by timestamp desc limit 3 [ RunTime:0.000334s ]
[ sql ] [ SQL ] INSERT INTO visit (ip,visit_time,visit_posts,visit_author) VALUES(3180865902,'2018-05-10 16:45:41',NULL,0) [ RunTime:0.000261s ]
[ sql ] [ SQL ] select id from visit where visit_time = '2018-05-10 16:45:41' [ RunTime:0.000323s ]
[ sql ] [ SQL ] SHOW COLUMNS FROM `post` [ RunTime:0.001053s ]
[ sql ] [ SQL ] SELECT COUNT(*) AS tp_count FROM `post` LIMIT 1 [ RunTime:0.000518s ]
[ sql ] [ SQL ] SELECT * FROM `post` ORDER BY `timestamp`  desc LIMIT 0,5 [ RunTime:0.000879s ]
---------------------------------------------------------------
[ 2018-05-10T16:45:41+08:00 ] 189.152.41.110 GET /
[ sql ] [ DB ] CONNECT:[ UseTime:0.000501s ] mysql:host=127.0.0.1;port=3306;dbname=database_01;charset=utf8
[ sql ] [ SQL ] select * from author [ RunTime:0.000319s ]
[ sql ] [ SQL ] select * from post order by post_click_count desc limit 5 [ RunTime:0.003985s ]
[ sql ] [ SQL ] select * from post where is_top = 1 order by timestamp desc limit 3 [ RunTime:0.000887s ]
[ sql ] [ SQL ] INSERT INTO visit (ip,visit_time,visit_posts,visit_author) VALUES(3180865902,'2018-05-10 16:45:41',NULL,0) [ RunTime:0.000240s ]
[ sql ] [ SQL ] select id from visit where visit_time = '2018-05-10 16:45:41' [ RunTime:0.000601s ]
[ sql ] [ SQL ] SHOW COLUMNS FROM `post` [ RunTime:0.001547s ]
[ sql ] [ SQL ] SELECT COUNT(*) AS tp_count FROM `post` LIMIT 1 [ RunTime:0.000164s ]
[ sql ] [ SQL ] SELECT * FROM `post` ORDER BY `timestamp`  desc LIMIT 0,5 [ RunTime:0.000258s ]
---------------------------------------------------------------
[ 2018-05-10T16:46:25+08:00 ] 179.98.151.94 GET /
[ sql ] [ DB ] CONNECT:[ UseTime:0.000518s ] mysql:host=127.0.0.1;port=3306;dbname=database_01;charset=utf8
[ sql ] [ SQL ] select * from author [ RunTime:0.000330s ]
[ sql ] [ SQL ] select * from post order by post_click_count desc limit 5 [ RunTime:0.000437s ]
[ sql ] [ SQL ] select * from post where is_top = 1 order by timestamp desc limit 3 [ RunTime:0.000328s ]
[ sql ] [ SQL ] INSERT INTO visit (ip,visit_time,visit_posts,visit_author) VALUES(3009582942,'2018-05-10 16:46:25',NULL,0) [ RunTime:0.000296s ]
[ sql ] [ SQL ] select id from visit where visit_time = '2018-05-10 16:46:25' [ RunTime:0.000369s ]
[ sql ] [ SQL ] SHOW COLUMNS FROM `post` [ RunTime:0.000674s ]
[ sql ] [ SQL ] SELECT COUNT(*) AS tp_count FROM `post` LIMIT 1 [ RunTime:0.000198s ]
[ sql ] [ SQL ] SELECT * FROM `post` ORDER BY `timestamp`  desc LIMIT 0,5 [ RunTime:0.000302s ]
---------------------------------------------------------------
[ 2018-05-10T17:39:42+08:00 ] 120.76.23.202 GET /
[ sql ] [ DB ] CONNECT:[ UseTime:0.000438s ] mysql:host=127.0.0.1;port=3306;dbname=database_01;charset=utf8
[ sql ] [ SQL ] select * from author [ RunTime:0.000318s ]
[ sql ] [ SQL ] select * from post order by post_click_count desc limit 5 [ RunTime:0.000329s ]
[ sql ] [ SQL ] select * from post where is_top = 1 order by timestamp desc limit 3 [ RunTime:0.000316s ]
[ sql ] [ SQL ] INSERT INTO visit (ip,visit_time,visit_posts,visit_author) VALUES(2018252746,'2018-05-10 17:39:42',NULL,0) [ RunTime:0.000285s ]
[ sql ] [ SQL ] select id from visit where visit_time = '2018-05-10 17:39:42' [ RunTime:0.000330s ]
[ sql ] [ SQL ] SHOW COLUMNS FROM `post` [ RunTime:0.000662s ]
[ sql ] [ SQL ] SELECT COUNT(*) AS tp_count FROM `post` LIMIT 1 [ RunTime:0.000168s ]
[ sql ] [ SQL ] SELECT * FROM `post` ORDER BY `timestamp`  desc LIMIT 0,5 [ RunTime:0.000265s ]
---------------------------------------------------------------
[ 2018-05-10T18:20:09+08:00 ] 87.255.74.241 GET /
[ sql ] [ DB ] CONNECT:[ UseTime:0.000446s ] mysql:host=127.0.0.1;port=3306;dbname=database_01;charset=utf8
[ sql ] [ SQL ] select * from author [ RunTime:0.000320s ]
[ sql ] [ SQL ] select * from post order by post_click_count desc limit 5 [ RunTime:0.000305s ]
[ sql ] [ SQL ] select * from post where is_top = 1 order by timestamp desc limit 3 [ RunTime:0.000302s ]
[ sql ] [ SQL ] INSERT INTO visit (ip,visit_time,visit_posts,visit_author) VALUES(1476348657,'2018-05-10 18:20:09',NULL,0) [ RunTime:0.000281s ]
[ sql ] [ SQL ] select id from visit where visit_time = '2018-05-10 18:20:09' [ RunTime:0.000330s ]
[ sql ] [ SQL ] SHOW COLUMNS FROM `post` [ RunTime:0.000644s ]
[ sql ] [ SQL ] SELECT COUNT(*) AS tp_count FROM `post` LIMIT 1 [ RunTime:0.000165s ]
[ sql ] [ SQL ] SELECT * FROM `post` ORDER BY `timestamp`  desc LIMIT 0,5 [ RunTime:0.000263s ]
---------------------------------------------------------------
[ 2018-05-10T18:27:36+08:00 ] 177.103.37.81 GET /
[ sql ] [ DB ] CONNECT:[ UseTime:0.000544s ] mysql:host=127.0.0.1;port=3306;dbname=database_01;charset=utf8
[ sql ] [ SQL ] select * from author [ RunTime:0.000313s ]
[ sql ] [ SQL ] select * from post order by post_click_count desc limit 5 [ RunTime:0.000367s ]
[ sql ] [ SQL ] select * from post where is_top = 1 order by timestamp desc limit 3 [ RunTime:0.000316s ]
[ sql ] [ SQL ] INSERT INTO visit (ip,visit_time,visit_posts,visit_author) VALUES(2976326993,'2018-05-10 18:27:36',NULL,0) [ RunTime:0.000278s ]
[ sql ] [ SQL ] select id from visit where visit_time = '2018-05-10 18:27:36' [ RunTime:0.000388s ]
[ sql ] [ SQL ] SHOW COLUMNS FROM `post` [ RunTime:0.000674s ]
[ sql ] [ SQL ] SELECT COUNT(*) AS tp_count FROM `post` LIMIT 1 [ RunTime:0.000187s ]
[ sql ] [ SQL ] SELECT * FROM `post` ORDER BY `timestamp`  desc LIMIT 0,5 [ RunTime:0.000284s ]
---------------------------------------------------------------
[ 2018-05-10T18:30:23+08:00 ] 177.10.81.178 GET /
[ sql ] [ DB ] CONNECT:[ UseTime:0.000444s ] mysql:host=127.0.0.1;port=3306;dbname=database_01;charset=utf8
[ sql ] [ SQL ] select * from author [ RunTime:0.000310s ]
[ sql ] [ SQL ] select * from post order by post_click_count desc limit 5 [ RunTime:0.000329s ]
[ sql ] [ SQL ] select * from post where is_top = 1 order by timestamp desc limit 3 [ RunTime:0.000310s ]
[ sql ] [ SQL ] INSERT INTO visit (ip,visit_time,visit_posts,visit_author) VALUES(2970243506,'2018-05-10 18:30:23',NULL,0) [ RunTime:0.000278s ]
[ sql ] [ SQL ] select id from visit where visit_time = '2018-05-10 18:30:23' [ RunTime:0.000352s ]
[ sql ] [ SQL ] SHOW COLUMNS FROM `post` [ RunTime:0.000664s ]
[ sql ] [ SQL ] SELECT COUNT(*) AS tp_count FROM `post` LIMIT 1 [ RunTime:0.000171s ]
[ sql ] [ SQL ] SELECT * FROM `post` ORDER BY `timestamp`  desc LIMIT 0,5 [ RunTime:0.000257s ]
---------------------------------------------------------------
[ 2018-05-10T19:08:49+08:00 ] 107.6.150.244 GET /
[ sql ] [ DB ] CONNECT:[ UseTime:0.000460s ] mysql:host=127.0.0.1;port=3306;dbname=database_01;charset=utf8
[ sql ] [ SQL ] select * from author [ RunTime:0.000317s ]
[ sql ] [ SQL ] select * from post order by post_click_count desc limit 5 [ RunTime:0.000329s ]
[ sql ] [ SQL ] select * from post where is_top = 1 order by timestamp desc limit 3 [ RunTime:0.000315s ]
[ sql ] [ SQL ] INSERT INTO visit (ip,visit_time,visit_posts,visit_author) VALUES(1795593972,'2018-05-10 19:08:49',NULL,0) [ RunTime:0.000300s ]
[ sql ] [ SQL ] select id from visit where visit_time = '2018-05-10 19:08:49' [ RunTime:0.000351s ]
[ sql ] [ SQL ] SHOW COLUMNS FROM `post` [ RunTime:0.000658s ]
[ sql ] [ SQL ] SELECT COUNT(*) AS tp_count FROM `post` LIMIT 1 [ RunTime:0.000174s ]
[ sql ] [ SQL ] SELECT * FROM `post` ORDER BY `timestamp`  desc LIMIT 0,5 [ RunTime:0.000271s ]
---------------------------------------------------------------
[ 2018-05-10T19:48:36+08:00 ] 189.235.109.77 GET /
[ sql ] [ DB ] CONNECT:[ UseTime:0.000583s ] mysql:host=127.0.0.1;port=3306;dbname=database_01;charset=utf8
[ sql ] [ SQL ] select * from author [ RunTime:0.000406s ]
[ sql ] [ SQL ] select * from post order by post_click_count desc limit 5 [ RunTime:0.000330s ]
[ sql ] [ SQL ] select * from post where is_top = 1 order by timestamp desc limit 3 [ RunTime:0.000330s ]
[ sql ] [ SQL ] INSERT INTO visit (ip,visit_time,visit_posts,visit_author) VALUES(3186322765,'2018-05-10 19:48:36',NULL,0) [ RunTime:0.000317s ]
[ sql ] [ SQL ] select id from visit where visit_time = '2018-05-10 19:48:36' [ RunTime:0.000343s ]
[ sql ] [ SQL ] SHOW COLUMNS FROM `post` [ RunTime:0.000651s ]
[ sql ] [ SQL ] SELECT COUNT(*) AS tp_count FROM `post` LIMIT 1 [ RunTime:0.000185s ]
[ sql ] [ SQL ] SELECT * FROM `post` ORDER BY `timestamp`  desc LIMIT 0,5 [ RunTime:0.000316s ]
---------------------------------------------------------------
[ 2018-05-10T20:17:01+08:00 ] 111.202.64.170 GET /
[ sql ] [ DB ] CONNECT:[ UseTime:0.000518s ] mysql:host=127.0.0.1;port=3306;dbname=database_01;charset=utf8
[ sql ] [ SQL ] select * from author [ RunTime:0.000327s ]
[ sql ] [ SQL ] select * from post order by post_click_count desc limit 5 [ RunTime:0.000347s ]
[ sql ] [ SQL ] select * from post where is_top = 1 order by timestamp desc limit 3 [ RunTime:0.000354s ]
[ sql ] [ SQL ] INSERT INTO visit (ip,visit_time,visit_posts,visit_author) VALUES(1875525802,'2018-05-10 20:17:01',NULL,0) [ RunTime:0.000282s ]
[ sql ] [ SQL ] select id from visit where visit_time = '2018-05-10 20:17:01' [ RunTime:0.000343s ]
[ sql ] [ SQL ] SHOW COLUMNS FROM `post` [ RunTime:0.000622s ]
[ sql ] [ SQL ] SELECT COUNT(*) AS tp_count FROM `post` LIMIT 1 [ RunTime:0.000176s ]
[ sql ] [ SQL ] SELECT * FROM `post` ORDER BY `timestamp`  desc LIMIT 0,5 [ RunTime:0.000274s ]
---------------------------------------------------------------
[ 2018-05-10T20:39:31+08:00 ] 189.175.215.99 GET /
[ sql ] [ DB ] CONNECT:[ UseTime:0.000585s ] mysql:host=127.0.0.1;port=3306;dbname=database_01;charset=utf8
[ sql ] [ SQL ] select * from author [ RunTime:0.000442s ]
[ sql ] [ SQL ] select * from post order by post_click_count desc limit 5 [ RunTime:0.000428s ]
[ sql ] [ SQL ] select * from post where is_top = 1 order by timestamp desc limit 3 [ RunTime:0.000409s ]
[ sql ] [ SQL ] INSERT INTO visit (ip,visit_time,visit_posts,visit_author) VALUES(3182417763,'2018-05-10 20:39:31',NULL,0) [ RunTime:0.000391s ]
[ sql ] [ SQL ] select id from visit where visit_time = '2018-05-10 20:39:31' [ RunTime:0.000473s ]
[ sql ] [ SQL ] SHOW COLUMNS FROM `post` [ RunTime:0.000683s ]
[ sql ] [ SQL ] SELECT COUNT(*) AS tp_count FROM `post` LIMIT 1 [ RunTime:0.000182s ]
[ sql ] [ SQL ] SELECT * FROM `post` ORDER BY `timestamp`  desc LIMIT 0,5 [ RunTime:0.000286s ]
---------------------------------------------------------------
[ 2018-05-10T21:19:31+08:00 ] 134.119.216.241 GET /
[ sql ] [ DB ] CONNECT:[ UseTime:0.000458s ] mysql:host=127.0.0.1;port=3306;dbname=database_01;charset=utf8
[ sql ] [ SQL ] select * from author [ RunTime:0.000349s ]
[ sql ] [ SQL ] select * from post order by post_click_count desc limit 5 [ RunTime:0.000319s ]
[ sql ] [ SQL ] select * from post where is_top = 1 order by timestamp desc limit 3 [ RunTime:0.000327s ]
[ sql ] [ SQL ] INSERT INTO visit (ip,visit_time,visit_posts,visit_author) VALUES(2256001265,'2018-05-10 21:19:31',NULL,0) [ RunTime:0.000311s ]
[ sql ] [ SQL ] select id from visit where visit_time = '2018-05-10 21:19:31' [ RunTime:0.000343s ]
[ sql ] [ SQL ] SHOW COLUMNS FROM `post` [ RunTime:0.000635s ]
[ sql ] [ SQL ] SELECT COUNT(*) AS tp_count FROM `post` LIMIT 1 [ RunTime:0.000190s ]
[ sql ] [ SQL ] SELECT * FROM `post` ORDER BY `timestamp`  desc LIMIT 0,5 [ RunTime:0.000262s ]
---------------------------------------------------------------
[ 2018-05-10T21:47:41+08:00 ] 123.151.42.61 GET http://www.baidu.com/
[ sql ] [ DB ] CONNECT:[ UseTime:0.000475s ] mysql:host=127.0.0.1;port=3306;dbname=database_01;charset=utf8
[ sql ] [ SQL ] select * from author [ RunTime:0.000307s ]
[ sql ] [ SQL ] select * from post order by post_click_count desc limit 5 [ RunTime:0.000378s ]
[ sql ] [ SQL ] select * from post where is_top = 1 order by timestamp desc limit 3 [ RunTime:0.000306s ]
[ sql ] [ SQL ] INSERT INTO visit (ip,visit_time,visit_posts,visit_author) VALUES(2073504317,'2018-05-10 21:47:41',NULL,0) [ RunTime:0.000265s ]
[ sql ] [ SQL ] select id from visit where visit_time = '2018-05-10 21:47:41' [ RunTime:0.000403s ]
[ sql ] [ SQL ] SHOW COLUMNS FROM `post` [ RunTime:0.000718s ]
[ sql ] [ SQL ] SELECT COUNT(*) AS tp_count FROM `post` LIMIT 1 [ RunTime:0.000168s ]
[ sql ] [ SQL ] SELECT * FROM `post` ORDER BY `timestamp`  desc LIMIT 0,5 [ RunTime:0.000263s ]
---------------------------------------------------------------
[ 2018-05-10T22:10:25+08:00 ] 187.136.47.11 GET /
[ sql ] [ DB ] CONNECT:[ UseTime:0.000494s ] mysql:host=127.0.0.1;port=3306;dbname=database_01;charset=utf8
[ sql ] [ SQL ] select * from author [ RunTime:0.000329s ]
[ sql ] [ SQL ] select * from post order by post_click_count desc limit 5 [ RunTime:0.000335s ]
[ sql ] [ SQL ] select * from post where is_top = 1 order by timestamp desc limit 3 [ RunTime:0.000348s ]
[ sql ] [ SQL ] INSERT INTO visit (ip,visit_time,visit_posts,visit_author) VALUES(3146264331,'2018-05-10 22:10:25',NULL,0) [ RunTime:0.000278s ]
[ sql ] [ SQL ] select id from visit where visit_time = '2018-05-10 22:10:25' [ RunTime:0.000340s ]
[ sql ] [ SQL ] SHOW COLUMNS FROM `post` [ RunTime:0.000615s ]
[ sql ] [ SQL ] SELECT COUNT(*) AS tp_count FROM `post` LIMIT 1 [ RunTime:0.000167s ]
[ sql ] [ SQL ] SELECT * FROM `post` ORDER BY `timestamp`  desc LIMIT 0,5 [ RunTime:0.000252s ]
---------------------------------------------------------------
[ 2018-05-10T22:29:17+08:00 ] 189.149.5.87 GET /
[ sql ] [ DB ] CONNECT:[ UseTime:0.000429s ] mysql:host=127.0.0.1;port=3306;dbname=database_01;charset=utf8
[ sql ] [ SQL ] select * from author [ RunTime:0.000321s ]
[ sql ] [ SQL ] select * from post order by post_click_count desc limit 5 [ RunTime:0.000322s ]
[ sql ] [ SQL ] select * from post where is_top = 1 order by timestamp desc limit 3 [ RunTime:0.000305s ]
[ sql ] [ SQL ] INSERT INTO visit (ip,visit_time,visit_posts,visit_author) VALUES(3180660055,'2018-05-10 22:29:17',NULL,0) [ RunTime:0.000270s ]
[ sql ] [ SQL ] select id from visit where visit_time = '2018-05-10 22:29:17' [ RunTime:0.000351s ]
[ sql ] [ SQL ] SHOW COLUMNS FROM `post` [ RunTime:0.000665s ]
[ sql ] [ SQL ] SELECT COUNT(*) AS tp_count FROM `post` LIMIT 1 [ RunTime:0.000168s ]
[ sql ] [ SQL ] SELECT * FROM `post` ORDER BY `timestamp`  desc LIMIT 0,5 [ RunTime:0.000252s ]
---------------------------------------------------------------
[ 2018-05-10T22:29:18+08:00 ] 189.149.5.87 GET /
[ sql ] [ DB ] CONNECT:[ UseTime:0.000446s ] mysql:host=127.0.0.1;port=3306;dbname=database_01;charset=utf8
[ sql ] [ SQL ] select * from author [ RunTime:0.000344s ]
[ sql ] [ SQL ] select * from post order by post_click_count desc limit 5 [ RunTime:0.000320s ]
[ sql ] [ SQL ] select * from post where is_top = 1 order by timestamp desc limit 3 [ RunTime:0.000343s ]
[ sql ] [ SQL ] INSERT INTO visit (ip,visit_time,visit_posts,visit_author) VALUES(3180660055,'2018-05-10 22:29:18',NULL,0) [ RunTime:0.000290s ]
[ sql ] [ SQL ] select id from visit where visit_time = '2018-05-10 22:29:18' [ RunTime:0.000342s ]
[ sql ] [ SQL ] SHOW COLUMNS FROM `post` [ RunTime:0.000626s ]
[ sql ] [ SQL ] SELECT COUNT(*) AS tp_count FROM `post` LIMIT 1 [ RunTime:0.000167s ]
[ sql ] [ SQL ] SELECT * FROM `post` ORDER BY `timestamp`  desc LIMIT 0,5 [ RunTime:0.000255s ]
---------------------------------------------------------------
[ 2018-05-10T22:42:04+08:00 ] 201.103.1.161 GET /
[ sql ] [ DB ] CONNECT:[ UseTime:0.000444s ] mysql:host=127.0.0.1;port=3306;dbname=database_01;charset=utf8
[ sql ] [ SQL ] select * from author [ RunTime:0.000319s ]
[ sql ] [ SQL ] select * from post order by post_click_count desc limit 5 [ RunTime:0.000316s ]
[ sql ] [ SQL ] select * from post where is_top = 1 order by timestamp desc limit 3 [ RunTime:0.000303s ]
[ sql ] [ SQL ] INSERT INTO visit (ip,visit_time,visit_posts,visit_author) VALUES(3378971041,'2018-05-10 22:42:04',NULL,0) [ RunTime:0.000312s ]
[ sql ] [ SQL ] select id from visit where visit_time = '2018-05-10 22:42:04' [ RunTime:0.000335s ]
[ sql ] [ SQL ] SHOW COLUMNS FROM `post` [ RunTime:0.000634s ]
[ sql ] [ SQL ] SELECT COUNT(*) AS tp_count FROM `post` LIMIT 1 [ RunTime:0.000165s ]
[ sql ] [ SQL ] SELECT * FROM `post` ORDER BY `timestamp`  desc LIMIT 0,5 [ RunTime:0.000264s ]
---------------------------------------------------------------
[ 2018-05-10T22:45:37+08:00 ] 189.159.14.171 GET /
[ sql ] [ DB ] CONNECT:[ UseTime:0.000463s ] mysql:host=127.0.0.1;port=3306;dbname=database_01;charset=utf8
[ sql ] [ SQL ] select * from author [ RunTime:0.000364s ]
[ sql ] [ SQL ] select * from post order by post_click_count desc limit 5 [ RunTime:0.000328s ]
[ sql ] [ SQL ] select * from post where is_top = 1 order by timestamp desc limit 3 [ RunTime:0.000369s ]
[ sql ] [ SQL ] INSERT INTO visit (ip,visit_time,visit_posts,visit_author) VALUES(3181317803,'2018-05-10 22:45:37',NULL,0) [ RunTime:0.000275s ]
[ sql ] [ SQL ] select id from visit where visit_time = '2018-05-10 22:45:37' [ RunTime:0.000346s ]
[ sql ] [ SQL ] SHOW COLUMNS FROM `post` [ RunTime:0.000682s ]
[ sql ] [ SQL ] SELECT COUNT(*) AS tp_count FROM `post` LIMIT 1 [ RunTime:0.000174s ]
[ sql ] [ SQL ] SELECT * FROM `post` ORDER BY `timestamp`  desc LIMIT 0,5 [ RunTime:0.000280s ]
---------------------------------------------------------------
[ 2018-05-10T22:47:41+08:00 ] 187.207.85.20 GET /
[ sql ] [ DB ] CONNECT:[ UseTime:0.000427s ] mysql:host=127.0.0.1;port=3306;dbname=database_01;charset=utf8
[ sql ] [ SQL ] select * from author [ RunTime:0.000332s ]
[ sql ] [ SQL ] select * from post order by post_click_count desc limit 5 [ RunTime:0.000307s ]
[ sql ] [ SQL ] select * from post where is_top = 1 order by timestamp desc limit 3 [ RunTime:0.000304s ]
[ sql ] [ SQL ] INSERT INTO visit (ip,visit_time,visit_posts,visit_author) VALUES(3150927124,'2018-05-10 22:47:41',NULL,0) [ RunTime:0.000287s ]
[ sql ] [ SQL ] select id from visit where visit_time = '2018-05-10 22:47:41' [ RunTime:0.000340s ]
[ sql ] [ SQL ] SHOW COLUMNS FROM `post` [ RunTime:0.000654s ]
[ sql ] [ SQL ] SELECT COUNT(*) AS tp_count FROM `post` LIMIT 1 [ RunTime:0.000169s ]
[ sql ] [ SQL ] SELECT * FROM `post` ORDER BY `timestamp`  desc LIMIT 0,5 [ RunTime:0.000266s ]
---------------------------------------------------------------
[ 2018-05-10T22:48:47+08:00 ] 189.163.130.250 GET /
[ sql ] [ DB ] CONNECT:[ UseTime:0.000527s ] mysql:host=127.0.0.1;port=3306;dbname=database_01;charset=utf8
[ sql ] [ SQL ] select * from author [ RunTime:0.000321s ]
[ sql ] [ SQL ] select * from post order by post_click_count desc limit 5 [ RunTime:0.000384s ]
[ sql ] [ SQL ] select * from post where is_top = 1 order by timestamp desc limit 3 [ RunTime:0.000317s ]
[ sql ] [ SQL ] INSERT INTO visit (ip,visit_time,visit_posts,visit_author) VALUES(3181609722,'2018-05-10 22:48:47',NULL,0) [ RunTime:0.000282s ]
[ sql ] [ SQL ] select id from visit where visit_time = '2018-05-10 22:48:47' [ RunTime:0.000430s ]
[ sql ] [ SQL ] SHOW COLUMNS FROM `post` [ RunTime:0.000705s ]
[ sql ] [ SQL ] SELECT COUNT(*) AS tp_count FROM `post` LIMIT 1 [ RunTime:0.000176s ]
[ sql ] [ SQL ] SELECT * FROM `post` ORDER BY `timestamp`  desc LIMIT 0,5 [ RunTime:0.000263s ]
---------------------------------------------------------------
[ 2018-05-10T23:01:50+08:00 ] 189.236.1.222 GET /
[ sql ] [ DB ] CONNECT:[ UseTime:0.000458s ] mysql:host=127.0.0.1;port=3306;dbname=database_01;charset=utf8
[ sql ] [ SQL ] select * from author [ RunTime:0.000312s ]
[ sql ] [ SQL ] select * from post order by post_click_count desc limit 5 [ RunTime:0.000400s ]
[ sql ] [ SQL ] select * from post where is_top = 1 order by timestamp desc limit 3 [ RunTime:0.000310s ]
[ sql ] [ SQL ] INSERT INTO visit (ip,visit_time,visit_posts,visit_author) VALUES(3186360798,'2018-05-10 23:01:50',NULL,0) [ RunTime:0.001394s ]
[ sql ] [ SQL ] select id from visit where visit_time = '2018-05-10 23:01:50' [ RunTime:0.000353s ]
[ sql ] [ SQL ] SHOW COLUMNS FROM `post` [ RunTime:0.000634s ]
[ sql ] [ SQL ] SELECT COUNT(*) AS tp_count FROM `post` LIMIT 1 [ RunTime:0.000172s ]
[ sql ] [ SQL ] SELECT * FROM `post` ORDER BY `timestamp`  desc LIMIT 0,5 [ RunTime:0.000311s ]
---------------------------------------------------------------
[ 2018-05-10T23:01:51+08:00 ] 189.236.1.222 GET /
[ sql ] [ DB ] CONNECT:[ UseTime:0.000445s ] mysql:host=127.0.0.1;port=3306;dbname=database_01;charset=utf8
[ sql ] [ SQL ] select * from author [ RunTime:0.000311s ]
[ sql ] [ SQL ] select * from post order by post_click_count desc limit 5 [ RunTime:0.000313s ]
[ sql ] [ SQL ] select * from post where is_top = 1 order by timestamp desc limit 3 [ RunTime:0.000346s ]
[ sql ] [ SQL ] INSERT INTO visit (ip,visit_time,visit_posts,visit_author) VALUES(3186360798,'2018-05-10 23:01:51',NULL,0) [ RunTime:0.000275s ]
[ sql ] [ SQL ] select id from visit where visit_time = '2018-05-10 23:01:51' [ RunTime:0.000337s ]
[ sql ] [ SQL ] SHOW COLUMNS FROM `post` [ RunTime:0.001227s ]
[ sql ] [ SQL ] SELECT COUNT(*) AS tp_count FROM `post` LIMIT 1 [ RunTime:0.000362s ]
[ sql ] [ SQL ] SELECT * FROM `post` ORDER BY `timestamp`  desc LIMIT 0,5 [ RunTime:0.000663s ]
---------------------------------------------------------------
[ 2018-05-10T23:01:51+08:00 ] 189.236.1.222 GET /
[ sql ] [ DB ] CONNECT:[ UseTime:0.000301s ] mysql:host=127.0.0.1;port=3306;dbname=database_01;charset=utf8
[ sql ] [ SQL ] select * from author [ RunTime:0.000219s ]
[ sql ] [ SQL ] select * from post order by post_click_count desc limit 5 [ RunTime:0.000269s ]
[ sql ] [ SQL ] select * from post where is_top = 1 order by timestamp desc limit 3 [ RunTime:0.000297s ]
[ sql ] [ SQL ] INSERT INTO visit (ip,visit_time,visit_posts,visit_author) VALUES(3186360798,'2018-05-10 23:01:51',NULL,0) [ RunTime:0.000211s ]
[ sql ] [ SQL ] select id from visit where visit_time = '2018-05-10 23:01:51' [ RunTime:0.000538s ]
[ sql ] [ SQL ] SHOW COLUMNS FROM `post` [ RunTime:0.001528s ]
[ sql ] [ SQL ] SELECT COUNT(*) AS tp_count FROM `post` LIMIT 1 [ RunTime:0.000936s ]
[ sql ] [ SQL ] SELECT * FROM `post` ORDER BY `timestamp`  desc LIMIT 0,5 [ RunTime:0.000273s ]
---------------------------------------------------------------
[ 2018-05-10T23:16:58+08:00 ] 189.175.215.0 GET /
[ sql ] [ DB ] CONNECT:[ UseTime:0.000438s ] mysql:host=127.0.0.1;port=3306;dbname=database_01;charset=utf8
[ sql ] [ SQL ] select * from author [ RunTime:0.000303s ]
[ sql ] [ SQL ] select * from post order by post_click_count desc limit 5 [ RunTime:0.000401s ]
[ sql ] [ SQL ] select * from post where is_top = 1 order by timestamp desc limit 3 [ RunTime:0.000318s ]
[ sql ] [ SQL ] INSERT INTO visit (ip,visit_time,visit_posts,visit_author) VALUES(3182417664,'2018-05-10 23:16:58',NULL,0) [ RunTime:0.000281s ]
[ sql ] [ SQL ] select id from visit where visit_time = '2018-05-10 23:16:58' [ RunTime:0.000332s ]
[ sql ] [ SQL ] SHOW COLUMNS FROM `post` [ RunTime:0.000617s ]
[ sql ] [ SQL ] SELECT COUNT(*) AS tp_count FROM `post` LIMIT 1 [ RunTime:0.000166s ]
[ sql ] [ SQL ] SELECT * FROM `post` ORDER BY `timestamp`  desc LIMIT 0,5 [ RunTime:0.000250s ]
---------------------------------------------------------------
[ 2018-05-10T23:35:15+08:00 ] 190.94.148.220 GET /
[ sql ] [ DB ] CONNECT:[ UseTime:0.000429s ] mysql:host=127.0.0.1;port=3306;dbname=database_01;charset=utf8
[ sql ] [ SQL ] select * from author [ RunTime:0.000340s ]
[ sql ] [ SQL ] select * from post order by post_click_count desc limit 5 [ RunTime:0.000330s ]
[ sql ] [ SQL ] select * from post where is_top = 1 order by timestamp desc limit 3 [ RunTime:0.000322s ]
[ sql ] [ SQL ] INSERT INTO visit (ip,visit_time,visit_posts,visit_author) VALUES(3193869532,'2018-05-10 23:35:15',NULL,0) [ RunTime:0.000307s ]
[ sql ] [ SQL ] select id from visit where visit_time = '2018-05-10 23:35:15' [ RunTime:0.000363s ]
[ sql ] [ SQL ] SHOW COLUMNS FROM `post` [ RunTime:0.000654s ]
[ sql ] [ SQL ] SELECT COUNT(*) AS tp_count FROM `post` LIMIT 1 [ RunTime:0.000174s ]
[ sql ] [ SQL ] SELECT * FROM `post` ORDER BY `timestamp`  desc LIMIT 0,5 [ RunTime:0.000321s ]
