---------------------------------------------------------------
[ 2018-05-15T00:26:10+08:00 ] 47.52.210.105 GET /
[ sql ] [ DB ] CONNECT:[ UseTime:0.000432s ] mysql:host=127.0.0.1;port=3306;dbname=database_01;charset=utf8
[ sql ] [ SQL ] select * from author [ RunTime:0.000388s ]
[ sql ] [ SQL ] select * from post order by post_click_count desc limit 5 [ RunTime:0.000316s ]
[ sql ] [ SQL ] select * from post where is_top = 1 order by timestamp desc limit 3 [ RunTime:0.000375s ]
[ sql ] [ SQL ] INSERT INTO visit (ip,visit_time,visit_posts,visit_author) VALUES(791990889,'2018-05-15 00:26:10',NULL,0) [ RunTime:0.000277s ]
[ sql ] [ SQL ] select id from visit where visit_time = '2018-05-15 00:26:10' [ RunTime:0.000456s ]
[ sql ] [ SQL ] SHOW COLUMNS FROM `post` [ RunTime:0.000617s ]
[ sql ] [ SQL ] SELECT COUNT(*) AS tp_count FROM `post` LIMIT 1 [ RunTime:0.000189s ]
[ sql ] [ SQL ] SELECT * FROM `post` ORDER BY `timestamp`  desc LIMIT 0,5 [ RunTime:0.000285s ]
---------------------------------------------------------------
[ 2018-05-15T01:38:53+08:00 ] 119.23.139.140 GET /
[ sql ] [ DB ] CONNECT:[ UseTime:0.000466s ] mysql:host=127.0.0.1;port=3306;dbname=database_01;charset=utf8
[ sql ] [ SQL ] select * from author [ RunTime:0.000313s ]
[ sql ] [ SQL ] select * from post order by post_click_count desc limit 5 [ RunTime:0.000312s ]
[ sql ] [ SQL ] select * from post where is_top = 1 order by timestamp desc limit 3 [ RunTime:0.000367s ]
[ sql ] [ SQL ] INSERT INTO visit (ip,visit_time,visit_posts,visit_author) VALUES(1998031756,'2018-05-15 01:38:53',NULL,0) [ RunTime:0.000279s ]
[ sql ] [ SQL ] select id from visit where visit_time = '2018-05-15 01:38:53' [ RunTime:0.000479s ]
[ sql ] [ SQL ] SHOW COLUMNS FROM `post` [ RunTime:0.000617s ]
[ sql ] [ SQL ] SELECT COUNT(*) AS tp_count FROM `post` LIMIT 1 [ RunTime:0.000174s ]
[ sql ] [ SQL ] SELECT * FROM `post` ORDER BY `timestamp`  desc LIMIT 0,5 [ RunTime:0.000274s ]
---------------------------------------------------------------
[ 2018-05-15T01:48:29+08:00 ] 83.69.217.78 GET /
[ sql ] [ DB ] CONNECT:[ UseTime:0.000446s ] mysql:host=127.0.0.1;port=3306;dbname=database_01;charset=utf8
[ sql ] [ SQL ] select * from author [ RunTime:0.000321s ]
[ sql ] [ SQL ] select * from post order by post_click_count desc limit 5 [ RunTime:0.000322s ]
[ sql ] [ SQL ] select * from post where is_top = 1 order by timestamp desc limit 3 [ RunTime:0.000305s ]
[ sql ] [ SQL ] INSERT INTO visit (ip,visit_time,visit_posts,visit_author) VALUES(1397086542,'2018-05-15 01:48:29',NULL,0) [ RunTime:0.000288s ]
[ sql ] [ SQL ] select id from visit where visit_time = '2018-05-15 01:48:29' [ RunTime:0.000487s ]
[ sql ] [ SQL ] SHOW COLUMNS FROM `post` [ RunTime:0.000635s ]
[ sql ] [ SQL ] SELECT COUNT(*) AS tp_count FROM `post` LIMIT 1 [ RunTime:0.000171s ]
[ sql ] [ SQL ] SELECT * FROM `post` ORDER BY `timestamp`  desc LIMIT 0,5 [ RunTime:0.000268s ]
---------------------------------------------------------------
[ 2018-05-15T02:18:03+08:00 ] 123.151.42.61 GET http://www.baidu.com/
[ sql ] [ DB ] CONNECT:[ UseTime:0.000479s ] mysql:host=127.0.0.1;port=3306;dbname=database_01;charset=utf8
[ sql ] [ SQL ] select * from author [ RunTime:0.000395s ]
[ sql ] [ SQL ] select * from post order by post_click_count desc limit 5 [ RunTime:0.000324s ]
[ sql ] [ SQL ] select * from post where is_top = 1 order by timestamp desc limit 3 [ RunTime:0.000311s ]
[ sql ] [ SQL ] INSERT INTO visit (ip,visit_time,visit_posts,visit_author) VALUES(2073504317,'2018-05-15 02:18:03',NULL,0) [ RunTime:0.000276s ]
[ sql ] [ SQL ] select id from visit where visit_time = '2018-05-15 02:18:03' [ RunTime:0.000477s ]
[ sql ] [ SQL ] SHOW COLUMNS FROM `post` [ RunTime:0.000648s ]
[ sql ] [ SQL ] SELECT COUNT(*) AS tp_count FROM `post` LIMIT 1 [ RunTime:0.000173s ]
[ sql ] [ SQL ] SELECT * FROM `post` ORDER BY `timestamp`  desc LIMIT 0,5 [ RunTime:0.000260s ]
---------------------------------------------------------------
[ 2018-05-15T02:25:12+08:00 ] 120.25.120.16 GET /
[ sql ] [ DB ] CONNECT:[ UseTime:0.000438s ] mysql:host=127.0.0.1;port=3306;dbname=database_01;charset=utf8
[ sql ] [ SQL ] select * from author [ RunTime:0.000349s ]
[ sql ] [ SQL ] select * from post order by post_click_count desc limit 5 [ RunTime:0.000328s ]
[ sql ] [ SQL ] select * from post where is_top = 1 order by timestamp desc limit 3 [ RunTime:0.000333s ]
[ sql ] [ SQL ] INSERT INTO visit (ip,visit_time,visit_posts,visit_author) VALUES(2014935056,'2018-05-15 02:25:12',NULL,0) [ RunTime:0.000284s ]
[ sql ] [ SQL ] select id from visit where visit_time = '2018-05-15 02:25:12' [ RunTime:0.000462s ]
[ sql ] [ SQL ] SHOW COLUMNS FROM `post` [ RunTime:0.000653s ]
[ sql ] [ SQL ] SELECT COUNT(*) AS tp_count FROM `post` LIMIT 1 [ RunTime:0.000209s ]
[ sql ] [ SQL ] SELECT * FROM `post` ORDER BY `timestamp`  desc LIMIT 0,5 [ RunTime:0.000274s ]
---------------------------------------------------------------
[ 2018-05-15T05:12:48+08:00 ] 120.55.81.217 GET /
[ sql ] [ DB ] CONNECT:[ UseTime:0.000451s ] mysql:host=127.0.0.1;port=3306;dbname=database_01;charset=utf8
[ sql ] [ SQL ] select * from author [ RunTime:0.000356s ]
[ sql ] [ SQL ] select * from post order by post_click_count desc limit 5 [ RunTime:0.000314s ]
[ sql ] [ SQL ] select * from post where is_top = 1 order by timestamp desc limit 3 [ RunTime:0.000326s ]
[ sql ] [ SQL ] INSERT INTO visit (ip,visit_time,visit_posts,visit_author) VALUES(2016891353,'2018-05-15 05:12:48',NULL,0) [ RunTime:0.000286s ]
[ sql ] [ SQL ] select id from visit where visit_time = '2018-05-15 05:12:48' [ RunTime:0.000452s ]
[ sql ] [ SQL ] SHOW COLUMNS FROM `post` [ RunTime:0.000672s ]
[ sql ] [ SQL ] SELECT COUNT(*) AS tp_count FROM `post` LIMIT 1 [ RunTime:0.000174s ]
[ sql ] [ SQL ] SELECT * FROM `post` ORDER BY `timestamp`  desc LIMIT 0,5 [ RunTime:0.000271s ]
---------------------------------------------------------------
[ 2018-05-15T05:15:00+08:00 ] 201.219.198.66 GET /
[ sql ] [ DB ] CONNECT:[ UseTime:0.000429s ] mysql:host=127.0.0.1;port=3306;dbname=database_01;charset=utf8
[ sql ] [ SQL ] select * from author [ RunTime:0.000317s ]
[ sql ] [ SQL ] select * from post order by post_click_count desc limit 5 [ RunTime:0.000316s ]
[ sql ] [ SQL ] select * from post where is_top = 1 order by timestamp desc limit 3 [ RunTime:0.000311s ]
[ sql ] [ SQL ] INSERT INTO visit (ip,visit_time,visit_posts,visit_author) VALUES(3386623554,'2018-05-15 05:15:00',NULL,0) [ RunTime:0.000277s ]
[ sql ] [ SQL ] select id from visit where visit_time = '2018-05-15 05:15:00' [ RunTime:0.000447s ]
[ sql ] [ SQL ] SHOW COLUMNS FROM `post` [ RunTime:0.000608s ]
[ sql ] [ SQL ] SELECT COUNT(*) AS tp_count FROM `post` LIMIT 1 [ RunTime:0.000177s ]
[ sql ] [ SQL ] SELECT * FROM `post` ORDER BY `timestamp`  desc LIMIT 0,5 [ RunTime:0.000276s ]
---------------------------------------------------------------
[ 2018-05-15T05:46:03+08:00 ] 31.184.193.154 GET /
[ sql ] [ DB ] CONNECT:[ UseTime:0.000442s ] mysql:host=127.0.0.1;port=3306;dbname=database_01;charset=utf8
[ sql ] [ SQL ] select * from author [ RunTime:0.000328s ]
[ sql ] [ SQL ] select * from post order by post_click_count desc limit 5 [ RunTime:0.000400s ]
[ sql ] [ SQL ] select * from post where is_top = 1 order by timestamp desc limit 3 [ RunTime:0.000333s ]
[ sql ] [ SQL ] INSERT INTO visit (ip,visit_time,visit_posts,visit_author) VALUES(532201882,'2018-05-15 05:46:03',NULL,0) [ RunTime:0.000295s ]
[ sql ] [ SQL ] select id from visit where visit_time = '2018-05-15 05:46:03' [ RunTime:0.000456s ]
[ sql ] [ SQL ] SHOW COLUMNS FROM `post` [ RunTime:0.000622s ]
[ sql ] [ SQL ] SELECT COUNT(*) AS tp_count FROM `post` LIMIT 1 [ RunTime:0.000190s ]
[ sql ] [ SQL ] SELECT * FROM `post` ORDER BY `timestamp`  desc LIMIT 0,5 [ RunTime:0.000262s ]
---------------------------------------------------------------
[ 2018-05-15T05:58:10+08:00 ] 103.59.198.166 GET /
[ sql ] [ DB ] CONNECT:[ UseTime:0.000442s ] mysql:host=127.0.0.1;port=3306;dbname=database_01;charset=utf8
[ sql ] [ SQL ] select * from author [ RunTime:0.000326s ]
[ sql ] [ SQL ] select * from post order by post_click_count desc limit 5 [ RunTime:0.000316s ]
[ sql ] [ SQL ] select * from post where is_top = 1 order by timestamp desc limit 3 [ RunTime:0.000308s ]
[ sql ] [ SQL ] INSERT INTO visit (ip,visit_time,visit_posts,visit_author) VALUES(1731970726,'2018-05-15 05:58:10',NULL,0) [ RunTime:0.000287s ]
[ sql ] [ SQL ] select id from visit where visit_time = '2018-05-15 05:58:10' [ RunTime:0.000473s ]
[ sql ] [ SQL ] SHOW COLUMNS FROM `post` [ RunTime:0.000627s ]
[ sql ] [ SQL ] SELECT COUNT(*) AS tp_count FROM `post` LIMIT 1 [ RunTime:0.000183s ]
[ sql ] [ SQL ] SELECT * FROM `post` ORDER BY `timestamp`  desc LIMIT 0,5 [ RunTime:0.000287s ]
---------------------------------------------------------------
[ 2018-05-15T06:11:47+08:00 ] 176.122.118.215 GET /
[ sql ] [ DB ] CONNECT:[ UseTime:0.000481s ] mysql:host=127.0.0.1;port=3306;dbname=database_01;charset=utf8
[ sql ] [ SQL ] select * from author [ RunTime:0.000323s ]
[ sql ] [ SQL ] select * from post order by post_click_count desc limit 5 [ RunTime:0.000308s ]
[ sql ] [ SQL ] select * from post where is_top = 1 order by timestamp desc limit 3 [ RunTime:0.000308s ]
[ sql ] [ SQL ] INSERT INTO visit (ip,visit_time,visit_posts,visit_author) VALUES(2960815831,'2018-05-15 06:11:47',NULL,0) [ RunTime:0.000278s ]
[ sql ] [ SQL ] select id from visit where visit_time = '2018-05-15 06:11:47' [ RunTime:0.000463s ]
[ sql ] [ SQL ] SHOW COLUMNS FROM `post` [ RunTime:0.000630s ]
[ sql ] [ SQL ] SELECT COUNT(*) AS tp_count FROM `post` LIMIT 1 [ RunTime:0.000188s ]
[ sql ] [ SQL ] SELECT * FROM `post` ORDER BY `timestamp`  desc LIMIT 0,5 [ RunTime:0.000269s ]
---------------------------------------------------------------
[ 2018-05-15T06:27:35+08:00 ] 210.57.214.11 GET /
[ sql ] [ DB ] CONNECT:[ UseTime:0.000953s ] mysql:host=127.0.0.1;port=3306;dbname=database_01;charset=utf8
[ sql ] [ SQL ] select * from author [ RunTime:0.000367s ]
[ sql ] [ SQL ] select * from post order by post_click_count desc limit 5 [ RunTime:0.000306s ]
[ sql ] [ SQL ] select * from post where is_top = 1 order by timestamp desc limit 3 [ RunTime:0.000304s ]
[ sql ] [ SQL ] INSERT INTO visit (ip,visit_time,visit_posts,visit_author) VALUES(3527005707,'2018-05-15 06:27:35',NULL,0) [ RunTime:0.000315s ]
[ sql ] [ SQL ] select id from visit where visit_time = '2018-05-15 06:27:35' [ RunTime:0.000450s ]
[ sql ] [ SQL ] SHOW COLUMNS FROM `post` [ RunTime:0.000733s ]
[ sql ] [ SQL ] SELECT COUNT(*) AS tp_count FROM `post` LIMIT 1 [ RunTime:0.000188s ]
[ sql ] [ SQL ] SELECT * FROM `post` ORDER BY `timestamp`  desc LIMIT 0,5 [ RunTime:0.000274s ]
---------------------------------------------------------------
[ 2018-05-15T06:38:55+08:00 ] 115.87.26.89 GET /
[ sql ] [ DB ] CONNECT:[ UseTime:0.000506s ] mysql:host=127.0.0.1;port=3306;dbname=database_01;charset=utf8
[ sql ] [ SQL ] select * from author [ RunTime:0.000437s ]
[ sql ] [ SQL ] select * from post order by post_click_count desc limit 5 [ RunTime:0.000330s ]
[ sql ] [ SQL ] select * from post where is_top = 1 order by timestamp desc limit 3 [ RunTime:0.000310s ]
[ sql ] [ SQL ] INSERT INTO visit (ip,visit_time,visit_posts,visit_author) VALUES(1935088217,'2018-05-15 06:38:55',NULL,0) [ RunTime:0.000269s ]
[ sql ] [ SQL ] select id from visit where visit_time = '2018-05-15 06:38:55' [ RunTime:0.000464s ]
[ sql ] [ SQL ] SHOW COLUMNS FROM `post` [ RunTime:0.000630s ]
[ sql ] [ SQL ] SELECT COUNT(*) AS tp_count FROM `post` LIMIT 1 [ RunTime:0.000186s ]
[ sql ] [ SQL ] SELECT * FROM `post` ORDER BY `timestamp`  desc LIMIT 0,5 [ RunTime:0.000266s ]
---------------------------------------------------------------
[ 2018-05-15T07:32:49+08:00 ] 116.62.4.249 GET /
[ sql ] [ DB ] CONNECT:[ UseTime:0.000512s ] mysql:host=127.0.0.1;port=3306;dbname=database_01;charset=utf8
[ sql ] [ SQL ] select * from author [ RunTime:0.000313s ]
[ sql ] [ SQL ] select * from post order by post_click_count desc limit 5 [ RunTime:0.000327s ]
[ sql ] [ SQL ] select * from post where is_top = 1 order by timestamp desc limit 3 [ RunTime:0.000327s ]
[ sql ] [ SQL ] INSERT INTO visit (ip,visit_time,visit_posts,visit_author) VALUES(1950221561,'2018-05-15 07:32:49',NULL,0) [ RunTime:0.000279s ]
[ sql ] [ SQL ] select id from visit where visit_time = '2018-05-15 07:32:49' [ RunTime:0.000482s ]
[ sql ] [ SQL ] SHOW COLUMNS FROM `post` [ RunTime:0.000645s ]
[ sql ] [ SQL ] SELECT COUNT(*) AS tp_count FROM `post` LIMIT 1 [ RunTime:0.000174s ]
[ sql ] [ SQL ] SELECT * FROM `post` ORDER BY `timestamp`  desc LIMIT 0,5 [ RunTime:0.000272s ]
---------------------------------------------------------------
[ 2018-05-15T07:36:00+08:00 ] 189.78.107.78 GET /
[ sql ] [ DB ] CONNECT:[ UseTime:0.000495s ] mysql:host=127.0.0.1;port=3306;dbname=database_01;charset=utf8
[ sql ] [ SQL ] select * from author [ RunTime:0.000334s ]
[ sql ] [ SQL ] select * from post order by post_click_count desc limit 5 [ RunTime:0.000361s ]
[ sql ] [ SQL ] select * from post where is_top = 1 order by timestamp desc limit 3 [ RunTime:0.000315s ]
[ sql ] [ SQL ] INSERT INTO visit (ip,visit_time,visit_posts,visit_author) VALUES(3176033102,'2018-05-15 07:36:00',NULL,0) [ RunTime:0.000291s ]
[ sql ] [ SQL ] select id from visit where visit_time = '2018-05-15 07:36:00' [ RunTime:0.000476s ]
[ sql ] [ SQL ] SHOW COLUMNS FROM `post` [ RunTime:0.000639s ]
[ sql ] [ SQL ] SELECT COUNT(*) AS tp_count FROM `post` LIMIT 1 [ RunTime:0.000176s ]
[ sql ] [ SQL ] SELECT * FROM `post` ORDER BY `timestamp`  desc LIMIT 0,5 [ RunTime:0.000277s ]
---------------------------------------------------------------
[ 2018-05-15T08:36:39+08:00 ] 171.13.14.12 CONNECT 133.130.126.119:43
[ sql ] [ DB ] CONNECT:[ UseTime:0.000495s ] mysql:host=127.0.0.1;port=3306;dbname=database_01;charset=utf8
[ sql ] [ SQL ] select * from author [ RunTime:0.000314s ]
[ sql ] [ SQL ] select * from post order by post_click_count desc limit 5 [ RunTime:0.000314s ]
[ sql ] [ SQL ] select * from post where is_top = 1 order by timestamp desc limit 3 [ RunTime:0.000324s ]
[ sql ] [ SQL ] INSERT INTO visit (ip,visit_time,visit_posts,visit_author) VALUES(2869759500,'2018-05-15 08:36:39',NULL,0) [ RunTime:0.000275s ]
[ sql ] [ SQL ] select id from visit where visit_time = '2018-05-15 08:36:39' [ RunTime:0.000455s ]
[ sql ] [ SQL ] SHOW COLUMNS FROM `post` [ RunTime:0.000661s ]
[ sql ] [ SQL ] SELECT COUNT(*) AS tp_count FROM `post` LIMIT 1 [ RunTime:0.000186s ]
[ sql ] [ SQL ] SELECT * FROM `post` ORDER BY `timestamp`  desc LIMIT 0,5 [ RunTime:0.000269s ]
---------------------------------------------------------------
[ 2018-05-15T09:49:14+08:00 ] 43.225.192.50 GET /
[ sql ] [ DB ] CONNECT:[ UseTime:0.000514s ] mysql:host=127.0.0.1;port=3306;dbname=database_01;charset=utf8
[ sql ] [ SQL ] select * from author [ RunTime:0.000349s ]
[ sql ] [ SQL ] select * from post order by post_click_count desc limit 5 [ RunTime:0.000326s ]
[ sql ] [ SQL ] select * from post where is_top = 1 order by timestamp desc limit 3 [ RunTime:0.000365s ]
[ sql ] [ SQL ] INSERT INTO visit (ip,visit_time,visit_posts,visit_author) VALUES(736215090,'2018-05-15 09:49:14',NULL,0) [ RunTime:0.000271s ]
[ sql ] [ SQL ] select id from visit where visit_time = '2018-05-15 09:49:14' [ RunTime:0.000471s ]
[ sql ] [ SQL ] SHOW COLUMNS FROM `post` [ RunTime:0.000632s ]
[ sql ] [ SQL ] SELECT COUNT(*) AS tp_count FROM `post` LIMIT 1 [ RunTime:0.000191s ]
[ sql ] [ SQL ] SELECT * FROM `post` ORDER BY `timestamp`  desc LIMIT 0,5 [ RunTime:0.000282s ]
---------------------------------------------------------------
[ 2018-05-15T10:38:46+08:00 ] 201.103.118.229 GET /
[ sql ] [ DB ] CONNECT:[ UseTime:0.000424s ] mysql:host=127.0.0.1;port=3306;dbname=database_01;charset=utf8
[ sql ] [ SQL ] select * from author [ RunTime:0.000314s ]
[ sql ] [ SQL ] select * from post order by post_click_count desc limit 5 [ RunTime:0.000296s ]
[ sql ] [ SQL ] select * from post where is_top = 1 order by timestamp desc limit 3 [ RunTime:0.000289s ]
[ sql ] [ SQL ] INSERT INTO visit (ip,visit_time,visit_posts,visit_author) VALUES(3379001061,'2018-05-15 10:38:46',NULL,0) [ RunTime:0.000274s ]
[ sql ] [ SQL ] select id from visit where visit_time = '2018-05-15 10:38:46' [ RunTime:0.000329s ]
[ sql ] [ SQL ] SHOW COLUMNS FROM `post` [ RunTime:0.000581s ]
[ sql ] [ SQL ] SELECT COUNT(*) AS tp_count FROM `post` LIMIT 1 [ RunTime:0.000164s ]
[ sql ] [ SQL ] SELECT * FROM `post` ORDER BY `timestamp`  desc LIMIT 0,5 [ RunTime:0.000278s ]
---------------------------------------------------------------
[ 2018-05-15T11:34:22+08:00 ] 185.83.185.124 GET /
[ sql ] [ DB ] CONNECT:[ UseTime:0.000474s ] mysql:host=127.0.0.1;port=3306;dbname=database_01;charset=utf8
[ sql ] [ SQL ] select * from author [ RunTime:0.000335s ]
[ sql ] [ SQL ] select * from post order by post_click_count desc limit 5 [ RunTime:0.000311s ]
[ sql ] [ SQL ] select * from post where is_top = 1 order by timestamp desc limit 3 [ RunTime:0.000297s ]
[ sql ] [ SQL ] INSERT INTO visit (ip,visit_time,visit_posts,visit_author) VALUES(3109271932,'2018-05-15 11:34:22',NULL,0) [ RunTime:0.000283s ]
[ sql ] [ SQL ] select id from visit where visit_time = '2018-05-15 11:34:22' [ RunTime:0.000474s ]
[ sql ] [ SQL ] SHOW COLUMNS FROM `post` [ RunTime:0.000621s ]
[ sql ] [ SQL ] SELECT COUNT(*) AS tp_count FROM `post` LIMIT 1 [ RunTime:0.000180s ]
[ sql ] [ SQL ] SELECT * FROM `post` ORDER BY `timestamp`  desc LIMIT 0,5 [ RunTime:0.000271s ]
---------------------------------------------------------------
[ 2018-05-15T11:34:30+08:00 ] 185.83.185.124 GET /
[ sql ] [ DB ] CONNECT:[ UseTime:0.000498s ] mysql:host=127.0.0.1;port=3306;dbname=database_01;charset=utf8
[ sql ] [ SQL ] select * from author [ RunTime:0.000397s ]
[ sql ] [ SQL ] select * from post order by post_click_count desc limit 5 [ RunTime:0.000335s ]
[ sql ] [ SQL ] select * from post where is_top = 1 order by timestamp desc limit 3 [ RunTime:0.000332s ]
[ sql ] [ SQL ] INSERT INTO visit (ip,visit_time,visit_posts,visit_author) VALUES(3109271932,'2018-05-15 11:34:30',NULL,0) [ RunTime:0.000280s ]
[ sql ] [ SQL ] select id from visit where visit_time = '2018-05-15 11:34:30' [ RunTime:0.000490s ]
[ sql ] [ SQL ] SHOW COLUMNS FROM `post` [ RunTime:0.000677s ]
[ sql ] [ SQL ] SELECT COUNT(*) AS tp_count FROM `post` LIMIT 1 [ RunTime:0.000183s ]
[ sql ] [ SQL ] SELECT * FROM `post` ORDER BY `timestamp`  desc LIMIT 0,5 [ RunTime:0.000276s ]
---------------------------------------------------------------
[ 2018-05-15T11:54:27+08:00 ] 186.192.115.190 GET /
[ sql ] [ DB ] CONNECT:[ UseTime:0.000444s ] mysql:host=127.0.0.1;port=3306;dbname=database_01;charset=utf8
[ sql ] [ SQL ] select * from author [ RunTime:0.000305s ]
[ sql ] [ SQL ] select * from post order by post_click_count desc limit 5 [ RunTime:0.000317s ]
[ sql ] [ SQL ] select * from post where is_top = 1 order by timestamp desc limit 3 [ RunTime:0.000298s ]
[ sql ] [ SQL ] INSERT INTO visit (ip,visit_time,visit_posts,visit_author) VALUES(3133174718,'2018-05-15 11:54:27',NULL,0) [ RunTime:0.000294s ]
[ sql ] [ SQL ] select id from visit where visit_time = '2018-05-15 11:54:27' [ RunTime:0.000459s ]
[ sql ] [ SQL ] SHOW COLUMNS FROM `post` [ RunTime:0.000618s ]
[ sql ] [ SQL ] SELECT COUNT(*) AS tp_count FROM `post` LIMIT 1 [ RunTime:0.000192s ]
[ sql ] [ SQL ] SELECT * FROM `post` ORDER BY `timestamp`  desc LIMIT 0,5 [ RunTime:0.000251s ]
---------------------------------------------------------------
[ 2018-05-15T12:28:58+08:00 ] 177.138.105.35 GET /
[ sql ] [ DB ] CONNECT:[ UseTime:0.000469s ] mysql:host=127.0.0.1;port=3306;dbname=database_01;charset=utf8
[ sql ] [ SQL ] select * from author [ RunTime:0.000318s ]
[ sql ] [ SQL ] select * from post order by post_click_count desc limit 5 [ RunTime:0.000331s ]
[ sql ] [ SQL ] select * from post where is_top = 1 order by timestamp desc limit 3 [ RunTime:0.000311s ]
[ sql ] [ SQL ] INSERT INTO visit (ip,visit_time,visit_posts,visit_author) VALUES(2978638115,'2018-05-15 12:28:58',NULL,0) [ RunTime:0.000278s ]
[ sql ] [ SQL ] select id from visit where visit_time = '2018-05-15 12:28:58' [ RunTime:0.000471s ]
[ sql ] [ SQL ] SHOW COLUMNS FROM `post` [ RunTime:0.000639s ]
[ sql ] [ SQL ] SELECT COUNT(*) AS tp_count FROM `post` LIMIT 1 [ RunTime:0.000173s ]
[ sql ] [ SQL ] SELECT * FROM `post` ORDER BY `timestamp`  desc LIMIT 0,5 [ RunTime:0.000261s ]
---------------------------------------------------------------
[ 2018-05-15T13:13:15+08:00 ] 190.45.52.170 GET /
[ sql ] [ DB ] CONNECT:[ UseTime:0.000464s ] mysql:host=127.0.0.1;port=3306;dbname=database_01;charset=utf8
[ sql ] [ SQL ] select * from author [ RunTime:0.000325s ]
[ sql ] [ SQL ] select * from post order by post_click_count desc limit 5 [ RunTime:0.000376s ]
[ sql ] [ SQL ] select * from post where is_top = 1 order by timestamp desc limit 3 [ RunTime:0.000340s ]
[ sql ] [ SQL ] INSERT INTO visit (ip,visit_time,visit_posts,visit_author) VALUES(3190633642,'2018-05-15 13:13:15',NULL,0) [ RunTime:0.000277s ]
[ sql ] [ SQL ] select id from visit where visit_time = '2018-05-15 13:13:15' [ RunTime:0.000500s ]
[ sql ] [ SQL ] SHOW COLUMNS FROM `post` [ RunTime:0.000690s ]
[ sql ] [ SQL ] SELECT COUNT(*) AS tp_count FROM `post` LIMIT 1 [ RunTime:0.000248s ]
[ sql ] [ SQL ] SELECT * FROM `post` ORDER BY `timestamp`  desc LIMIT 0,5 [ RunTime:0.000306s ]
---------------------------------------------------------------
[ 2018-05-15T14:10:39+08:00 ] 104.128.144.131 GET /
[ sql ] [ DB ] CONNECT:[ UseTime:0.000447s ] mysql:host=127.0.0.1;port=3306;dbname=database_01;charset=utf8
[ sql ] [ SQL ] select * from author [ RunTime:0.000322s ]
[ sql ] [ SQL ] select * from post order by post_click_count desc limit 5 [ RunTime:0.000305s ]
[ sql ] [ SQL ] select * from post where is_top = 1 order by timestamp desc limit 3 [ RunTime:0.000302s ]
[ sql ] [ SQL ] INSERT INTO visit (ip,visit_time,visit_posts,visit_author) VALUES(1753256067,'2018-05-15 14:10:39',NULL,0) [ RunTime:0.000285s ]
[ sql ] [ SQL ] select id from visit where visit_time = '2018-05-15 14:10:39' [ RunTime:0.000454s ]
[ sql ] [ SQL ] SHOW COLUMNS FROM `post` [ RunTime:0.000607s ]
[ sql ] [ SQL ] SELECT COUNT(*) AS tp_count FROM `post` LIMIT 1 [ RunTime:0.000167s ]
[ sql ] [ SQL ] SELECT * FROM `post` ORDER BY `timestamp`  desc LIMIT 0,5 [ RunTime:0.000265s ]
---------------------------------------------------------------
[ 2018-05-15T14:27:03+08:00 ] 189.236.31.93 GET /
[ sql ] [ DB ] CONNECT:[ UseTime:0.000476s ] mysql:host=127.0.0.1;port=3306;dbname=database_01;charset=utf8
[ sql ] [ SQL ] select * from author [ RunTime:0.000322s ]
[ sql ] [ SQL ] select * from post order by post_click_count desc limit 5 [ RunTime:0.000309s ]
[ sql ] [ SQL ] select * from post where is_top = 1 order by timestamp desc limit 3 [ RunTime:0.000329s ]
[ sql ] [ SQL ] INSERT INTO visit (ip,visit_time,visit_posts,visit_author) VALUES(3186368349,'2018-05-15 14:27:03',NULL,0) [ RunTime:0.000271s ]
[ sql ] [ SQL ] select id from visit where visit_time = '2018-05-15 14:27:03' [ RunTime:0.000471s ]
[ sql ] [ SQL ] SHOW COLUMNS FROM `post` [ RunTime:0.000616s ]
[ sql ] [ SQL ] SELECT COUNT(*) AS tp_count FROM `post` LIMIT 1 [ RunTime:0.000174s ]
[ sql ] [ SQL ] SELECT * FROM `post` ORDER BY `timestamp`  desc LIMIT 0,5 [ RunTime:0.000256s ]
---------------------------------------------------------------
[ 2018-05-15T14:43:48+08:00 ] 106.14.24.127 GET /
[ sql ] [ DB ] CONNECT:[ UseTime:0.000450s ] mysql:host=127.0.0.1;port=3306;dbname=database_01;charset=utf8
[ sql ] [ SQL ] select * from author [ RunTime:0.000336s ]
[ sql ] [ SQL ] select * from post order by post_click_count desc limit 5 [ RunTime:0.000319s ]
[ sql ] [ SQL ] select * from post where is_top = 1 order by timestamp desc limit 3 [ RunTime:0.000315s ]
[ sql ] [ SQL ] INSERT INTO visit (ip,visit_time,visit_posts,visit_author) VALUES(1779308671,'2018-05-15 14:43:48',NULL,0) [ RunTime:0.000294s ]
[ sql ] [ SQL ] select id from visit where visit_time = '2018-05-15 14:43:48' [ RunTime:0.000487s ]
[ sql ] [ SQL ] SHOW COLUMNS FROM `post` [ RunTime:0.000625s ]
[ sql ] [ SQL ] SELECT COUNT(*) AS tp_count FROM `post` LIMIT 1 [ RunTime:0.000192s ]
[ sql ] [ SQL ] SELECT * FROM `post` ORDER BY `timestamp`  desc LIMIT 0,5 [ RunTime:0.000263s ]
---------------------------------------------------------------
[ 2018-05-15T16:32:46+08:00 ] 223.93.147.165 GET /
[ sql ] [ DB ] CONNECT:[ UseTime:0.000437s ] mysql:host=127.0.0.1;port=3306;dbname=database_01;charset=utf8
[ sql ] [ SQL ] select * from author [ RunTime:0.000307s ]
[ sql ] [ SQL ] select * from post order by post_click_count desc limit 5 [ RunTime:0.000331s ]
[ sql ] [ SQL ] select * from post where is_top = 1 order by timestamp desc limit 3 [ RunTime:0.000307s ]
[ sql ] [ SQL ] INSERT INTO visit (ip,visit_time,visit_posts,visit_author) VALUES(3747451813,'2018-05-15 16:32:46',NULL,0) [ RunTime:0.000259s ]
[ sql ] [ SQL ] select id from visit where visit_time = '2018-05-15 16:32:46' [ RunTime:0.000323s ]
[ sql ] [ SQL ] SHOW COLUMNS FROM `post` [ RunTime:0.000581s ]
[ sql ] [ SQL ] SELECT COUNT(*) AS tp_count FROM `post` LIMIT 1 [ RunTime:0.000179s ]
[ sql ] [ SQL ] SELECT * FROM `post` ORDER BY `timestamp`  desc LIMIT 0,5 [ RunTime:0.000246s ]
---------------------------------------------------------------
[ 2018-05-15T16:35:13+08:00 ] 198.143.133.156 GET /
[ sql ] [ DB ] CONNECT:[ UseTime:0.000430s ] mysql:host=127.0.0.1;port=3306;dbname=database_01;charset=utf8
[ sql ] [ SQL ] select * from author [ RunTime:0.000318s ]
[ sql ] [ SQL ] select * from post order by post_click_count desc limit 5 [ RunTime:0.000305s ]
[ sql ] [ SQL ] select * from post where is_top = 1 order by timestamp desc limit 3 [ RunTime:0.000299s ]
[ sql ] [ SQL ] INSERT INTO visit (ip,visit_time,visit_posts,visit_author) VALUES(3331294620,'2018-05-15 16:35:13',NULL,0) [ RunTime:0.000270s ]
[ sql ] [ SQL ] select id from visit where visit_time = '2018-05-15 16:35:13' [ RunTime:0.000465s ]
[ sql ] [ SQL ] SHOW COLUMNS FROM `post` [ RunTime:0.000637s ]
[ sql ] [ SQL ] SELECT COUNT(*) AS tp_count FROM `post` LIMIT 1 [ RunTime:0.000166s ]
[ sql ] [ SQL ] SELECT * FROM `post` ORDER BY `timestamp`  desc LIMIT 0,5 [ RunTime:0.000249s ]
---------------------------------------------------------------
[ 2018-05-15T17:30:10+08:00 ] 198.143.133.158 GET /
[ sql ] [ DB ] CONNECT:[ UseTime:0.000526s ] mysql:host=127.0.0.1;port=3306;dbname=database_01;charset=utf8
[ sql ] [ SQL ] select * from author [ RunTime:0.000316s ]
[ sql ] [ SQL ] select * from post order by post_click_count desc limit 5 [ RunTime:0.000355s ]
[ sql ] [ SQL ] select * from post where is_top = 1 order by timestamp desc limit 3 [ RunTime:0.000342s ]
[ sql ] [ SQL ] INSERT INTO visit (ip,visit_time,visit_posts,visit_author) VALUES(3331294622,'2018-05-15 17:30:10',NULL,0) [ RunTime:0.000276s ]
[ sql ] [ SQL ] select id from visit where visit_time = '2018-05-15 17:30:10' [ RunTime:0.000548s ]
[ sql ] [ SQL ] SHOW COLUMNS FROM `post` [ RunTime:0.000780s ]
[ sql ] [ SQL ] SELECT COUNT(*) AS tp_count FROM `post` LIMIT 1 [ RunTime:0.000173s ]
[ sql ] [ SQL ] SELECT * FROM `post` ORDER BY `timestamp`  desc LIMIT 0,5 [ RunTime:0.000320s ]
---------------------------------------------------------------
[ 2018-05-15T18:15:01+08:00 ] 202.62.57.232 GET /
[ sql ] [ DB ] CONNECT:[ UseTime:0.000472s ] mysql:host=127.0.0.1;port=3306;dbname=database_01;charset=utf8
[ sql ] [ SQL ] select * from author [ RunTime:0.000388s ]
[ sql ] [ SQL ] select * from post order by post_click_count desc limit 5 [ RunTime:0.000329s ]
[ sql ] [ SQL ] select * from post where is_top = 1 order by timestamp desc limit 3 [ RunTime:0.000338s ]
[ sql ] [ SQL ] INSERT INTO visit (ip,visit_time,visit_posts,visit_author) VALUES(3393075688,'2018-05-15 18:15:01',NULL,0) [ RunTime:0.000349s ]
[ sql ] [ SQL ] select id from visit where visit_time = '2018-05-15 18:15:01' [ RunTime:0.000497s ]
[ sql ] [ SQL ] SHOW COLUMNS FROM `post` [ RunTime:0.000658s ]
[ sql ] [ SQL ] SELECT COUNT(*) AS tp_count FROM `post` LIMIT 1 [ RunTime:0.000215s ]
[ sql ] [ SQL ] SELECT * FROM `post` ORDER BY `timestamp`  desc LIMIT 0,5 [ RunTime:0.000273s ]
---------------------------------------------------------------
[ 2018-05-15T19:11:42+08:00 ] 179.124.215.164 GET /
[ sql ] [ DB ] CONNECT:[ UseTime:0.000459s ] mysql:host=127.0.0.1;port=3306;dbname=database_01;charset=utf8
[ sql ] [ SQL ] select * from author [ RunTime:0.000325s ]
[ sql ] [ SQL ] select * from post order by post_click_count desc limit 5 [ RunTime:0.000305s ]
[ sql ] [ SQL ] select * from post where is_top = 1 order by timestamp desc limit 3 [ RunTime:0.000332s ]
[ sql ] [ SQL ] INSERT INTO visit (ip,visit_time,visit_posts,visit_author) VALUES(3011303332,'2018-05-15 19:11:42',NULL,0) [ RunTime:0.000283s ]
[ sql ] [ SQL ] select id from visit where visit_time = '2018-05-15 19:11:42' [ RunTime:0.000455s ]
[ sql ] [ SQL ] SHOW COLUMNS FROM `post` [ RunTime:0.000611s ]
[ sql ] [ SQL ] SELECT COUNT(*) AS tp_count FROM `post` LIMIT 1 [ RunTime:0.000169s ]
[ sql ] [ SQL ] SELECT * FROM `post` ORDER BY `timestamp`  desc LIMIT 0,5 [ RunTime:0.000256s ]
---------------------------------------------------------------
[ 2018-05-15T19:46:56+08:00 ] 187.188.246.34 GET /
[ sql ] [ DB ] CONNECT:[ UseTime:0.000440s ] mysql:host=127.0.0.1;port=3306;dbname=database_01;charset=utf8
[ sql ] [ SQL ] select * from author [ RunTime:0.000304s ]
[ sql ] [ SQL ] select * from post order by post_click_count desc limit 5 [ RunTime:0.000328s ]
[ sql ] [ SQL ] select * from post where is_top = 1 order by timestamp desc limit 3 [ RunTime:0.000300s ]
[ sql ] [ SQL ] INSERT INTO visit (ip,visit_time,visit_posts,visit_author) VALUES(3149723170,'2018-05-15 19:46:56',NULL,0) [ RunTime:0.000311s ]
[ sql ] [ SQL ] select id from visit where visit_time = '2018-05-15 19:46:56' [ RunTime:0.000452s ]
[ sql ] [ SQL ] SHOW COLUMNS FROM `post` [ RunTime:0.000614s ]
[ sql ] [ SQL ] SELECT COUNT(*) AS tp_count FROM `post` LIMIT 1 [ RunTime:0.000186s ]
[ sql ] [ SQL ] SELECT * FROM `post` ORDER BY `timestamp`  desc LIMIT 0,5 [ RunTime:0.000266s ]
---------------------------------------------------------------
[ 2018-05-15T20:14:31+08:00 ] 171.13.14.30 CONNECT 133.130.126.119:43
[ sql ] [ DB ] CONNECT:[ UseTime:0.000581s ] mysql:host=127.0.0.1;port=3306;dbname=database_01;charset=utf8
[ sql ] [ SQL ] select * from author [ RunTime:0.000430s ]
[ sql ] [ SQL ] select * from post order by post_click_count desc limit 5 [ RunTime:0.000467s ]
[ sql ] [ SQL ] select * from post where is_top = 1 order by timestamp desc limit 3 [ RunTime:0.000436s ]
[ sql ] [ SQL ] INSERT INTO visit (ip,visit_time,visit_posts,visit_author) VALUES(2869759518,'2018-05-15 20:14:31',NULL,0) [ RunTime:0.000365s ]
[ sql ] [ SQL ] select id from visit where visit_time = '2018-05-15 20:14:31' [ RunTime:0.000660s ]
[ sql ] [ SQL ] SHOW COLUMNS FROM `post` [ RunTime:0.000641s ]
[ sql ] [ SQL ] SELECT COUNT(*) AS tp_count FROM `post` LIMIT 1 [ RunTime:0.000171s ]
[ sql ] [ SQL ] SELECT * FROM `post` ORDER BY `timestamp`  desc LIMIT 0,5 [ RunTime:0.000263s ]
---------------------------------------------------------------
[ 2018-05-15T21:28:00+08:00 ] 101.4.110.154 GET /
[ sql ] [ DB ] CONNECT:[ UseTime:0.000503s ] mysql:host=127.0.0.1;port=3306;dbname=database_01;charset=utf8
[ sql ] [ SQL ] select * from author [ RunTime:0.000306s ]
[ sql ] [ SQL ] select * from post order by post_click_count desc limit 5 [ RunTime:0.000318s ]
[ sql ] [ SQL ] select * from post where is_top = 1 order by timestamp desc limit 3 [ RunTime:0.000335s ]
[ sql ] [ SQL ] INSERT INTO visit (ip,visit_time,visit_posts,visit_author) VALUES(1694789274,'2018-05-15 21:28:00',NULL,0) [ RunTime:0.000268s ]
[ sql ] [ SQL ] select id from visit where visit_time = '2018-05-15 21:28:00' [ RunTime:0.000476s ]
[ sql ] [ SQL ] SHOW COLUMNS FROM `post` [ RunTime:0.000649s ]
[ sql ] [ SQL ] SELECT COUNT(*) AS tp_count FROM `post` LIMIT 1 [ RunTime:0.000170s ]
[ sql ] [ SQL ] SELECT * FROM `post` ORDER BY `timestamp`  desc LIMIT 0,5 [ RunTime:0.000264s ]
---------------------------------------------------------------
[ 2018-05-15T22:09:17+08:00 ] 45.115.172.86 GET /
[ sql ] [ DB ] CONNECT:[ UseTime:0.000483s ] mysql:host=127.0.0.1;port=3306;dbname=database_01;charset=utf8
[ sql ] [ SQL ] select * from author [ RunTime:0.000338s ]
[ sql ] [ SQL ] select * from post order by post_click_count desc limit 5 [ RunTime:0.000334s ]
[ sql ] [ SQL ] select * from post where is_top = 1 order by timestamp desc limit 3 [ RunTime:0.000337s ]
[ sql ] [ SQL ] INSERT INTO visit (ip,visit_time,visit_posts,visit_author) VALUES(762555478,'2018-05-15 22:09:17',NULL,0) [ RunTime:0.001208s ]
[ sql ] [ SQL ] select id from visit where visit_time = '2018-05-15 22:09:17' [ RunTime:0.000539s ]
[ sql ] [ SQL ] SHOW COLUMNS FROM `post` [ RunTime:0.000689s ]
[ sql ] [ SQL ] SELECT COUNT(*) AS tp_count FROM `post` LIMIT 1 [ RunTime:0.000192s ]
[ sql ] [ SQL ] SELECT * FROM `post` ORDER BY `timestamp`  desc LIMIT 0,5 [ RunTime:0.000265s ]
