---------------------------------------------------------------
[ 2018-05-22T00:00:55+08:00 ] 151.234.50.69 GET /
[ sql ] [ DB ] CONNECT:[ UseTime:0.000508s ] mysql:host=127.0.0.1;port=3306;dbname=database_01;charset=utf8
[ sql ] [ SQL ] select * from author [ RunTime:0.000324s ]
[ sql ] [ SQL ] select * from post order by post_click_count desc limit 5 [ RunTime:0.000309s ]
[ sql ] [ SQL ] select * from post where is_top = 1 order by timestamp desc limit 3 [ RunTime:0.000327s ]
[ sql ] [ SQL ] INSERT INTO visit (ip,visit_time,visit_posts,visit_author) VALUES(2548707909,'2018-05-22 00:00:55',NULL,0) [ RunTime:0.000276s ]
[ sql ] [ SQL ] select id from visit where visit_time = '2018-05-22 00:00:55' [ RunTime:0.000403s ]
[ sql ] [ SQL ] SHOW COLUMNS FROM `post` [ RunTime:0.000608s ]
[ sql ] [ SQL ] SELECT COUNT(*) AS tp_count FROM `post` LIMIT 1 [ RunTime:0.000175s ]
[ sql ] [ SQL ] SELECT * FROM `post` ORDER BY `timestamp`  desc LIMIT 0,5 [ RunTime:0.000253s ]
---------------------------------------------------------------
[ 2018-05-22T00:03:49+08:00 ] 42.115.39.135 GET /
[ sql ] [ DB ] CONNECT:[ UseTime:0.000536s ] mysql:host=127.0.0.1;port=3306;dbname=database_01;charset=utf8
[ sql ] [ SQL ] select * from author [ RunTime:0.000320s ]
[ sql ] [ SQL ] select * from post order by post_click_count desc limit 5 [ RunTime:0.000321s ]
[ sql ] [ SQL ] select * from post where is_top = 1 order by timestamp desc limit 3 [ RunTime:0.000312s ]
[ sql ] [ SQL ] INSERT INTO visit (ip,visit_time,visit_posts,visit_author) VALUES(712189831,'2018-05-22 00:03:49',NULL,0) [ RunTime:0.000295s ]
[ sql ] [ SQL ] select id from visit where visit_time = '2018-05-22 00:03:49' [ RunTime:0.000408s ]
[ sql ] [ SQL ] SHOW COLUMNS FROM `post` [ RunTime:0.000630s ]
[ sql ] [ SQL ] SELECT COUNT(*) AS tp_count FROM `post` LIMIT 1 [ RunTime:0.000207s ]
[ sql ] [ SQL ] SELECT * FROM `post` ORDER BY `timestamp`  desc LIMIT 0,5 [ RunTime:0.000258s ]
---------------------------------------------------------------
[ 2018-05-22T00:22:52+08:00 ] 180.175.89.151 GET /
[ sql ] [ DB ] CONNECT:[ UseTime:0.000537s ] mysql:host=127.0.0.1;port=3306;dbname=database_01;charset=utf8
[ sql ] [ SQL ] select * from author [ RunTime:0.000308s ]
[ sql ] [ SQL ] select * from post order by post_click_count desc limit 5 [ RunTime:0.000325s ]
[ sql ] [ SQL ] select * from post where is_top = 1 order by timestamp desc limit 3 [ RunTime:0.000311s ]
[ sql ] [ SQL ] INSERT INTO visit (ip,visit_time,visit_posts,visit_author) VALUES(3031390615,'2018-05-22 00:22:52',NULL,0) [ RunTime:0.000268s ]
[ sql ] [ SQL ] select id from visit where visit_time = '2018-05-22 00:22:52' [ RunTime:0.000449s ]
[ sql ] [ SQL ] SHOW COLUMNS FROM `post` [ RunTime:0.000609s ]
[ sql ] [ SQL ] SELECT COUNT(*) AS tp_count FROM `post` LIMIT 1 [ RunTime:0.000170s ]
[ sql ] [ SQL ] SELECT * FROM `post` ORDER BY `timestamp`  desc LIMIT 0,5 [ RunTime:0.000247s ]
---------------------------------------------------------------
[ 2018-05-22T00:33:34+08:00 ] 39.107.14.208 GET /
[ sql ] [ DB ] CONNECT:[ UseTime:0.000485s ] mysql:host=127.0.0.1;port=3306;dbname=database_01;charset=utf8
[ sql ] [ SQL ] select * from author [ RunTime:0.000318s ]
[ sql ] [ SQL ] select * from post order by post_click_count desc limit 5 [ RunTime:0.000321s ]
[ sql ] [ SQL ] select * from post where is_top = 1 order by timestamp desc limit 3 [ RunTime:0.000297s ]
[ sql ] [ SQL ] INSERT INTO visit (ip,visit_time,visit_posts,visit_author) VALUES(661327568,'2018-05-22 00:33:34',NULL,0) [ RunTime:0.000271s ]
[ sql ] [ SQL ] select id from visit where visit_time = '2018-05-22 00:33:34' [ RunTime:0.000396s ]
[ sql ] [ SQL ] SHOW COLUMNS FROM `post` [ RunTime:0.000584s ]
[ sql ] [ SQL ] SELECT COUNT(*) AS tp_count FROM `post` LIMIT 1 [ RunTime:0.000170s ]
[ sql ] [ SQL ] SELECT * FROM `post` ORDER BY `timestamp`  desc LIMIT 0,5 [ RunTime:0.000251s ]
---------------------------------------------------------------
[ 2018-05-22T00:38:48+08:00 ] 218.28.59.130 GET /
[ sql ] [ DB ] CONNECT:[ UseTime:0.000525s ] mysql:host=127.0.0.1;port=3306;dbname=database_01;charset=utf8
[ sql ] [ SQL ] select * from author [ RunTime:0.000315s ]
[ sql ] [ SQL ] select * from post order by post_click_count desc limit 5 [ RunTime:0.000325s ]
[ sql ] [ SQL ] select * from post where is_top = 1 order by timestamp desc limit 3 [ RunTime:0.000312s ]
[ sql ] [ SQL ] INSERT INTO visit (ip,visit_time,visit_posts,visit_author) VALUES(3659283330,'2018-05-22 00:38:48',NULL,0) [ RunTime:0.000274s ]
[ sql ] [ SQL ] select id from visit where visit_time = '2018-05-22 00:38:48' [ RunTime:0.000401s ]
[ sql ] [ SQL ] SHOW COLUMNS FROM `post` [ RunTime:0.000611s ]
[ sql ] [ SQL ] SELECT COUNT(*) AS tp_count FROM `post` LIMIT 1 [ RunTime:0.000175s ]
[ sql ] [ SQL ] SELECT * FROM `post` ORDER BY `timestamp`  desc LIMIT 0,5 [ RunTime:0.000259s ]
---------------------------------------------------------------
[ 2018-05-22T01:16:33+08:00 ] 47.88.7.179 GET /
[ sql ] [ DB ] CONNECT:[ UseTime:0.000473s ] mysql:host=127.0.0.1;port=3306;dbname=database_01;charset=utf8
[ sql ] [ SQL ] select * from author [ RunTime:0.000303s ]
[ sql ] [ SQL ] select * from post order by post_click_count desc limit 5 [ RunTime:0.000301s ]
[ sql ] [ SQL ] select * from post where is_top = 1 order by timestamp desc limit 3 [ RunTime:0.000290s ]
[ sql ] [ SQL ] INSERT INTO visit (ip,visit_time,visit_posts,visit_author) VALUES(794298291,'2018-05-22 01:16:33',NULL,0) [ RunTime:0.000273s ]
[ sql ] [ SQL ] select id from visit where visit_time = '2018-05-22 01:16:33' [ RunTime:0.000408s ]
[ sql ] [ SQL ] SHOW COLUMNS FROM `post` [ RunTime:0.000587s ]
[ sql ] [ SQL ] SELECT COUNT(*) AS tp_count FROM `post` LIMIT 1 [ RunTime:0.000164s ]
[ sql ] [ SQL ] SELECT * FROM `post` ORDER BY `timestamp`  desc LIMIT 0,5 [ RunTime:0.000241s ]
---------------------------------------------------------------
[ 2018-05-22T02:12:18+08:00 ] 78.165.75.248 GET /
[ sql ] [ DB ] CONNECT:[ UseTime:0.000477s ] mysql:host=127.0.0.1;port=3306;dbname=database_01;charset=utf8
[ sql ] [ SQL ] select * from author [ RunTime:0.000308s ]
[ sql ] [ SQL ] select * from post order by post_click_count desc limit 5 [ RunTime:0.000334s ]
[ sql ] [ SQL ] select * from post where is_top = 1 order by timestamp desc limit 3 [ RunTime:0.000293s ]
[ sql ] [ SQL ] INSERT INTO visit (ip,visit_time,visit_posts,visit_author) VALUES(1319455736,'2018-05-22 02:12:18',NULL,0) [ RunTime:0.000267s ]
[ sql ] [ SQL ] select id from visit where visit_time = '2018-05-22 02:12:18' [ RunTime:0.000391s ]
[ sql ] [ SQL ] SHOW COLUMNS FROM `post` [ RunTime:0.000599s ]
[ sql ] [ SQL ] SELECT COUNT(*) AS tp_count FROM `post` LIMIT 1 [ RunTime:0.000164s ]
[ sql ] [ SQL ] SELECT * FROM `post` ORDER BY `timestamp`  desc LIMIT 0,5 [ RunTime:0.000244s ]
---------------------------------------------------------------
[ 2018-05-22T02:16:33+08:00 ] 123.151.42.61 GET http://www.baidu.com/
[ sql ] [ DB ] CONNECT:[ UseTime:0.000487s ] mysql:host=127.0.0.1;port=3306;dbname=database_01;charset=utf8
[ sql ] [ SQL ] select * from author [ RunTime:0.000327s ]
[ sql ] [ SQL ] select * from post order by post_click_count desc limit 5 [ RunTime:0.000305s ]
[ sql ] [ SQL ] select * from post where is_top = 1 order by timestamp desc limit 3 [ RunTime:0.000318s ]
[ sql ] [ SQL ] INSERT INTO visit (ip,visit_time,visit_posts,visit_author) VALUES(2073504317,'2018-05-22 02:16:33',NULL,0) [ RunTime:0.000297s ]
[ sql ] [ SQL ] select id from visit where visit_time = '2018-05-22 02:16:33' [ RunTime:0.000391s ]
[ sql ] [ SQL ] SHOW COLUMNS FROM `post` [ RunTime:0.000632s ]
[ sql ] [ SQL ] SELECT COUNT(*) AS tp_count FROM `post` LIMIT 1 [ RunTime:0.000191s ]
[ sql ] [ SQL ] SELECT * FROM `post` ORDER BY `timestamp`  desc LIMIT 0,5 [ RunTime:0.000269s ]
---------------------------------------------------------------
[ 2018-05-22T02:23:54+08:00 ] 182.92.148.169 GET /
[ sql ] [ DB ] CONNECT:[ UseTime:0.000475s ] mysql:host=127.0.0.1;port=3306;dbname=database_01;charset=utf8
[ sql ] [ SQL ] select * from author [ RunTime:0.000303s ]
[ sql ] [ SQL ] select * from post order by post_click_count desc limit 5 [ RunTime:0.000300s ]
[ sql ] [ SQL ] select * from post where is_top = 1 order by timestamp desc limit 3 [ RunTime:0.000309s ]
[ sql ] [ SQL ] INSERT INTO visit (ip,visit_time,visit_posts,visit_author) VALUES(3059520681,'2018-05-22 02:23:54',NULL,0) [ RunTime:0.000266s ]
[ sql ] [ SQL ] select id from visit where visit_time = '2018-05-22 02:23:54' [ RunTime:0.000377s ]
[ sql ] [ SQL ] SHOW COLUMNS FROM `post` [ RunTime:0.000578s ]
[ sql ] [ SQL ] SELECT COUNT(*) AS tp_count FROM `post` LIMIT 1 [ RunTime:0.000177s ]
[ sql ] [ SQL ] SELECT * FROM `post` ORDER BY `timestamp`  desc LIMIT 0,5 [ RunTime:0.000247s ]
---------------------------------------------------------------
[ 2018-05-22T03:06:26+08:00 ] 189.152.236.115 GET /
[ sql ] [ DB ] CONNECT:[ UseTime:0.000480s ] mysql:host=127.0.0.1;port=3306;dbname=database_01;charset=utf8
[ sql ] [ SQL ] select * from author [ RunTime:0.000304s ]
[ sql ] [ SQL ] select * from post order by post_click_count desc limit 5 [ RunTime:0.000300s ]
[ sql ] [ SQL ] select * from post where is_top = 1 order by timestamp desc limit 3 [ RunTime:0.000311s ]
[ sql ] [ SQL ] INSERT INTO visit (ip,visit_time,visit_posts,visit_author) VALUES(3180915827,'2018-05-22 03:06:26',NULL,0) [ RunTime:0.000263s ]
[ sql ] [ SQL ] select id from visit where visit_time = '2018-05-22 03:06:26' [ RunTime:0.000378s ]
[ sql ] [ SQL ] SHOW COLUMNS FROM `post` [ RunTime:0.000575s ]
[ sql ] [ SQL ] SELECT COUNT(*) AS tp_count FROM `post` LIMIT 1 [ RunTime:0.000177s ]
[ sql ] [ SQL ] SELECT * FROM `post` ORDER BY `timestamp`  desc LIMIT 0,5 [ RunTime:0.000316s ]
---------------------------------------------------------------
[ 2018-05-22T04:15:02+08:00 ] 120.76.23.202 GET /
[ sql ] [ DB ] CONNECT:[ UseTime:0.000502s ] mysql:host=127.0.0.1;port=3306;dbname=database_01;charset=utf8
[ sql ] [ SQL ] select * from author [ RunTime:0.000301s ]
[ sql ] [ SQL ] select * from post order by post_click_count desc limit 5 [ RunTime:0.000308s ]
[ sql ] [ SQL ] select * from post where is_top = 1 order by timestamp desc limit 3 [ RunTime:0.000308s ]
[ sql ] [ SQL ] INSERT INTO visit (ip,visit_time,visit_posts,visit_author) VALUES(2018252746,'2018-05-22 04:15:02',NULL,0) [ RunTime:0.000291s ]
[ sql ] [ SQL ] select id from visit where visit_time = '2018-05-22 04:15:02' [ RunTime:0.000395s ]
[ sql ] [ SQL ] SHOW COLUMNS FROM `post` [ RunTime:0.000587s ]
[ sql ] [ SQL ] SELECT COUNT(*) AS tp_count FROM `post` LIMIT 1 [ RunTime:0.000164s ]
[ sql ] [ SQL ] SELECT * FROM `post` ORDER BY `timestamp`  desc LIMIT 0,5 [ RunTime:0.000243s ]
---------------------------------------------------------------
[ 2018-05-22T04:35:00+08:00 ] 31.135.24.92 GET /
[ sql ] [ DB ] CONNECT:[ UseTime:0.000522s ] mysql:host=127.0.0.1;port=3306;dbname=database_01;charset=utf8
[ sql ] [ SQL ] select * from author [ RunTime:0.000304s ]
[ sql ] [ SQL ] select * from post order by post_click_count desc limit 5 [ RunTime:0.000319s ]
[ sql ] [ SQL ] select * from post where is_top = 1 order by timestamp desc limit 3 [ RunTime:0.000356s ]
[ sql ] [ SQL ] INSERT INTO visit (ip,visit_time,visit_posts,visit_author) VALUES(528947292,'2018-05-22 04:35:00',NULL,0) [ RunTime:0.000268s ]
[ sql ] [ SQL ] select id from visit where visit_time = '2018-05-22 04:35:00' [ RunTime:0.000395s ]
[ sql ] [ SQL ] SHOW COLUMNS FROM `post` [ RunTime:0.000588s ]
[ sql ] [ SQL ] SELECT COUNT(*) AS tp_count FROM `post` LIMIT 1 [ RunTime:0.000169s ]
[ sql ] [ SQL ] SELECT * FROM `post` ORDER BY `timestamp`  desc LIMIT 0,5 [ RunTime:0.000249s ]
---------------------------------------------------------------
[ 2018-05-22T05:01:45+08:00 ] 191.205.203.115 GET /
[ sql ] [ DB ] CONNECT:[ UseTime:0.000522s ] mysql:host=127.0.0.1;port=3306;dbname=database_01;charset=utf8
[ sql ] [ SQL ] select * from author [ RunTime:0.000305s ]
[ sql ] [ SQL ] select * from post order by post_click_count desc limit 5 [ RunTime:0.000308s ]
[ sql ] [ SQL ] select * from post where is_top = 1 order by timestamp desc limit 3 [ RunTime:0.000293s ]
[ sql ] [ SQL ] INSERT INTO visit (ip,visit_time,visit_posts,visit_author) VALUES(3217935219,'2018-05-22 05:01:45',NULL,0) [ RunTime:0.000264s ]
[ sql ] [ SQL ] select id from visit where visit_time = '2018-05-22 05:01:45' [ RunTime:0.000388s ]
[ sql ] [ SQL ] SHOW COLUMNS FROM `post` [ RunTime:0.000587s ]
[ sql ] [ SQL ] SELECT COUNT(*) AS tp_count FROM `post` LIMIT 1 [ RunTime:0.000164s ]
[ sql ] [ SQL ] SELECT * FROM `post` ORDER BY `timestamp`  desc LIMIT 0,5 [ RunTime:0.000244s ]
---------------------------------------------------------------
[ 2018-05-22T05:01:46+08:00 ] 191.205.203.115 GET /
[ sql ] [ DB ] CONNECT:[ UseTime:0.000531s ] mysql:host=127.0.0.1;port=3306;dbname=database_01;charset=utf8
[ sql ] [ SQL ] select * from author [ RunTime:0.000346s ]
[ sql ] [ SQL ] select * from post order by post_click_count desc limit 5 [ RunTime:0.000308s ]
[ sql ] [ SQL ] select * from post where is_top = 1 order by timestamp desc limit 3 [ RunTime:0.000319s ]
[ sql ] [ SQL ] INSERT INTO visit (ip,visit_time,visit_posts,visit_author) VALUES(3217935219,'2018-05-22 05:01:46',NULL,0) [ RunTime:0.000270s ]
[ sql ] [ SQL ] select id from visit where visit_time = '2018-05-22 05:01:46' [ RunTime:0.000402s ]
[ sql ] [ SQL ] SHOW COLUMNS FROM `post` [ RunTime:0.000585s ]
[ sql ] [ SQL ] SELECT COUNT(*) AS tp_count FROM `post` LIMIT 1 [ RunTime:0.000194s ]
[ sql ] [ SQL ] SELECT * FROM `post` ORDER BY `timestamp`  desc LIMIT 0,5 [ RunTime:0.000255s ]
---------------------------------------------------------------
[ 2018-05-22T05:09:35+08:00 ] 93.184.116.74 GET /
[ sql ] [ DB ] CONNECT:[ UseTime:0.000525s ] mysql:host=127.0.0.1;port=3306;dbname=database_01;charset=utf8
[ sql ] [ SQL ] select * from author [ RunTime:0.000320s ]
[ sql ] [ SQL ] select * from post order by post_click_count desc limit 5 [ RunTime:0.000296s ]
[ sql ] [ SQL ] select * from post where is_top = 1 order by timestamp desc limit 3 [ RunTime:0.000296s ]
[ sql ] [ SQL ] INSERT INTO visit (ip,visit_time,visit_posts,visit_author) VALUES(1572369482,'2018-05-22 05:09:35',NULL,0) [ RunTime:0.000272s ]
[ sql ] [ SQL ] select id from visit where visit_time = '2018-05-22 05:09:35' [ RunTime:0.000379s ]
[ sql ] [ SQL ] SHOW COLUMNS FROM `post` [ RunTime:0.000616s ]
[ sql ] [ SQL ] SELECT COUNT(*) AS tp_count FROM `post` LIMIT 1 [ RunTime:0.000180s ]
[ sql ] [ SQL ] SELECT * FROM `post` ORDER BY `timestamp`  desc LIMIT 0,5 [ RunTime:0.000267s ]
---------------------------------------------------------------
[ 2018-05-22T05:18:11+08:00 ] 177.55.152.39 GET /
[ sql ] [ DB ] CONNECT:[ UseTime:0.000511s ] mysql:host=127.0.0.1;port=3306;dbname=database_01;charset=utf8
[ sql ] [ SQL ] select * from author [ RunTime:0.000308s ]
[ sql ] [ SQL ] select * from post order by post_click_count desc limit 5 [ RunTime:0.000317s ]
[ sql ] [ SQL ] select * from post where is_top = 1 order by timestamp desc limit 3 [ RunTime:0.000306s ]
[ sql ] [ SQL ] INSERT INTO visit (ip,visit_time,visit_posts,visit_author) VALUES(2973210663,'2018-05-22 05:18:11',NULL,0) [ RunTime:0.000278s ]
[ sql ] [ SQL ] select id from visit where visit_time = '2018-05-22 05:18:11' [ RunTime:0.000401s ]
[ sql ] [ SQL ] SHOW COLUMNS FROM `post` [ RunTime:0.000599s ]
[ sql ] [ SQL ] SELECT COUNT(*) AS tp_count FROM `post` LIMIT 1 [ RunTime:0.000170s ]
[ sql ] [ SQL ] SELECT * FROM `post` ORDER BY `timestamp`  desc LIMIT 0,5 [ RunTime:0.000251s ]
---------------------------------------------------------------
[ 2018-05-22T05:26:58+08:00 ] 172.104.108.109 GET /
[ sql ] [ DB ] CONNECT:[ UseTime:0.000496s ] mysql:host=127.0.0.1;port=3306;dbname=database_01;charset=utf8
[ sql ] [ SQL ] select * from author [ RunTime:0.000310s ]
[ sql ] [ SQL ] select * from post order by post_click_count desc limit 5 [ RunTime:0.000325s ]
[ sql ] [ SQL ] select * from post where is_top = 1 order by timestamp desc limit 3 [ RunTime:0.000306s ]
[ sql ] [ SQL ] INSERT INTO visit (ip,visit_time,visit_posts,visit_author) VALUES(2892524653,'2018-05-22 05:26:58',NULL,0) [ RunTime:0.000292s ]
[ sql ] [ SQL ] select id from visit where visit_time = '2018-05-22 05:26:58' [ RunTime:0.000422s ]
[ sql ] [ SQL ] SHOW COLUMNS FROM `post` [ RunTime:0.000618s ]
[ sql ] [ SQL ] SELECT COUNT(*) AS tp_count FROM `post` LIMIT 1 [ RunTime:0.000174s ]
[ sql ] [ SQL ] SELECT * FROM `post` ORDER BY `timestamp`  desc LIMIT 0,5 [ RunTime:0.000269s ]
---------------------------------------------------------------
[ 2018-05-22T05:43:32+08:00 ] 179.236.189.62 GET /
[ sql ] [ DB ] CONNECT:[ UseTime:0.000495s ] mysql:host=127.0.0.1;port=3306;dbname=database_01;charset=utf8
[ sql ] [ SQL ] select * from author [ RunTime:0.000305s ]
[ sql ] [ SQL ] select * from post order by post_click_count desc limit 5 [ RunTime:0.000313s ]
[ sql ] [ SQL ] select * from post where is_top = 1 order by timestamp desc limit 3 [ RunTime:0.000333s ]
[ sql ] [ SQL ] INSERT INTO visit (ip,visit_time,visit_posts,visit_author) VALUES(3018636606,'2018-05-22 05:43:32',NULL,0) [ RunTime:0.000296s ]
[ sql ] [ SQL ] select id from visit where visit_time = '2018-05-22 05:43:32' [ RunTime:0.000397s ]
[ sql ] [ SQL ] SHOW COLUMNS FROM `post` [ RunTime:0.000592s ]
[ sql ] [ SQL ] SELECT COUNT(*) AS tp_count FROM `post` LIMIT 1 [ RunTime:0.000165s ]
[ sql ] [ SQL ] SELECT * FROM `post` ORDER BY `timestamp`  desc LIMIT 0,5 [ RunTime:0.000247s ]
---------------------------------------------------------------
[ 2018-05-22T06:05:26+08:00 ] 187.192.47.14 GET /
[ sql ] [ DB ] CONNECT:[ UseTime:0.000444s ] mysql:host=127.0.0.1;port=3306;dbname=database_01;charset=utf8
[ sql ] [ SQL ] select * from author [ RunTime:0.000333s ]
[ sql ] [ SQL ] select * from post order by post_click_count desc limit 5 [ RunTime:0.000349s ]
[ sql ] [ SQL ] select * from post where is_top = 1 order by timestamp desc limit 3 [ RunTime:0.000313s ]
[ sql ] [ SQL ] INSERT INTO visit (ip,visit_time,visit_posts,visit_author) VALUES(3149934350,'2018-05-22 06:05:26',NULL,0) [ RunTime:0.000272s ]
[ sql ] [ SQL ] select id from visit where visit_time = '2018-05-22 06:05:26' [ RunTime:0.000385s ]
[ sql ] [ SQL ] SHOW COLUMNS FROM `post` [ RunTime:0.001765s ]
[ sql ] [ SQL ] SELECT COUNT(*) AS tp_count FROM `post` LIMIT 1 [ RunTime:0.000523s ]
[ sql ] [ SQL ] SELECT * FROM `post` ORDER BY `timestamp`  desc LIMIT 0,5 [ RunTime:0.000903s ]
---------------------------------------------------------------
[ 2018-05-22T06:05:26+08:00 ] 187.192.47.14 GET /
[ sql ] [ DB ] CONNECT:[ UseTime:0.004192s ] mysql:host=127.0.0.1;port=3306;dbname=database_01;charset=utf8
[ sql ] [ SQL ] select * from author [ RunTime:0.000214s ]
[ sql ] [ SQL ] select * from post order by post_click_count desc limit 5 [ RunTime:0.000283s ]
[ sql ] [ SQL ] select * from post where is_top = 1 order by timestamp desc limit 3 [ RunTime:0.000831s ]
[ sql ] [ SQL ] INSERT INTO visit (ip,visit_time,visit_posts,visit_author) VALUES(3149934350,'2018-05-22 06:05:26',NULL,0) [ RunTime:0.000217s ]
[ sql ] [ SQL ] select id from visit where visit_time = '2018-05-22 06:05:26' [ RunTime:0.000643s ]
[ sql ] [ SQL ] SHOW COLUMNS FROM `post` [ RunTime:0.001449s ]
[ sql ] [ SQL ] SELECT COUNT(*) AS tp_count FROM `post` LIMIT 1 [ RunTime:0.000177s ]
[ sql ] [ SQL ] SELECT * FROM `post` ORDER BY `timestamp`  desc LIMIT 0,5 [ RunTime:0.000278s ]
---------------------------------------------------------------
[ 2018-05-22T07:28:21+08:00 ] 192.140.29.233 GET /
[ sql ] [ DB ] CONNECT:[ UseTime:0.000844s ] mysql:host=127.0.0.1;port=3306;dbname=database_01;charset=utf8
[ sql ] [ SQL ] select * from author [ RunTime:0.000316s ]
[ sql ] [ SQL ] select * from post order by post_click_count desc limit 5 [ RunTime:0.000298s ]
[ sql ] [ SQL ] select * from post where is_top = 1 order by timestamp desc limit 3 [ RunTime:0.000314s ]
[ sql ] [ SQL ] INSERT INTO visit (ip,visit_time,visit_posts,visit_author) VALUES(3230408169,'2018-05-22 07:28:21',NULL,0) [ RunTime:0.000294s ]
[ sql ] [ SQL ] select id from visit where visit_time = '2018-05-22 07:28:21' [ RunTime:0.000391s ]
[ sql ] [ SQL ] SHOW COLUMNS FROM `post` [ RunTime:0.000591s ]
[ sql ] [ SQL ] SELECT COUNT(*) AS tp_count FROM `post` LIMIT 1 [ RunTime:0.000205s ]
[ sql ] [ SQL ] SELECT * FROM `post` ORDER BY `timestamp`  desc LIMIT 0,5 [ RunTime:0.000254s ]
---------------------------------------------------------------
[ 2018-05-22T08:36:25+08:00 ] 189.5.198.41 GET /
[ sql ] [ DB ] CONNECT:[ UseTime:0.000539s ] mysql:host=127.0.0.1;port=3306;dbname=database_01;charset=utf8
[ sql ] [ SQL ] select * from author [ RunTime:0.000345s ]
[ sql ] [ SQL ] select * from post order by post_click_count desc limit 5 [ RunTime:0.000300s ]
[ sql ] [ SQL ] select * from post where is_top = 1 order by timestamp desc limit 3 [ RunTime:0.000318s ]
[ sql ] [ SQL ] INSERT INTO visit (ip,visit_time,visit_posts,visit_author) VALUES(3171272233,'2018-05-22 08:36:25',NULL,0) [ RunTime:0.000271s ]
[ sql ] [ SQL ] select id from visit where visit_time = '2018-05-22 08:36:25' [ RunTime:0.000381s ]
[ sql ] [ SQL ] SHOW COLUMNS FROM `post` [ RunTime:0.001054s ]
[ sql ] [ SQL ] SELECT COUNT(*) AS tp_count FROM `post` LIMIT 1 [ RunTime:0.000185s ]
[ sql ] [ SQL ] SELECT * FROM `post` ORDER BY `timestamp`  desc LIMIT 0,5 [ RunTime:0.000256s ]
---------------------------------------------------------------
[ 2018-05-22T08:37:18+08:00 ] 201.42.99.169 GET /
[ sql ] [ DB ] CONNECT:[ UseTime:0.000533s ] mysql:host=127.0.0.1;port=3306;dbname=database_01;charset=utf8
[ sql ] [ SQL ] select * from author [ RunTime:0.000315s ]
[ sql ] [ SQL ] select * from post order by post_click_count desc limit 5 [ RunTime:0.000348s ]
[ sql ] [ SQL ] select * from post where is_top = 1 order by timestamp desc limit 3 [ RunTime:0.000313s ]
[ sql ] [ SQL ] INSERT INTO visit (ip,visit_time,visit_posts,visit_author) VALUES(3374998441,'2018-05-22 08:37:18',NULL,0) [ RunTime:0.000280s ]
[ sql ] [ SQL ] select id from visit where visit_time = '2018-05-22 08:37:18' [ RunTime:0.000382s ]
[ sql ] [ SQL ] SHOW COLUMNS FROM `post` [ RunTime:0.000577s ]
[ sql ] [ SQL ] SELECT COUNT(*) AS tp_count FROM `post` LIMIT 1 [ RunTime:0.000179s ]
[ sql ] [ SQL ] SELECT * FROM `post` ORDER BY `timestamp`  desc LIMIT 0,5 [ RunTime:0.000258s ]
---------------------------------------------------------------
[ 2018-05-22T08:57:22+08:00 ] 54.67.30.61 GET /
[ sql ] [ DB ] CONNECT:[ UseTime:0.000596s ] mysql:host=127.0.0.1;port=3306;dbname=database_01;charset=utf8
[ sql ] [ SQL ] select * from author [ RunTime:0.000315s ]
[ sql ] [ SQL ] select * from post order by post_click_count desc limit 5 [ RunTime:0.000323s ]
[ sql ] [ SQL ] select * from post where is_top = 1 order by timestamp desc limit 3 [ RunTime:0.000306s ]
[ sql ] [ SQL ] INSERT INTO visit (ip,visit_time,visit_posts,visit_author) VALUES(910368317,'2018-05-22 08:57:22',NULL,0) [ RunTime:0.000287s ]
[ sql ] [ SQL ] select id from visit where visit_time = '2018-05-22 08:57:22' [ RunTime:0.000390s ]
[ sql ] [ SQL ] SHOW COLUMNS FROM `post` [ RunTime:0.000650s ]
[ sql ] [ SQL ] SELECT COUNT(*) AS tp_count FROM `post` LIMIT 1 [ RunTime:0.000186s ]
[ sql ] [ SQL ] SELECT * FROM `post` ORDER BY `timestamp`  desc LIMIT 0,5 [ RunTime:0.000279s ]
---------------------------------------------------------------
[ 2018-05-22T09:07:28+08:00 ] 187.208.0.97 GET /
[ sql ] [ DB ] CONNECT:[ UseTime:0.000557s ] mysql:host=127.0.0.1;port=3306;dbname=database_01;charset=utf8
[ sql ] [ SQL ] select * from author [ RunTime:0.000320s ]
[ sql ] [ SQL ] select * from post order by post_click_count desc limit 5 [ RunTime:0.000323s ]
[ sql ] [ SQL ] select * from post where is_top = 1 order by timestamp desc limit 3 [ RunTime:0.000308s ]
[ sql ] [ SQL ] INSERT INTO visit (ip,visit_time,visit_posts,visit_author) VALUES(3150970977,'2018-05-22 09:07:28',NULL,0) [ RunTime:0.000278s ]
[ sql ] [ SQL ] select id from visit where visit_time = '2018-05-22 09:07:28' [ RunTime:0.000402s ]
[ sql ] [ SQL ] SHOW COLUMNS FROM `post` [ RunTime:0.000632s ]
[ sql ] [ SQL ] SELECT COUNT(*) AS tp_count FROM `post` LIMIT 1 [ RunTime:0.000188s ]
[ sql ] [ SQL ] SELECT * FROM `post` ORDER BY `timestamp`  desc LIMIT 0,5 [ RunTime:0.000279s ]
---------------------------------------------------------------
[ 2018-05-22T09:07:28+08:00 ] 187.208.0.97 GET /
[ sql ] [ DB ] CONNECT:[ UseTime:0.000390s ] mysql:host=127.0.0.1;port=3306;dbname=database_01;charset=utf8
[ sql ] [ SQL ] select * from author [ RunTime:0.000220s ]
[ sql ] [ SQL ] select * from post order by post_click_count desc limit 5 [ RunTime:0.000274s ]
[ sql ] [ SQL ] select * from post where is_top = 1 order by timestamp desc limit 3 [ RunTime:0.000297s ]
[ sql ] [ SQL ] INSERT INTO visit (ip,visit_time,visit_posts,visit_author) VALUES(3150970977,'2018-05-22 09:07:28',NULL,0) [ RunTime:0.000218s ]
[ sql ] [ SQL ] select id from visit where visit_time = '2018-05-22 09:07:28' [ RunTime:0.000374s ]
[ sql ] [ SQL ] SHOW COLUMNS FROM `post` [ RunTime:0.000516s ]
[ sql ] [ SQL ] SELECT COUNT(*) AS tp_count FROM `post` LIMIT 1 [ RunTime:0.000171s ]
[ sql ] [ SQL ] SELECT * FROM `post` ORDER BY `timestamp`  desc LIMIT 0,5 [ RunTime:0.000289s ]
---------------------------------------------------------------
[ 2018-05-22T11:04:33+08:00 ] 114.215.252.225 GET /
[ sql ] [ DB ] CONNECT:[ UseTime:0.000516s ] mysql:host=127.0.0.1;port=3306;dbname=database_01;charset=utf8
[ sql ] [ SQL ] select * from author [ RunTime:0.000317s ]
[ sql ] [ SQL ] select * from post order by post_click_count desc limit 5 [ RunTime:0.000316s ]
[ sql ] [ SQL ] select * from post where is_top = 1 order by timestamp desc limit 3 [ RunTime:0.000296s ]
[ sql ] [ SQL ] INSERT INTO visit (ip,visit_time,visit_posts,visit_author) VALUES(1926757601,'2018-05-22 11:04:33',NULL,0) [ RunTime:0.000262s ]
[ sql ] [ SQL ] select id from visit where visit_time = '2018-05-22 11:04:33' [ RunTime:0.000396s ]
[ sql ] [ SQL ] SHOW COLUMNS FROM `post` [ RunTime:0.000581s ]
[ sql ] [ SQL ] SELECT COUNT(*) AS tp_count FROM `post` LIMIT 1 [ RunTime:0.000168s ]
[ sql ] [ SQL ] SELECT * FROM `post` ORDER BY `timestamp`  desc LIMIT 0,5 [ RunTime:0.000246s ]
---------------------------------------------------------------
[ 2018-05-22T12:05:24+08:00 ] 60.191.38.78 GET /
[ sql ] [ DB ] CONNECT:[ UseTime:0.000645s ] mysql:host=127.0.0.1;port=3306;dbname=database_01;charset=utf8
[ sql ] [ SQL ] select * from author [ RunTime:0.000361s ]
[ sql ] [ SQL ] select * from post order by post_click_count desc limit 5 [ RunTime:0.000311s ]
[ sql ] [ SQL ] select * from post where is_top = 1 order by timestamp desc limit 3 [ RunTime:0.000356s ]
[ sql ] [ SQL ] INSERT INTO visit (ip,visit_time,visit_posts,visit_author) VALUES(1019160142,'2018-05-22 12:05:24',NULL,0) [ RunTime:0.000434s ]
[ sql ] [ SQL ] select id from visit where visit_time = '2018-05-22 12:05:24' [ RunTime:0.000661s ]
[ sql ] [ SQL ] SHOW COLUMNS FROM `post` [ RunTime:0.000676s ]
[ sql ] [ SQL ] SELECT COUNT(*) AS tp_count FROM `post` LIMIT 1 [ RunTime:0.000183s ]
[ sql ] [ SQL ] SELECT * FROM `post` ORDER BY `timestamp`  desc LIMIT 0,5 [ RunTime:0.000316s ]
---------------------------------------------------------------
[ 2018-05-22T14:08:24+08:00 ] 95.168.225.21 GET /
[ sql ] [ DB ] CONNECT:[ UseTime:0.000533s ] mysql:host=127.0.0.1;port=3306;dbname=database_01;charset=utf8
[ sql ] [ SQL ] select * from author [ RunTime:0.000319s ]
[ sql ] [ SQL ] select * from post order by post_click_count desc limit 5 [ RunTime:0.000322s ]
[ sql ] [ SQL ] select * from post where is_top = 1 order by timestamp desc limit 3 [ RunTime:0.000294s ]
[ sql ] [ SQL ] INSERT INTO visit (ip,visit_time,visit_posts,visit_author) VALUES(1604903189,'2018-05-22 14:08:24',NULL,0) [ RunTime:0.000274s ]
[ sql ] [ SQL ] select id from visit where visit_time = '2018-05-22 14:08:24' [ RunTime:0.000380s ]
[ sql ] [ SQL ] SHOW COLUMNS FROM `post` [ RunTime:0.000583s ]
[ sql ] [ SQL ] SELECT COUNT(*) AS tp_count FROM `post` LIMIT 1 [ RunTime:0.000165s ]
[ sql ] [ SQL ] SELECT * FROM `post` ORDER BY `timestamp`  desc LIMIT 0,5 [ RunTime:0.000276s ]
---------------------------------------------------------------
[ 2018-05-22T16:53:39+08:00 ] 186.43.36.84 GET /
[ sql ] [ DB ] CONNECT:[ UseTime:0.000538s ] mysql:host=127.0.0.1;port=3306;dbname=database_01;charset=utf8
[ sql ] [ SQL ] select * from author [ RunTime:0.000317s ]
[ sql ] [ SQL ] select * from post order by post_click_count desc limit 5 [ RunTime:0.000417s ]
[ sql ] [ SQL ] select * from post where is_top = 1 order by timestamp desc limit 3 [ RunTime:0.000343s ]
[ sql ] [ SQL ] INSERT INTO visit (ip,visit_time,visit_posts,visit_author) VALUES(3123389524,'2018-05-22 16:53:39',NULL,0) [ RunTime:0.000287s ]
[ sql ] [ SQL ] select id from visit where visit_time = '2018-05-22 16:53:39' [ RunTime:0.000395s ]
[ sql ] [ SQL ] SHOW COLUMNS FROM `post` [ RunTime:0.000613s ]
[ sql ] [ SQL ] SELECT COUNT(*) AS tp_count FROM `post` LIMIT 1 [ RunTime:0.000174s ]
[ sql ] [ SQL ] SELECT * FROM `post` ORDER BY `timestamp`  desc LIMIT 0,5 [ RunTime:0.000288s ]
---------------------------------------------------------------
[ 2018-05-22T16:59:35+08:00 ] 198.20.69.98 GET /
[ sql ] [ DB ] CONNECT:[ UseTime:0.000509s ] mysql:host=127.0.0.1;port=3306;dbname=database_01;charset=utf8
[ sql ] [ SQL ] select * from author [ RunTime:0.000305s ]
[ sql ] [ SQL ] select * from post order by post_click_count desc limit 5 [ RunTime:0.000317s ]
[ sql ] [ SQL ] select * from post where is_top = 1 order by timestamp desc limit 3 [ RunTime:0.000317s ]
[ sql ] [ SQL ] INSERT INTO visit (ip,visit_time,visit_posts,visit_author) VALUES(3323217250,'2018-05-22 16:59:35',NULL,0) [ RunTime:0.000267s ]
[ sql ] [ SQL ] select id from visit where visit_time = '2018-05-22 16:59:35' [ RunTime:0.000415s ]
[ sql ] [ SQL ] SHOW COLUMNS FROM `post` [ RunTime:0.000599s ]
[ sql ] [ SQL ] SELECT COUNT(*) AS tp_count FROM `post` LIMIT 1 [ RunTime:0.000168s ]
[ sql ] [ SQL ] SELECT * FROM `post` ORDER BY `timestamp`  desc LIMIT 0,5 [ RunTime:0.000246s ]
---------------------------------------------------------------
[ 2018-05-22T17:41:09+08:00 ] 191.37.130.44 GET /
[ sql ] [ DB ] CONNECT:[ UseTime:0.000568s ] mysql:host=127.0.0.1;port=3306;dbname=database_01;charset=utf8
[ sql ] [ SQL ] select * from author [ RunTime:0.000335s ]
[ sql ] [ SQL ] select * from post order by post_click_count desc limit 5 [ RunTime:0.000301s ]
[ sql ] [ SQL ] select * from post where is_top = 1 order by timestamp desc limit 3 [ RunTime:0.000310s ]
[ sql ] [ SQL ] INSERT INTO visit (ip,visit_time,visit_posts,visit_author) VALUES(3206906412,'2018-05-22 17:41:09',NULL,0) [ RunTime:0.000274s ]
[ sql ] [ SQL ] select id from visit where visit_time = '2018-05-22 17:41:09' [ RunTime:0.000383s ]
[ sql ] [ SQL ] SHOW COLUMNS FROM `post` [ RunTime:0.000607s ]
[ sql ] [ SQL ] SELECT COUNT(*) AS tp_count FROM `post` LIMIT 1 [ RunTime:0.000284s ]
[ sql ] [ SQL ] SELECT * FROM `post` ORDER BY `timestamp`  desc LIMIT 0,5 [ RunTime:0.000257s ]
---------------------------------------------------------------
[ 2018-05-22T18:34:52+08:00 ] 177.130.245.149 GET /
[ sql ] [ DB ] CONNECT:[ UseTime:0.000520s ] mysql:host=127.0.0.1;port=3306;dbname=database_01;charset=utf8
[ sql ] [ SQL ] select * from author [ RunTime:0.000395s ]
[ sql ] [ SQL ] select * from post order by post_click_count desc limit 5 [ RunTime:0.000321s ]
[ sql ] [ SQL ] select * from post where is_top = 1 order by timestamp desc limit 3 [ RunTime:0.000353s ]
[ sql ] [ SQL ] INSERT INTO visit (ip,visit_time,visit_posts,visit_author) VALUES(2978149781,'2018-05-22 18:34:52',NULL,0) [ RunTime:0.000310s ]
[ sql ] [ SQL ] select id from visit where visit_time = '2018-05-22 18:34:52' [ RunTime:0.000420s ]
[ sql ] [ SQL ] SHOW COLUMNS FROM `post` [ RunTime:0.000624s ]
[ sql ] [ SQL ] SELECT COUNT(*) AS tp_count FROM `post` LIMIT 1 [ RunTime:0.000175s ]
[ sql ] [ SQL ] SELECT * FROM `post` ORDER BY `timestamp`  desc LIMIT 0,5 [ RunTime:0.000284s ]
---------------------------------------------------------------
[ 2018-05-22T18:45:13+08:00 ] 177.47.207.97 GET /
[ sql ] [ DB ] CONNECT:[ UseTime:0.000478s ] mysql:host=127.0.0.1;port=3306;dbname=database_01;charset=utf8
[ sql ] [ SQL ] select * from author [ RunTime:0.000349s ]
[ sql ] [ SQL ] select * from post order by post_click_count desc limit 5 [ RunTime:0.000390s ]
[ sql ] [ SQL ] select * from post where is_top = 1 order by timestamp desc limit 3 [ RunTime:0.000331s ]
[ sql ] [ SQL ] INSERT INTO visit (ip,visit_time,visit_posts,visit_author) VALUES(2972700513,'2018-05-22 18:45:13',NULL,0) [ RunTime:0.000298s ]
[ sql ] [ SQL ] select id from visit where visit_time = '2018-05-22 18:45:13' [ RunTime:0.000419s ]
[ sql ] [ SQL ] SHOW COLUMNS FROM `post` [ RunTime:0.000589s ]
[ sql ] [ SQL ] SELECT COUNT(*) AS tp_count FROM `post` LIMIT 1 [ RunTime:0.000183s ]
[ sql ] [ SQL ] SELECT * FROM `post` ORDER BY `timestamp`  desc LIMIT 0,5 [ RunTime:0.000252s ]
---------------------------------------------------------------
[ 2018-05-22T18:54:13+08:00 ] 77.71.72.11 GET /
[ sql ] [ DB ] CONNECT:[ UseTime:0.000559s ] mysql:host=127.0.0.1;port=3306;dbname=database_01;charset=utf8
[ sql ] [ SQL ] select * from author [ RunTime:0.000451s ]
[ sql ] [ SQL ] select * from post order by post_click_count desc limit 5 [ RunTime:0.000381s ]
[ sql ] [ SQL ] select * from post where is_top = 1 order by timestamp desc limit 3 [ RunTime:0.000308s ]
[ sql ] [ SQL ] INSERT INTO visit (ip,visit_time,visit_posts,visit_author) VALUES(1296517131,'2018-05-22 18:54:13',NULL,0) [ RunTime:0.000297s ]
[ sql ] [ SQL ] select id from visit where visit_time = '2018-05-22 18:54:13' [ RunTime:0.000423s ]
[ sql ] [ SQL ] SHOW COLUMNS FROM `post` [ RunTime:0.000641s ]
[ sql ] [ SQL ] SELECT COUNT(*) AS tp_count FROM `post` LIMIT 1 [ RunTime:0.000186s ]
[ sql ] [ SQL ] SELECT * FROM `post` ORDER BY `timestamp`  desc LIMIT 0,5 [ RunTime:0.000273s ]
---------------------------------------------------------------
[ 2018-05-22T19:35:30+08:00 ] 212.220.99.215 GET /
[ sql ] [ DB ] CONNECT:[ UseTime:0.000464s ] mysql:host=127.0.0.1;port=3306;dbname=database_01;charset=utf8
[ sql ] [ SQL ] select * from author [ RunTime:0.000311s ]
[ sql ] [ SQL ] select * from post order by post_click_count desc limit 5 [ RunTime:0.000308s ]
[ sql ] [ SQL ] select * from post where is_top = 1 order by timestamp desc limit 3 [ RunTime:0.000317s ]
[ sql ] [ SQL ] INSERT INTO visit (ip,visit_time,visit_posts,visit_author) VALUES(3571213271,'2018-05-22 19:35:30',NULL,0) [ RunTime:0.000280s ]
[ sql ] [ SQL ] select id from visit where visit_time = '2018-05-22 19:35:30' [ RunTime:0.000381s ]
[ sql ] [ SQL ] SHOW COLUMNS FROM `post` [ RunTime:0.000575s ]
[ sql ] [ SQL ] SELECT COUNT(*) AS tp_count FROM `post` LIMIT 1 [ RunTime:0.000163s ]
[ sql ] [ SQL ] SELECT * FROM `post` ORDER BY `timestamp`  desc LIMIT 0,5 [ RunTime:0.000245s ]
---------------------------------------------------------------
[ 2018-05-22T20:19:36+08:00 ] 120.76.23.202 GET /
[ sql ] [ DB ] CONNECT:[ UseTime:0.000482s ] mysql:host=127.0.0.1;port=3306;dbname=database_01;charset=utf8
[ sql ] [ SQL ] select * from author [ RunTime:0.000303s ]
[ sql ] [ SQL ] select * from post order by post_click_count desc limit 5 [ RunTime:0.000305s ]
[ sql ] [ SQL ] select * from post where is_top = 1 order by timestamp desc limit 3 [ RunTime:0.000305s ]
[ sql ] [ SQL ] INSERT INTO visit (ip,visit_time,visit_posts,visit_author) VALUES(2018252746,'2018-05-22 20:19:36',NULL,0) [ RunTime:0.000262s ]
[ sql ] [ SQL ] select id from visit where visit_time = '2018-05-22 20:19:36' [ RunTime:0.000380s ]
[ sql ] [ SQL ] SHOW COLUMNS FROM `post` [ RunTime:0.000569s ]
[ sql ] [ SQL ] SELECT COUNT(*) AS tp_count FROM `post` LIMIT 1 [ RunTime:0.000163s ]
[ sql ] [ SQL ] SELECT * FROM `post` ORDER BY `timestamp`  desc LIMIT 0,5 [ RunTime:0.000244s ]
---------------------------------------------------------------
[ 2018-05-22T20:38:47+08:00 ] 196.52.43.62 GET /
[ sql ] [ DB ] CONNECT:[ UseTime:0.000433s ] mysql:host=127.0.0.1;port=3306;dbname=database_01;charset=utf8
[ sql ] [ SQL ] select * from author [ RunTime:0.000322s ]
[ sql ] [ SQL ] select * from post order by post_click_count desc limit 5 [ RunTime:0.000313s ]
[ sql ] [ SQL ] select * from post where is_top = 1 order by timestamp desc limit 3 [ RunTime:0.000297s ]
[ sql ] [ SQL ] INSERT INTO visit (ip,visit_time,visit_posts,visit_author) VALUES(3291753278,'2018-05-22 20:38:47',NULL,0) [ RunTime:0.000270s ]
[ sql ] [ SQL ] select id from visit where visit_time = '2018-05-22 20:38:47' [ RunTime:0.000386s ]
[ sql ] [ SQL ] SHOW COLUMNS FROM `post` [ RunTime:0.000590s ]
[ sql ] [ SQL ] SELECT COUNT(*) AS tp_count FROM `post` LIMIT 1 [ RunTime:0.000166s ]
[ sql ] [ SQL ] SELECT * FROM `post` ORDER BY `timestamp`  desc LIMIT 0,5 [ RunTime:0.000270s ]
---------------------------------------------------------------
[ 2018-05-22T20:53:46+08:00 ] 5.220.201.19 GET /
[ sql ] [ DB ] CONNECT:[ UseTime:0.000531s ] mysql:host=127.0.0.1;port=3306;dbname=database_01;charset=utf8
[ sql ] [ SQL ] select * from author [ RunTime:0.000302s ]
[ sql ] [ SQL ] select * from post order by post_click_count desc limit 5 [ RunTime:0.000303s ]
[ sql ] [ SQL ] select * from post where is_top = 1 order by timestamp desc limit 3 [ RunTime:0.000318s ]
[ sql ] [ SQL ] INSERT INTO visit (ip,visit_time,visit_posts,visit_author) VALUES(98355475,'2018-05-22 20:53:46',NULL,0) [ RunTime:0.000272s ]
[ sql ] [ SQL ] select id from visit where visit_time = '2018-05-22 20:53:46' [ RunTime:0.000385s ]
[ sql ] [ SQL ] SHOW COLUMNS FROM `post` [ RunTime:0.000572s ]
[ sql ] [ SQL ] SELECT COUNT(*) AS tp_count FROM `post` LIMIT 1 [ RunTime:0.000180s ]
[ sql ] [ SQL ] SELECT * FROM `post` ORDER BY `timestamp`  desc LIMIT 0,5 [ RunTime:0.000267s ]
---------------------------------------------------------------
[ 2018-05-22T21:42:50+08:00 ] 189.172.61.15 GET /
[ sql ] [ DB ] CONNECT:[ UseTime:0.000479s ] mysql:host=127.0.0.1;port=3306;dbname=database_01;charset=utf8
[ sql ] [ SQL ] select * from author [ RunTime:0.000308s ]
[ sql ] [ SQL ] select * from post order by post_click_count desc limit 5 [ RunTime:0.000346s ]
[ sql ] [ SQL ] select * from post where is_top = 1 order by timestamp desc limit 3 [ RunTime:0.000300s ]
[ sql ] [ SQL ] INSERT INTO visit (ip,visit_time,visit_posts,visit_author) VALUES(3182181647,'2018-05-22 21:42:50',NULL,0) [ RunTime:0.000279s ]
[ sql ] [ SQL ] select id from visit where visit_time = '2018-05-22 21:42:50' [ RunTime:0.000395s ]
[ sql ] [ SQL ] SHOW COLUMNS FROM `post` [ RunTime:0.000613s ]
[ sql ] [ SQL ] SELECT COUNT(*) AS tp_count FROM `post` LIMIT 1 [ RunTime:0.000167s ]
[ sql ] [ SQL ] SELECT * FROM `post` ORDER BY `timestamp`  desc LIMIT 0,5 [ RunTime:0.000248s ]
---------------------------------------------------------------
[ 2018-05-22T21:47:37+08:00 ] 123.151.42.61 GET http://www.baidu.com/
[ sql ] [ DB ] CONNECT:[ UseTime:0.000496s ] mysql:host=127.0.0.1;port=3306;dbname=database_01;charset=utf8
[ sql ] [ SQL ] select * from author [ RunTime:0.000312s ]
[ sql ] [ SQL ] select * from post order by post_click_count desc limit 5 [ RunTime:0.000311s ]
[ sql ] [ SQL ] select * from post where is_top = 1 order by timestamp desc limit 3 [ RunTime:0.000310s ]
[ sql ] [ SQL ] INSERT INTO visit (ip,visit_time,visit_posts,visit_author) VALUES(2073504317,'2018-05-22 21:47:37',NULL,0) [ RunTime:0.000281s ]
[ sql ] [ SQL ] select id from visit where visit_time = '2018-05-22 21:47:37' [ RunTime:0.000386s ]
[ sql ] [ SQL ] SHOW COLUMNS FROM `post` [ RunTime:0.000581s ]
[ sql ] [ SQL ] SELECT COUNT(*) AS tp_count FROM `post` LIMIT 1 [ RunTime:0.000210s ]
[ sql ] [ SQL ] SELECT * FROM `post` ORDER BY `timestamp`  desc LIMIT 0,5 [ RunTime:0.000246s ]
---------------------------------------------------------------
[ 2018-05-22T22:07:39+08:00 ] 31.184.193.154 GET /
[ sql ] [ DB ] CONNECT:[ UseTime:0.000770s ] mysql:host=127.0.0.1;port=3306;dbname=database_01;charset=utf8
[ sql ] [ SQL ] select * from author [ RunTime:0.000442s ]
[ sql ] [ SQL ] select * from post order by post_click_count desc limit 5 [ RunTime:0.000451s ]
[ sql ] [ SQL ] select * from post where is_top = 1 order by timestamp desc limit 3 [ RunTime:0.000413s ]
[ sql ] [ SQL ] INSERT INTO visit (ip,visit_time,visit_posts,visit_author) VALUES(532201882,'2018-05-22 22:07:39',NULL,0) [ RunTime:0.000364s ]
[ sql ] [ SQL ] select id from visit where visit_time = '2018-05-22 22:07:39' [ RunTime:0.000627s ]
[ sql ] [ SQL ] SHOW COLUMNS FROM `post` [ RunTime:0.000864s ]
[ sql ] [ SQL ] SELECT COUNT(*) AS tp_count FROM `post` LIMIT 1 [ RunTime:0.000235s ]
[ sql ] [ SQL ] SELECT * FROM `post` ORDER BY `timestamp`  desc LIMIT 0,5 [ RunTime:0.000419s ]
---------------------------------------------------------------
[ 2018-05-22T22:15:51+08:00 ] 89.38.150.110 GET /
[ sql ] [ DB ] CONNECT:[ UseTime:0.000456s ] mysql:host=127.0.0.1;port=3306;dbname=database_01;charset=utf8
[ sql ] [ SQL ] select * from author [ RunTime:0.000331s ]
[ sql ] [ SQL ] select * from post order by post_click_count desc limit 5 [ RunTime:0.000299s ]
[ sql ] [ SQL ] select * from post where is_top = 1 order by timestamp desc limit 3 [ RunTime:0.000298s ]
[ sql ] [ SQL ] INSERT INTO visit (ip,visit_time,visit_posts,visit_author) VALUES(1495701102,'2018-05-22 22:15:51',NULL,0) [ RunTime:0.000292s ]
[ sql ] [ SQL ] select id from visit where visit_time = '2018-05-22 22:15:51' [ RunTime:0.000397s ]
[ sql ] [ SQL ] SHOW COLUMNS FROM `post` [ RunTime:0.000598s ]
[ sql ] [ SQL ] SELECT COUNT(*) AS tp_count FROM `post` LIMIT 1 [ RunTime:0.000165s ]
[ sql ] [ SQL ] SELECT * FROM `post` ORDER BY `timestamp`  desc LIMIT 0,5 [ RunTime:0.000260s ]
---------------------------------------------------------------
[ 2018-05-22T22:17:42+08:00 ] 183.61.37.28 CONNECT www.baidu.com:443
[ sql ] [ DB ] CONNECT:[ UseTime:0.000478s ] mysql:host=127.0.0.1;port=3306;dbname=database_01;charset=utf8
[ sql ] [ SQL ] select * from author [ RunTime:0.000313s ]
[ sql ] [ SQL ] select * from post order by post_click_count desc limit 5 [ RunTime:0.000321s ]
[ sql ] [ SQL ] select * from post where is_top = 1 order by timestamp desc limit 3 [ RunTime:0.000307s ]
[ sql ] [ SQL ] INSERT INTO visit (ip,visit_time,visit_posts,visit_author) VALUES(3074237724,'2018-05-22 22:17:42',NULL,0) [ RunTime:0.000277s ]
[ sql ] [ SQL ] select id from visit where visit_time = '2018-05-22 22:17:42' [ RunTime:0.000408s ]
[ sql ] [ SQL ] SHOW COLUMNS FROM `post` [ RunTime:0.000629s ]
[ sql ] [ SQL ] SELECT COUNT(*) AS tp_count FROM `post` LIMIT 1 [ RunTime:0.000174s ]
[ sql ] [ SQL ] SELECT * FROM `post` ORDER BY `timestamp`  desc LIMIT 0,5 [ RunTime:0.000255s ]
---------------------------------------------------------------
[ 2018-05-22T23:17:00+08:00 ] 95.154.81.65 GET /
[ sql ] [ DB ] CONNECT:[ UseTime:0.000482s ] mysql:host=127.0.0.1;port=3306;dbname=database_01;charset=utf8
[ sql ] [ SQL ] select * from author [ RunTime:0.000301s ]
[ sql ] [ SQL ] select * from post order by post_click_count desc limit 5 [ RunTime:0.000311s ]
[ sql ] [ SQL ] select * from post where is_top = 1 order by timestamp desc limit 3 [ RunTime:0.000293s ]
[ sql ] [ SQL ] INSERT INTO visit (ip,visit_time,visit_posts,visit_author) VALUES(1603948865,'2018-05-22 23:17:00',NULL,0) [ RunTime:0.000262s ]
[ sql ] [ SQL ] select id from visit where visit_time = '2018-05-22 23:17:00' [ RunTime:0.000425s ]
[ sql ] [ SQL ] SHOW COLUMNS FROM `post` [ RunTime:0.000587s ]
[ sql ] [ SQL ] SELECT COUNT(*) AS tp_count FROM `post` LIMIT 1 [ RunTime:0.000165s ]
[ sql ] [ SQL ] SELECT * FROM `post` ORDER BY `timestamp`  desc LIMIT 0,5 [ RunTime:0.000245s ]
