---------------------------------------------------------------
[ 2018-05-24T01:15:55+08:00 ] 120.78.225.124 GET /
[ sql ] [ DB ] CONNECT:[ UseTime:0.000511s ] mysql:host=127.0.0.1;port=3306;dbname=database_01;charset=utf8
[ sql ] [ SQL ] select * from author [ RunTime:0.000376s ]
[ sql ] [ SQL ] select * from post order by post_click_count desc limit 5 [ RunTime:0.000331s ]
[ sql ] [ SQL ] select * from post where is_top = 1 order by timestamp desc limit 3 [ RunTime:0.000313s ]
[ sql ] [ SQL ] INSERT INTO visit (ip,visit_time,visit_posts,visit_author) VALUES(2018435452,'2018-05-24 01:15:55',NULL,0) [ RunTime:0.000302s ]
[ sql ] [ SQL ] select id from visit where visit_time = '2018-05-24 01:15:55' [ RunTime:0.000466s ]
[ sql ] [ SQL ] SHOW COLUMNS FROM `post` [ RunTime:0.000615s ]
[ sql ] [ SQL ] SELECT COUNT(*) AS tp_count FROM `post` LIMIT 1 [ RunTime:0.000224s ]
[ sql ] [ SQL ] SELECT * FROM `post` ORDER BY `timestamp`  desc LIMIT 0,5 [ RunTime:0.000257s ]
---------------------------------------------------------------
[ 2018-05-24T02:12:29+08:00 ] 212.237.113.28 GET /
[ sql ] [ DB ] CONNECT:[ UseTime:0.000495s ] mysql:host=127.0.0.1;port=3306;dbname=database_01;charset=utf8
[ sql ] [ SQL ] select * from author [ RunTime:0.000304s ]
[ sql ] [ SQL ] select * from post order by post_click_count desc limit 5 [ RunTime:0.000308s ]
[ sql ] [ SQL ] select * from post where is_top = 1 order by timestamp desc limit 3 [ RunTime:0.000317s ]
[ sql ] [ SQL ] INSERT INTO visit (ip,visit_time,visit_posts,visit_author) VALUES(3572330780,'2018-05-24 02:12:29',NULL,0) [ RunTime:0.000316s ]
[ sql ] [ SQL ] select id from visit where visit_time = '2018-05-24 02:12:29' [ RunTime:0.000401s ]
[ sql ] [ SQL ] SHOW COLUMNS FROM `post` [ RunTime:0.000599s ]
[ sql ] [ SQL ] SELECT COUNT(*) AS tp_count FROM `post` LIMIT 1 [ RunTime:0.000171s ]
[ sql ] [ SQL ] SELECT * FROM `post` ORDER BY `timestamp`  desc LIMIT 0,5 [ RunTime:0.000264s ]
---------------------------------------------------------------
[ 2018-05-24T02:23:33+08:00 ] 119.23.172.148 GET /
[ sql ] [ DB ] CONNECT:[ UseTime:0.000521s ] mysql:host=127.0.0.1;port=3306;dbname=database_01;charset=utf8
[ sql ] [ SQL ] select * from author [ RunTime:0.000352s ]
[ sql ] [ SQL ] select * from post order by post_click_count desc limit 5 [ RunTime:0.000328s ]
[ sql ] [ SQL ] select * from post where is_top = 1 order by timestamp desc limit 3 [ RunTime:0.000331s ]
[ sql ] [ SQL ] INSERT INTO visit (ip,visit_time,visit_posts,visit_author) VALUES(1998040212,'2018-05-24 02:23:33',NULL,0) [ RunTime:0.000326s ]
[ sql ] [ SQL ] select id from visit where visit_time = '2018-05-24 02:23:33' [ RunTime:0.000426s ]
[ sql ] [ SQL ] SHOW COLUMNS FROM `post` [ RunTime:0.000667s ]
[ sql ] [ SQL ] SELECT COUNT(*) AS tp_count FROM `post` LIMIT 1 [ RunTime:0.000182s ]
[ sql ] [ SQL ] SELECT * FROM `post` ORDER BY `timestamp`  desc LIMIT 0,5 [ RunTime:0.000333s ]
---------------------------------------------------------------
[ 2018-05-24T02:28:58+08:00 ] 131.196.56.1 GET /
[ sql ] [ DB ] CONNECT:[ UseTime:0.000488s ] mysql:host=127.0.0.1;port=3306;dbname=database_01;charset=utf8
[ sql ] [ SQL ] select * from author [ RunTime:0.000330s ]
[ sql ] [ SQL ] select * from post order by post_click_count desc limit 5 [ RunTime:0.000296s ]
[ sql ] [ SQL ] select * from post where is_top = 1 order by timestamp desc limit 3 [ RunTime:0.000305s ]
[ sql ] [ SQL ] INSERT INTO visit (ip,visit_time,visit_posts,visit_author) VALUES(2210674689,'2018-05-24 02:28:58',NULL,0) [ RunTime:0.000277s ]
[ sql ] [ SQL ] select id from visit where visit_time = '2018-05-24 02:28:58' [ RunTime:0.000406s ]
[ sql ] [ SQL ] SHOW COLUMNS FROM `post` [ RunTime:0.000572s ]
[ sql ] [ SQL ] SELECT COUNT(*) AS tp_count FROM `post` LIMIT 1 [ RunTime:0.000182s ]
[ sql ] [ SQL ] SELECT * FROM `post` ORDER BY `timestamp`  desc LIMIT 0,5 [ RunTime:0.000242s ]
---------------------------------------------------------------
[ 2018-05-24T03:05:14+08:00 ] 138.118.193.228 GET /
[ sql ] [ DB ] CONNECT:[ UseTime:0.000452s ] mysql:host=127.0.0.1;port=3306;dbname=database_01;charset=utf8
[ sql ] [ SQL ] select * from author [ RunTime:0.000313s ]
[ sql ] [ SQL ] select * from post order by post_click_count desc limit 5 [ RunTime:0.000294s ]
[ sql ] [ SQL ] select * from post where is_top = 1 order by timestamp desc limit 3 [ RunTime:0.000293s ]
[ sql ] [ SQL ] INSERT INTO visit (ip,visit_time,visit_posts,visit_author) VALUES(2323038692,'2018-05-24 03:05:14',NULL,0) [ RunTime:0.000265s ]
[ sql ] [ SQL ] select id from visit where visit_time = '2018-05-24 03:05:14' [ RunTime:0.000390s ]
[ sql ] [ SQL ] SHOW COLUMNS FROM `post` [ RunTime:0.000596s ]
[ sql ] [ SQL ] SELECT COUNT(*) AS tp_count FROM `post` LIMIT 1 [ RunTime:0.000166s ]
[ sql ] [ SQL ] SELECT * FROM `post` ORDER BY `timestamp`  desc LIMIT 0,5 [ RunTime:0.000257s ]
---------------------------------------------------------------
[ 2018-05-24T03:52:08+08:00 ] 120.78.231.236 GET /
[ sql ] [ DB ] CONNECT:[ UseTime:0.000507s ] mysql:host=127.0.0.1;port=3306;dbname=database_01;charset=utf8
[ sql ] [ SQL ] select * from author [ RunTime:0.000307s ]
[ sql ] [ SQL ] select * from post order by post_click_count desc limit 5 [ RunTime:0.000314s ]
[ sql ] [ SQL ] select * from post where is_top = 1 order by timestamp desc limit 3 [ RunTime:0.000310s ]
[ sql ] [ SQL ] INSERT INTO visit (ip,visit_time,visit_posts,visit_author) VALUES(2018437100,'2018-05-24 03:52:08',NULL,0) [ RunTime:0.000267s ]
[ sql ] [ SQL ] select id from visit where visit_time = '2018-05-24 03:52:08' [ RunTime:0.000405s ]
[ sql ] [ SQL ] SHOW COLUMNS FROM `post` [ RunTime:0.000599s ]
[ sql ] [ SQL ] SELECT COUNT(*) AS tp_count FROM `post` LIMIT 1 [ RunTime:0.000167s ]
[ sql ] [ SQL ] SELECT * FROM `post` ORDER BY `timestamp`  desc LIMIT 0,5 [ RunTime:0.000247s ]
---------------------------------------------------------------
[ 2018-05-24T04:11:13+08:00 ] 113.28.59.233 GET /
[ sql ] [ DB ] CONNECT:[ UseTime:0.000507s ] mysql:host=127.0.0.1;port=3306;dbname=database_01;charset=utf8
[ sql ] [ SQL ] select * from author [ RunTime:0.000304s ]
[ sql ] [ SQL ] select * from post order by post_click_count desc limit 5 [ RunTime:0.000298s ]
[ sql ] [ SQL ] select * from post where is_top = 1 order by timestamp desc limit 3 [ RunTime:0.000308s ]
[ sql ] [ SQL ] INSERT INTO visit (ip,visit_time,visit_posts,visit_author) VALUES(1897675753,'2018-05-24 04:11:13',NULL,0) [ RunTime:0.000267s ]
[ sql ] [ SQL ] select id from visit where visit_time = '2018-05-24 04:11:13' [ RunTime:0.000393s ]
[ sql ] [ SQL ] SHOW COLUMNS FROM `post` [ RunTime:0.000605s ]
[ sql ] [ SQL ] SELECT COUNT(*) AS tp_count FROM `post` LIMIT 1 [ RunTime:0.000170s ]
[ sql ] [ SQL ] SELECT * FROM `post` ORDER BY `timestamp`  desc LIMIT 0,5 [ RunTime:0.003109s ]
---------------------------------------------------------------
[ 2018-05-24T05:18:35+08:00 ] 59.111.29.6 GET http://baidu.com/
[ sql ] [ DB ] CONNECT:[ UseTime:0.000478s ] mysql:host=127.0.0.1;port=3306;dbname=database_01;charset=utf8
[ sql ] [ SQL ] select * from author [ RunTime:0.000351s ]
[ sql ] [ SQL ] select * from post order by post_click_count desc limit 5 [ RunTime:0.000333s ]
[ sql ] [ SQL ] select * from post where is_top = 1 order by timestamp desc limit 3 [ RunTime:0.000307s ]
[ sql ] [ SQL ] INSERT INTO visit (ip,visit_time,visit_posts,visit_author) VALUES(997137670,'2018-05-24 05:18:35',NULL,0) [ RunTime:0.000277s ]
[ sql ] [ SQL ] select id from visit where visit_time = '2018-05-24 05:18:35' [ RunTime:0.000407s ]
[ sql ] [ SQL ] SHOW COLUMNS FROM `post` [ RunTime:0.000630s ]
[ sql ] [ SQL ] SELECT COUNT(*) AS tp_count FROM `post` LIMIT 1 [ RunTime:0.000173s ]
[ sql ] [ SQL ] SELECT * FROM `post` ORDER BY `timestamp`  desc LIMIT 0,5 [ RunTime:0.000255s ]
---------------------------------------------------------------
[ 2018-05-24T05:34:26+08:00 ] 110.14.220.5 GET /
[ sql ] [ DB ] CONNECT:[ UseTime:0.000483s ] mysql:host=127.0.0.1;port=3306;dbname=database_01;charset=utf8
[ sql ] [ SQL ] select * from author [ RunTime:0.000299s ]
[ sql ] [ SQL ] select * from post order by post_click_count desc limit 5 [ RunTime:0.000294s ]
[ sql ] [ SQL ] select * from post where is_top = 1 order by timestamp desc limit 3 [ RunTime:0.000304s ]
[ sql ] [ SQL ] INSERT INTO visit (ip,visit_time,visit_posts,visit_author) VALUES(1846467589,'2018-05-24 05:34:26',NULL,0) [ RunTime:0.000277s ]
[ sql ] [ SQL ] select id from visit where visit_time = '2018-05-24 05:34:26' [ RunTime:0.000392s ]
[ sql ] [ SQL ] SHOW COLUMNS FROM `post` [ RunTime:0.000572s ]
[ sql ] [ SQL ] SELECT COUNT(*) AS tp_count FROM `post` LIMIT 1 [ RunTime:0.000178s ]
[ sql ] [ SQL ] SELECT * FROM `post` ORDER BY `timestamp`  desc LIMIT 0,5 [ RunTime:0.000243s ]
---------------------------------------------------------------
[ 2018-05-24T05:37:32+08:00 ] 45.230.176.114 GET /
[ sql ] [ DB ] CONNECT:[ UseTime:0.000465s ] mysql:host=127.0.0.1;port=3306;dbname=database_01;charset=utf8
[ sql ] [ SQL ] select * from author [ RunTime:0.000329s ]
[ sql ] [ SQL ] select * from post order by post_click_count desc limit 5 [ RunTime:0.000299s ]
[ sql ] [ SQL ] select * from post where is_top = 1 order by timestamp desc limit 3 [ RunTime:0.000294s ]
[ sql ] [ SQL ] INSERT INTO visit (ip,visit_time,visit_posts,visit_author) VALUES(770093170,'2018-05-24 05:37:32',NULL,0) [ RunTime:0.000280s ]
[ sql ] [ SQL ] select id from visit where visit_time = '2018-05-24 05:37:32' [ RunTime:0.000393s ]
[ sql ] [ SQL ] SHOW COLUMNS FROM `post` [ RunTime:0.000602s ]
[ sql ] [ SQL ] SELECT COUNT(*) AS tp_count FROM `post` LIMIT 1 [ RunTime:0.000166s ]
[ sql ] [ SQL ] SELECT * FROM `post` ORDER BY `timestamp`  desc LIMIT 0,5 [ RunTime:0.000304s ]
---------------------------------------------------------------
[ 2018-05-24T06:34:04+08:00 ] 134.236.66.67 GET /
[ sql ] [ DB ] CONNECT:[ UseTime:0.000959s ] mysql:host=127.0.0.1;port=3306;dbname=database_01;charset=utf8
[ sql ] [ SQL ] select * from author [ RunTime:0.000337s ]
[ sql ] [ SQL ] select * from post order by post_click_count desc limit 5 [ RunTime:0.000311s ]
[ sql ] [ SQL ] select * from post where is_top = 1 order by timestamp desc limit 3 [ RunTime:0.000349s ]
[ sql ] [ SQL ] INSERT INTO visit (ip,visit_time,visit_posts,visit_author) VALUES(2263630403,'2018-05-24 06:34:04',NULL,0) [ RunTime:0.001393s ]
[ sql ] [ SQL ] select id from visit where visit_time = '2018-05-24 06:34:04' [ RunTime:0.000505s ]
[ sql ] [ SQL ] SHOW COLUMNS FROM `post` [ RunTime:0.000670s ]
[ sql ] [ SQL ] SELECT COUNT(*) AS tp_count FROM `post` LIMIT 1 [ RunTime:0.000206s ]
[ sql ] [ SQL ] SELECT * FROM `post` ORDER BY `timestamp`  desc LIMIT 0,5 [ RunTime:0.000322s ]
---------------------------------------------------------------
[ 2018-05-24T07:02:28+08:00 ] 101.4.110.154 GET /
[ sql ] [ DB ] CONNECT:[ UseTime:0.000533s ] mysql:host=127.0.0.1;port=3306;dbname=database_01;charset=utf8
[ sql ] [ SQL ] select * from author [ RunTime:0.000303s ]
[ sql ] [ SQL ] select * from post order by post_click_count desc limit 5 [ RunTime:0.000295s ]
[ sql ] [ SQL ] select * from post where is_top = 1 order by timestamp desc limit 3 [ RunTime:0.000292s ]
[ sql ] [ SQL ] INSERT INTO visit (ip,visit_time,visit_posts,visit_author) VALUES(1694789274,'2018-05-24 07:02:28',NULL,0) [ RunTime:0.000278s ]
[ sql ] [ SQL ] select id from visit where visit_time = '2018-05-24 07:02:28' [ RunTime:0.000428s ]
[ sql ] [ SQL ] SHOW COLUMNS FROM `post` [ RunTime:0.000581s ]
[ sql ] [ SQL ] SELECT COUNT(*) AS tp_count FROM `post` LIMIT 1 [ RunTime:0.000176s ]
[ sql ] [ SQL ] SELECT * FROM `post` ORDER BY `timestamp`  desc LIMIT 0,5 [ RunTime:0.000284s ]
---------------------------------------------------------------
[ 2018-05-24T09:16:10+08:00 ] 107.170.226.151 GET /
[ sql ] [ DB ] CONNECT:[ UseTime:0.000577s ] mysql:host=127.0.0.1;port=3306;dbname=database_01;charset=utf8
[ sql ] [ SQL ] select * from author [ RunTime:0.000319s ]
[ sql ] [ SQL ] select * from post order by post_click_count desc limit 5 [ RunTime:0.000306s ]
[ sql ] [ SQL ] select * from post where is_top = 1 order by timestamp desc limit 3 [ RunTime:0.000308s ]
[ sql ] [ SQL ] INSERT INTO visit (ip,visit_time,visit_posts,visit_author) VALUES(1806361239,'2018-05-24 09:16:10',NULL,0) [ RunTime:0.000278s ]
[ sql ] [ SQL ] select id from visit where visit_time = '2018-05-24 09:16:10' [ RunTime:0.000415s ]
[ sql ] [ SQL ] SHOW COLUMNS FROM `post` [ RunTime:0.000626s ]
[ sql ] [ SQL ] SELECT COUNT(*) AS tp_count FROM `post` LIMIT 1 [ RunTime:0.000188s ]
[ sql ] [ SQL ] SELECT * FROM `post` ORDER BY `timestamp`  desc LIMIT 0,5 [ RunTime:0.000264s ]
---------------------------------------------------------------
[ 2018-05-24T09:34:22+08:00 ] 36.71.236.70 GET /
[ sql ] [ DB ] CONNECT:[ UseTime:0.000505s ] mysql:host=127.0.0.1;port=3306;dbname=database_01;charset=utf8
[ sql ] [ SQL ] select * from author [ RunTime:0.000318s ]
[ sql ] [ SQL ] select * from post order by post_click_count desc limit 5 [ RunTime:0.000312s ]
[ sql ] [ SQL ] select * from post where is_top = 1 order by timestamp desc limit 3 [ RunTime:0.000294s ]
[ sql ] [ SQL ] INSERT INTO visit (ip,visit_time,visit_posts,visit_author) VALUES(608693318,'2018-05-24 09:34:22',NULL,0) [ RunTime:0.000267s ]
[ sql ] [ SQL ] select id from visit where visit_time = '2018-05-24 09:34:22' [ RunTime:0.000409s ]
[ sql ] [ SQL ] SHOW COLUMNS FROM `post` [ RunTime:0.000612s ]
[ sql ] [ SQL ] SELECT COUNT(*) AS tp_count FROM `post` LIMIT 1 [ RunTime:0.000165s ]
[ sql ] [ SQL ] SELECT * FROM `post` ORDER BY `timestamp`  desc LIMIT 0,5 [ RunTime:0.000245s ]
---------------------------------------------------------------
[ 2018-05-24T09:34:26+08:00 ] 36.71.236.70 GET /
[ sql ] [ DB ] CONNECT:[ UseTime:0.000499s ] mysql:host=127.0.0.1;port=3306;dbname=database_01;charset=utf8
[ sql ] [ SQL ] select * from author [ RunTime:0.000370s ]
[ sql ] [ SQL ] select * from post order by post_click_count desc limit 5 [ RunTime:0.000320s ]
[ sql ] [ SQL ] select * from post where is_top = 1 order by timestamp desc limit 3 [ RunTime:0.000334s ]
[ sql ] [ SQL ] INSERT INTO visit (ip,visit_time,visit_posts,visit_author) VALUES(608693318,'2018-05-24 09:34:26',NULL,0) [ RunTime:0.000281s ]
[ sql ] [ SQL ] select id from visit where visit_time = '2018-05-24 09:34:26' [ RunTime:0.000434s ]
[ sql ] [ SQL ] SHOW COLUMNS FROM `post` [ RunTime:0.000626s ]
[ sql ] [ SQL ] SELECT COUNT(*) AS tp_count FROM `post` LIMIT 1 [ RunTime:0.000194s ]
[ sql ] [ SQL ] SELECT * FROM `post` ORDER BY `timestamp`  desc LIMIT 0,5 [ RunTime:0.000263s ]
---------------------------------------------------------------
[ 2018-05-24T10:31:48+08:00 ] 170.233.46.249 GET /
[ sql ] [ DB ] CONNECT:[ UseTime:0.000527s ] mysql:host=127.0.0.1;port=3306;dbname=database_01;charset=utf8
[ sql ] [ SQL ] select * from author [ RunTime:0.000303s ]
[ sql ] [ SQL ] select * from post order by post_click_count desc limit 5 [ RunTime:0.000298s ]
[ sql ] [ SQL ] select * from post where is_top = 1 order by timestamp desc limit 3 [ RunTime:0.000306s ]
[ sql ] [ SQL ] INSERT INTO visit (ip,visit_time,visit_posts,visit_author) VALUES(2867408633,'2018-05-24 10:31:48',NULL,0) [ RunTime:0.000265s ]
[ sql ] [ SQL ] select id from visit where visit_time = '2018-05-24 10:31:48' [ RunTime:0.000391s ]
[ sql ] [ SQL ] SHOW COLUMNS FROM `post` [ RunTime:0.000574s ]
[ sql ] [ SQL ] SELECT COUNT(*) AS tp_count FROM `post` LIMIT 1 [ RunTime:0.000206s ]
[ sql ] [ SQL ] SELECT * FROM `post` ORDER BY `timestamp`  desc LIMIT 0,5 [ RunTime:0.000277s ]
---------------------------------------------------------------
[ 2018-05-24T10:58:19+08:00 ] 191.255.2.21 GET /
[ sql ] [ DB ] CONNECT:[ UseTime:0.000318s ] mysql:host=127.0.0.1;port=3306;dbname=database_01;charset=utf8
[ sql ] [ SQL ] select * from author [ RunTime:0.000220s ]
[ sql ] [ SQL ] select * from post order by post_click_count desc limit 5 [ RunTime:0.000269s ]
[ sql ] [ SQL ] select * from post where is_top = 1 order by timestamp desc limit 3 [ RunTime:0.000294s ]
[ sql ] [ SQL ] INSERT INTO visit (ip,visit_time,visit_posts,visit_author) VALUES(3221160469,'2018-05-24 10:58:19',NULL,0) [ RunTime:0.000213s ]
[ sql ] [ SQL ] select id from visit where visit_time = '2018-05-24 10:58:19' [ RunTime:0.000392s ]
[ sql ] [ SQL ] SHOW COLUMNS FROM `post` [ RunTime:0.000614s ]
[ sql ] [ SQL ] SELECT COUNT(*) AS tp_count FROM `post` LIMIT 1 [ RunTime:0.000169s ]
[ sql ] [ SQL ] SELECT * FROM `post` ORDER BY `timestamp`  desc LIMIT 0,5 [ RunTime:0.000273s ]
---------------------------------------------------------------
[ 2018-05-24T10:58:19+08:00 ] 191.255.2.21 GET /
[ sql ] [ DB ] CONNECT:[ UseTime:0.000482s ] mysql:host=127.0.0.1;port=3306;dbname=database_01;charset=utf8
[ sql ] [ SQL ] select * from author [ RunTime:0.000316s ]
[ sql ] [ SQL ] select * from post order by post_click_count desc limit 5 [ RunTime:0.000315s ]
[ sql ] [ SQL ] select * from post where is_top = 1 order by timestamp desc limit 3 [ RunTime:0.000307s ]
[ sql ] [ SQL ] INSERT INTO visit (ip,visit_time,visit_posts,visit_author) VALUES(3221160469,'2018-05-24 10:58:19',NULL,0) [ RunTime:0.000294s ]
[ sql ] [ SQL ] select id from visit where visit_time = '2018-05-24 10:58:19' [ RunTime:0.000406s ]
[ sql ] [ SQL ] SHOW COLUMNS FROM `post` [ RunTime:0.000635s ]
[ sql ] [ SQL ] SELECT COUNT(*) AS tp_count FROM `post` LIMIT 1 [ RunTime:0.000177s ]
[ sql ] [ SQL ] SELECT * FROM `post` ORDER BY `timestamp`  desc LIMIT 0,5 [ RunTime:0.005382s ]
---------------------------------------------------------------
[ 2018-05-24T11:19:43+08:00 ] 92.255.165.77 GET /
[ sql ] [ DB ] CONNECT:[ UseTime:0.000485s ] mysql:host=127.0.0.1;port=3306;dbname=database_01;charset=utf8
[ sql ] [ SQL ] select * from author [ RunTime:0.000301s ]
[ sql ] [ SQL ] select * from post order by post_click_count desc limit 5 [ RunTime:0.000309s ]
[ sql ] [ SQL ] select * from post where is_top = 1 order by timestamp desc limit 3 [ RunTime:0.000295s ]
[ sql ] [ SQL ] INSERT INTO visit (ip,visit_time,visit_posts,visit_author) VALUES(1560257869,'2018-05-24 11:19:43',NULL,0) [ RunTime:0.000262s ]
[ sql ] [ SQL ] select id from visit where visit_time = '2018-05-24 11:19:43' [ RunTime:0.000405s ]
[ sql ] [ SQL ] SHOW COLUMNS FROM `post` [ RunTime:0.000599s ]
[ sql ] [ SQL ] SELECT COUNT(*) AS tp_count FROM `post` LIMIT 1 [ RunTime:0.000165s ]
[ sql ] [ SQL ] SELECT * FROM `post` ORDER BY `timestamp`  desc LIMIT 0,5 [ RunTime:0.000242s ]
---------------------------------------------------------------
[ 2018-05-24T11:33:42+08:00 ] 195.9.22.78 GET /
[ sql ] [ DB ] CONNECT:[ UseTime:0.000657s ] mysql:host=127.0.0.1;port=3306;dbname=database_01;charset=utf8
[ sql ] [ SQL ] select * from author [ RunTime:0.000447s ]
[ sql ] [ SQL ] select * from post order by post_click_count desc limit 5 [ RunTime:0.000450s ]
[ sql ] [ SQL ] select * from post where is_top = 1 order by timestamp desc limit 3 [ RunTime:0.000456s ]
[ sql ] [ SQL ] INSERT INTO visit (ip,visit_time,visit_posts,visit_author) VALUES(3272152654,'2018-05-24 11:33:42',NULL,0) [ RunTime:0.000380s ]
[ sql ] [ SQL ] select id from visit where visit_time = '2018-05-24 11:33:42' [ RunTime:0.000792s ]
[ sql ] [ SQL ] SHOW COLUMNS FROM `post` [ RunTime:0.000861s ]
[ sql ] [ SQL ] SELECT COUNT(*) AS tp_count FROM `post` LIMIT 1 [ RunTime:0.000253s ]
[ sql ] [ SQL ] SELECT * FROM `post` ORDER BY `timestamp`  desc LIMIT 0,5 [ RunTime:0.000377s ]
---------------------------------------------------------------
[ 2018-05-24T12:25:37+08:00 ] 59.110.18.205 GET /
[ sql ] [ DB ] CONNECT:[ UseTime:0.000528s ] mysql:host=127.0.0.1;port=3306;dbname=database_01;charset=utf8
[ sql ] [ SQL ] select * from author [ RunTime:0.000370s ]
[ sql ] [ SQL ] select * from post order by post_click_count desc limit 5 [ RunTime:0.000301s ]
[ sql ] [ SQL ] select * from post where is_top = 1 order by timestamp desc limit 3 [ RunTime:0.000311s ]
[ sql ] [ SQL ] INSERT INTO visit (ip,visit_time,visit_posts,visit_author) VALUES(997069517,'2018-05-24 12:25:37',NULL,0) [ RunTime:0.000285s ]
[ sql ] [ SQL ] select id from visit where visit_time = '2018-05-24 12:25:37' [ RunTime:0.000394s ]
[ sql ] [ SQL ] SHOW COLUMNS FROM `post` [ RunTime:0.000570s ]
[ sql ] [ SQL ] SELECT COUNT(*) AS tp_count FROM `post` LIMIT 1 [ RunTime:0.000191s ]
[ sql ] [ SQL ] SELECT * FROM `post` ORDER BY `timestamp`  desc LIMIT 0,5 [ RunTime:0.000252s ]
---------------------------------------------------------------
[ 2018-05-24T12:41:22+08:00 ] 187.144.193.238 GET /
[ sql ] [ DB ] CONNECT:[ UseTime:0.000658s ] mysql:host=127.0.0.1;port=3306;dbname=database_01;charset=utf8
[ sql ] [ SQL ] select * from author [ RunTime:0.000318s ]
[ sql ] [ SQL ] select * from post order by post_click_count desc limit 5 [ RunTime:0.000329s ]
[ sql ] [ SQL ] select * from post where is_top = 1 order by timestamp desc limit 3 [ RunTime:0.000308s ]
[ sql ] [ SQL ] INSERT INTO visit (ip,visit_time,visit_posts,visit_author) VALUES(3146826222,'2018-05-24 12:41:22',NULL,0) [ RunTime:0.000279s ]
[ sql ] [ SQL ] select id from visit where visit_time = '2018-05-24 12:41:22' [ RunTime:0.000449s ]
[ sql ] [ SQL ] SHOW COLUMNS FROM `post` [ RunTime:0.000621s ]
[ sql ] [ SQL ] SELECT COUNT(*) AS tp_count FROM `post` LIMIT 1 [ RunTime:0.000189s ]
[ sql ] [ SQL ] SELECT * FROM `post` ORDER BY `timestamp`  desc LIMIT 0,5 [ RunTime:0.000283s ]
---------------------------------------------------------------
[ 2018-05-24T12:48:54+08:00 ] 187.175.27.28 GET /
[ sql ] [ DB ] CONNECT:[ UseTime:0.000537s ] mysql:host=127.0.0.1;port=3306;dbname=database_01;charset=utf8
[ sql ] [ SQL ] select * from author [ RunTime:0.000307s ]
[ sql ] [ SQL ] select * from post order by post_click_count desc limit 5 [ RunTime:0.000302s ]
[ sql ] [ SQL ] select * from post where is_top = 1 order by timestamp desc limit 3 [ RunTime:0.000320s ]
[ sql ] [ SQL ] INSERT INTO visit (ip,visit_time,visit_posts,visit_author) VALUES(3148815132,'2018-05-24 12:48:54',NULL,0) [ RunTime:0.000272s ]
[ sql ] [ SQL ] select id from visit where visit_time = '2018-05-24 12:48:54' [ RunTime:0.000402s ]
[ sql ] [ SQL ] SHOW COLUMNS FROM `post` [ RunTime:0.000586s ]
[ sql ] [ SQL ] SELECT COUNT(*) AS tp_count FROM `post` LIMIT 1 [ RunTime:0.000188s ]
[ sql ] [ SQL ] SELECT * FROM `post` ORDER BY `timestamp`  desc LIMIT 0,5 [ RunTime:0.000261s ]
---------------------------------------------------------------
[ 2018-05-24T14:27:24+08:00 ] 189.249.142.161 GET /
[ sql ] [ DB ] CONNECT:[ UseTime:0.000476s ] mysql:host=127.0.0.1;port=3306;dbname=database_01;charset=utf8
[ sql ] [ SQL ] select * from author [ RunTime:0.000308s ]
[ sql ] [ SQL ] select * from post order by post_click_count desc limit 5 [ RunTime:0.000305s ]
[ sql ] [ SQL ] select * from post where is_top = 1 order by timestamp desc limit 3 [ RunTime:0.000291s ]
[ sql ] [ SQL ] INSERT INTO visit (ip,visit_time,visit_posts,visit_author) VALUES(3187248801,'2018-05-24 14:27:24',NULL,0) [ RunTime:0.000260s ]
[ sql ] [ SQL ] select id from visit where visit_time = '2018-05-24 14:27:24' [ RunTime:0.000401s ]
[ sql ] [ SQL ] SHOW COLUMNS FROM `post` [ RunTime:0.001445s ]
[ sql ] [ SQL ] SELECT COUNT(*) AS tp_count FROM `post` LIMIT 1 [ RunTime:0.000733s ]
[ sql ] [ SQL ] SELECT * FROM `post` ORDER BY `timestamp`  desc LIMIT 0,5 [ RunTime:0.000911s ]
---------------------------------------------------------------
[ 2018-05-24T14:27:24+08:00 ] 189.249.142.161 GET /
[ sql ] [ DB ] CONNECT:[ UseTime:0.004084s ] mysql:host=127.0.0.1;port=3306;dbname=database_01;charset=utf8
[ sql ] [ SQL ] select * from author [ RunTime:0.000202s ]
[ sql ] [ SQL ] select * from post order by post_click_count desc limit 5 [ RunTime:0.000262s ]
[ sql ] [ SQL ] select * from post where is_top = 1 order by timestamp desc limit 3 [ RunTime:0.000809s ]
[ sql ] [ SQL ] INSERT INTO visit (ip,visit_time,visit_posts,visit_author) VALUES(3187248801,'2018-05-24 14:27:24',NULL,0) [ RunTime:0.000276s ]
[ sql ] [ SQL ] select id from visit where visit_time = '2018-05-24 14:27:24' [ RunTime:0.000572s ]
[ sql ] [ SQL ] SHOW COLUMNS FROM `post` [ RunTime:0.001486s ]
[ sql ] [ SQL ] SELECT COUNT(*) AS tp_count FROM `post` LIMIT 1 [ RunTime:0.000173s ]
[ sql ] [ SQL ] SELECT * FROM `post` ORDER BY `timestamp`  desc LIMIT 0,5 [ RunTime:0.000259s ]
---------------------------------------------------------------
[ 2018-05-24T15:20:37+08:00 ] 91.221.176.154 GET /
[ sql ] [ DB ] CONNECT:[ UseTime:0.000463s ] mysql:host=127.0.0.1;port=3306;dbname=database_01;charset=utf8
[ sql ] [ SQL ] select * from author [ RunTime:0.000301s ]
[ sql ] [ SQL ] select * from post order by post_click_count desc limit 5 [ RunTime:0.000317s ]
[ sql ] [ SQL ] select * from post where is_top = 1 order by timestamp desc limit 3 [ RunTime:0.000320s ]
[ sql ] [ SQL ] INSERT INTO visit (ip,visit_time,visit_posts,visit_author) VALUES(1541255322,'2018-05-24 15:20:37',NULL,0) [ RunTime:0.000332s ]
[ sql ] [ SQL ] select id from visit where visit_time = '2018-05-24 15:20:37' [ RunTime:0.000403s ]
[ sql ] [ SQL ] SHOW COLUMNS FROM `post` [ RunTime:0.000598s ]
[ sql ] [ SQL ] SELECT COUNT(*) AS tp_count FROM `post` LIMIT 1 [ RunTime:0.000168s ]
[ sql ] [ SQL ] SELECT * FROM `post` ORDER BY `timestamp`  desc LIMIT 0,5 [ RunTime:0.000247s ]
---------------------------------------------------------------
[ 2018-05-24T17:17:58+08:00 ] 45.248.43.91 GET /
[ sql ] [ DB ] CONNECT:[ UseTime:0.000494s ] mysql:host=127.0.0.1;port=3306;dbname=database_01;charset=utf8
[ sql ] [ SQL ] select * from author [ RunTime:0.000303s ]
[ sql ] [ SQL ] select * from post order by post_click_count desc limit 5 [ RunTime:0.000299s ]
[ sql ] [ SQL ] select * from post where is_top = 1 order by timestamp desc limit 3 [ RunTime:0.000304s ]
[ sql ] [ SQL ] INSERT INTO visit (ip,visit_time,visit_posts,visit_author) VALUES(771238747,'2018-05-24 17:17:58',NULL,0) [ RunTime:0.000262s ]
[ sql ] [ SQL ] select id from visit where visit_time = '2018-05-24 17:17:58' [ RunTime:0.000452s ]
[ sql ] [ SQL ] SHOW COLUMNS FROM `post` [ RunTime:0.000572s ]
[ sql ] [ SQL ] SELECT COUNT(*) AS tp_count FROM `post` LIMIT 1 [ RunTime:0.000164s ]
[ sql ] [ SQL ] SELECT * FROM `post` ORDER BY `timestamp`  desc LIMIT 0,5 [ RunTime:0.000246s ]
---------------------------------------------------------------
[ 2018-05-24T18:07:57+08:00 ] 106.75.92.187 GET /
[ sql ] [ DB ] CONNECT:[ UseTime:0.000545s ] mysql:host=127.0.0.1;port=3306;dbname=database_01;charset=utf8
[ sql ] [ SQL ] select * from author [ RunTime:0.000303s ]
[ sql ] [ SQL ] select * from post order by post_click_count desc limit 5 [ RunTime:0.000345s ]
[ sql ] [ SQL ] select * from post where is_top = 1 order by timestamp desc limit 3 [ RunTime:0.000315s ]
[ sql ] [ SQL ] INSERT INTO visit (ip,visit_time,visit_posts,visit_author) VALUES(1783323835,'2018-05-24 18:07:57',NULL,0) [ RunTime:0.000288s ]
[ sql ] [ SQL ] select id from visit where visit_time = '2018-05-24 18:07:57' [ RunTime:0.000449s ]
[ sql ] [ SQL ] SHOW COLUMNS FROM `post` [ RunTime:0.000632s ]
[ sql ] [ SQL ] SELECT COUNT(*) AS tp_count FROM `post` LIMIT 1 [ RunTime:0.000168s ]
[ sql ] [ SQL ] SELECT * FROM `post` ORDER BY `timestamp`  desc LIMIT 0,5 [ RunTime:0.000246s ]
---------------------------------------------------------------
[ 2018-05-24T18:38:50+08:00 ] 189.231.144.230 GET /
[ sql ] [ DB ] CONNECT:[ UseTime:0.000515s ] mysql:host=127.0.0.1;port=3306;dbname=database_01;charset=utf8
[ sql ] [ SQL ] select * from author [ RunTime:0.000388s ]
[ sql ] [ SQL ] select * from post order by post_click_count desc limit 5 [ RunTime:0.000322s ]
[ sql ] [ SQL ] select * from post where is_top = 1 order by timestamp desc limit 3 [ RunTime:0.000320s ]
[ sql ] [ SQL ] INSERT INTO visit (ip,visit_time,visit_posts,visit_author) VALUES(3186069734,'2018-05-24 18:38:50',NULL,0) [ RunTime:0.001479s ]
[ sql ] [ SQL ] select id from visit where visit_time = '2018-05-24 18:38:50' [ RunTime:0.000423s ]
[ sql ] [ SQL ] SHOW COLUMNS FROM `post` [ RunTime:0.000631s ]
[ sql ] [ SQL ] SELECT COUNT(*) AS tp_count FROM `post` LIMIT 1 [ RunTime:0.000200s ]
[ sql ] [ SQL ] SELECT * FROM `post` ORDER BY `timestamp`  desc LIMIT 0,5 [ RunTime:0.000268s ]
---------------------------------------------------------------
[ 2018-05-24T19:17:22+08:00 ] 187.144.222.66 GET /
[ sql ] [ DB ] CONNECT:[ UseTime:0.000468s ] mysql:host=127.0.0.1;port=3306;dbname=database_01;charset=utf8
[ sql ] [ SQL ] select * from author [ RunTime:0.000354s ]
[ sql ] [ SQL ] select * from post order by post_click_count desc limit 5 [ RunTime:0.000431s ]
[ sql ] [ SQL ] select * from post where is_top = 1 order by timestamp desc limit 3 [ RunTime:0.000326s ]
[ sql ] [ SQL ] INSERT INTO visit (ip,visit_time,visit_posts,visit_author) VALUES(3146833474,'2018-05-24 19:17:22',NULL,0) [ RunTime:0.000266s ]
[ sql ] [ SQL ] select id from visit where visit_time = '2018-05-24 19:17:22' [ RunTime:0.000466s ]
[ sql ] [ SQL ] SHOW COLUMNS FROM `post` [ RunTime:0.000611s ]
[ sql ] [ SQL ] SELECT COUNT(*) AS tp_count FROM `post` LIMIT 1 [ RunTime:0.000172s ]
[ sql ] [ SQL ] SELECT * FROM `post` ORDER BY `timestamp`  desc LIMIT 0,5 [ RunTime:0.000246s ]
---------------------------------------------------------------
[ 2018-05-24T19:31:06+08:00 ] 31.184.193.154 GET /
[ sql ] [ DB ] CONNECT:[ UseTime:0.000513s ] mysql:host=127.0.0.1;port=3306;dbname=database_01;charset=utf8
[ sql ] [ SQL ] select * from author [ RunTime:0.000330s ]
[ sql ] [ SQL ] select * from post order by post_click_count desc limit 5 [ RunTime:0.000309s ]
[ sql ] [ SQL ] select * from post where is_top = 1 order by timestamp desc limit 3 [ RunTime:0.000324s ]
[ sql ] [ SQL ] INSERT INTO visit (ip,visit_time,visit_posts,visit_author) VALUES(532201882,'2018-05-24 19:31:06',NULL,0) [ RunTime:0.001337s ]
[ sql ] [ SQL ] select id from visit where visit_time = '2018-05-24 19:31:06' [ RunTime:0.000464s ]
[ sql ] [ SQL ] SHOW COLUMNS FROM `post` [ RunTime:0.000598s ]
[ sql ] [ SQL ] SELECT COUNT(*) AS tp_count FROM `post` LIMIT 1 [ RunTime:0.000178s ]
[ sql ] [ SQL ] SELECT * FROM `post` ORDER BY `timestamp`  desc LIMIT 0,5 [ RunTime:0.000257s ]
---------------------------------------------------------------
[ 2018-05-24T19:32:07+08:00 ] 120.55.81.217 GET /
[ sql ] [ DB ] CONNECT:[ UseTime:0.000493s ] mysql:host=127.0.0.1;port=3306;dbname=database_01;charset=utf8
[ sql ] [ SQL ] select * from author [ RunTime:0.000313s ]
[ sql ] [ SQL ] select * from post order by post_click_count desc limit 5 [ RunTime:0.000307s ]
[ sql ] [ SQL ] select * from post where is_top = 1 order by timestamp desc limit 3 [ RunTime:0.000334s ]
[ sql ] [ SQL ] INSERT INTO visit (ip,visit_time,visit_posts,visit_author) VALUES(2016891353,'2018-05-24 19:32:07',NULL,0) [ RunTime:0.000324s ]
[ sql ] [ SQL ] select id from visit where visit_time = '2018-05-24 19:32:07' [ RunTime:0.000429s ]
[ sql ] [ SQL ] SHOW COLUMNS FROM `post` [ RunTime:0.000609s ]
[ sql ] [ SQL ] SELECT COUNT(*) AS tp_count FROM `post` LIMIT 1 [ RunTime:0.000177s ]
[ sql ] [ SQL ] SELECT * FROM `post` ORDER BY `timestamp`  desc LIMIT 0,5 [ RunTime:0.000258s ]
---------------------------------------------------------------
[ 2018-05-24T20:19:48+08:00 ] 169.255.188.184 GET /
[ sql ] [ DB ] CONNECT:[ UseTime:0.000544s ] mysql:host=127.0.0.1;port=3306;dbname=database_01;charset=utf8
[ sql ] [ SQL ] select * from author [ RunTime:0.000308s ]
[ sql ] [ SQL ] select * from post order by post_click_count desc limit 5 [ RunTime:0.000311s ]
[ sql ] [ SQL ] select * from post where is_top = 1 order by timestamp desc limit 3 [ RunTime:0.000309s ]
[ sql ] [ SQL ] INSERT INTO visit (ip,visit_time,visit_posts,visit_author) VALUES(2852109496,'2018-05-24 20:19:48',NULL,0) [ RunTime:0.000265s ]
[ sql ] [ SQL ] select id from visit where visit_time = '2018-05-24 20:19:48' [ RunTime:0.000410s ]
[ sql ] [ SQL ] SHOW COLUMNS FROM `post` [ RunTime:0.000586s ]
[ sql ] [ SQL ] SELECT COUNT(*) AS tp_count FROM `post` LIMIT 1 [ RunTime:0.000165s ]
[ sql ] [ SQL ] SELECT * FROM `post` ORDER BY `timestamp`  desc LIMIT 0,5 [ RunTime:0.000244s ]
---------------------------------------------------------------
[ 2018-05-24T21:15:13+08:00 ] 139.162.106.181 GET /
[ sql ] [ DB ] CONNECT:[ UseTime:0.000494s ] mysql:host=127.0.0.1;port=3306;dbname=database_01;charset=utf8
[ sql ] [ SQL ] select * from author [ RunTime:0.000313s ]
[ sql ] [ SQL ] select * from post order by post_click_count desc limit 5 [ RunTime:0.000356s ]
[ sql ] [ SQL ] select * from post where is_top = 1 order by timestamp desc limit 3 [ RunTime:0.000338s ]
[ sql ] [ SQL ] INSERT INTO visit (ip,visit_time,visit_posts,visit_author) VALUES(2342677173,'2018-05-24 21:15:13',NULL,0) [ RunTime:0.001325s ]
[ sql ] [ SQL ] select id from visit where visit_time = '2018-05-24 21:15:13' [ RunTime:0.000472s ]
[ sql ] [ SQL ] SHOW COLUMNS FROM `post` [ RunTime:0.000612s ]
[ sql ] [ SQL ] SELECT COUNT(*) AS tp_count FROM `post` LIMIT 1 [ RunTime:0.000199s ]
[ sql ] [ SQL ] SELECT * FROM `post` ORDER BY `timestamp`  desc LIMIT 0,5 [ RunTime:0.000258s ]
---------------------------------------------------------------
[ 2018-05-24T23:07:17+08:00 ] 109.228.249.14 GET /
[ sql ] [ DB ] CONNECT:[ UseTime:0.000484s ] mysql:host=127.0.0.1;port=3306;dbname=database_01;charset=utf8
[ sql ] [ SQL ] select * from author [ RunTime:0.000322s ]
[ sql ] [ SQL ] select * from post order by post_click_count desc limit 5 [ RunTime:0.000315s ]
[ sql ] [ SQL ] select * from post where is_top = 1 order by timestamp desc limit 3 [ RunTime:0.000315s ]
[ sql ] [ SQL ] INSERT INTO visit (ip,visit_time,visit_posts,visit_author) VALUES(1843722510,'2018-05-24 23:07:17',NULL,0) [ RunTime:0.000285s ]
[ sql ] [ SQL ] select id from visit where visit_time = '2018-05-24 23:07:17' [ RunTime:0.000412s ]
[ sql ] [ SQL ] SHOW COLUMNS FROM `post` [ RunTime:0.000586s ]
[ sql ] [ SQL ] SELECT COUNT(*) AS tp_count FROM `post` LIMIT 1 [ RunTime:0.000169s ]
[ sql ] [ SQL ] SELECT * FROM `post` ORDER BY `timestamp`  desc LIMIT 0,5 [ RunTime:0.000290s ]
---------------------------------------------------------------
[ 2018-05-24T23:15:04+08:00 ] 77.244.47.119 GET /
[ sql ] [ DB ] CONNECT:[ UseTime:0.000458s ] mysql:host=127.0.0.1;port=3306;dbname=database_01;charset=utf8
[ sql ] [ SQL ] select * from author [ RunTime:0.000303s ]
[ sql ] [ SQL ] select * from post order by post_click_count desc limit 5 [ RunTime:0.000332s ]
[ sql ] [ SQL ] select * from post where is_top = 1 order by timestamp desc limit 3 [ RunTime:0.000293s ]
[ sql ] [ SQL ] INSERT INTO visit (ip,visit_time,visit_posts,visit_author) VALUES(1307848567,'2018-05-24 23:15:04',NULL,0) [ RunTime:0.000292s ]
[ sql ] [ SQL ] select id from visit where visit_time = '2018-05-24 23:15:04' [ RunTime:0.000411s ]
[ sql ] [ SQL ] SHOW COLUMNS FROM `post` [ RunTime:0.000586s ]
[ sql ] [ SQL ] SELECT COUNT(*) AS tp_count FROM `post` LIMIT 1 [ RunTime:0.000165s ]
[ sql ] [ SQL ] SELECT * FROM `post` ORDER BY `timestamp`  desc LIMIT 0,5 [ RunTime:0.000244s ]
---------------------------------------------------------------
[ 2018-05-24T23:37:41+08:00 ] 182.239.134.179 GET /
[ sql ] [ DB ] CONNECT:[ UseTime:0.000488s ] mysql:host=127.0.0.1;port=3306;dbname=database_01;charset=utf8
[ sql ] [ SQL ] select * from author [ RunTime:0.000307s ]
[ sql ] [ SQL ] select * from post order by post_click_count desc limit 5 [ RunTime:0.000298s ]
[ sql ] [ SQL ] select * from post where is_top = 1 order by timestamp desc limit 3 [ RunTime:0.000306s ]
[ sql ] [ SQL ] INSERT INTO visit (ip,visit_time,visit_posts,visit_author) VALUES(3069150899,'2018-05-24 23:37:41',NULL,0) [ RunTime:0.000267s ]
[ sql ] [ SQL ] select id from visit where visit_time = '2018-05-24 23:37:41' [ RunTime:0.000397s ]
[ sql ] [ SQL ] SHOW COLUMNS FROM `post` [ RunTime:0.000576s ]
[ sql ] [ SQL ] SELECT COUNT(*) AS tp_count FROM `post` LIMIT 1 [ RunTime:0.000204s ]
[ sql ] [ SQL ] SELECT * FROM `post` ORDER BY `timestamp`  desc LIMIT 0,5 [ RunTime:0.000250s ]
---------------------------------------------------------------
[ 2018-05-24T23:43:49+08:00 ] 23.236.77.30 GET /
[ sql ] [ DB ] CONNECT:[ UseTime:0.000485s ] mysql:host=127.0.0.1;port=3306;dbname=database_01;charset=utf8
[ sql ] [ SQL ] select * from author [ RunTime:0.000315s ]
[ sql ] [ SQL ] select * from post order by post_click_count desc limit 5 [ RunTime:0.000313s ]
[ sql ] [ SQL ] select * from post where is_top = 1 order by timestamp desc limit 3 [ RunTime:0.000297s ]
[ sql ] [ SQL ] INSERT INTO visit (ip,visit_time,visit_posts,visit_author) VALUES(401362206,'2018-05-24 23:43:49',NULL,0) [ RunTime:0.001231s ]
[ sql ] [ SQL ] select id from visit where visit_time = '2018-05-24 23:43:49' [ RunTime:0.000438s ]
[ sql ] [ SQL ] SHOW COLUMNS FROM `post` [ RunTime:0.000592s ]
[ sql ] [ SQL ] SELECT COUNT(*) AS tp_count FROM `post` LIMIT 1 [ RunTime:0.000167s ]
[ sql ] [ SQL ] SELECT * FROM `post` ORDER BY `timestamp`  desc LIMIT 0,5 [ RunTime:0.000260s ]
