---------------------------------------------------------------
[ 2018-05-25T00:15:29+08:00 ] 189.19.111.42 GET /
[ sql ] [ DB ] CONNECT:[ UseTime:0.000500s ] mysql:host=127.0.0.1;port=3306;dbname=database_01;charset=utf8
[ sql ] [ SQL ] select * from author [ RunTime:0.000327s ]
[ sql ] [ SQL ] select * from post order by post_click_count desc limit 5 [ RunTime:0.000309s ]
[ sql ] [ SQL ] select * from post where is_top = 1 order by timestamp desc limit 3 [ RunTime:0.000332s ]
[ sql ] [ SQL ] INSERT INTO visit (ip,visit_time,visit_posts,visit_author) VALUES(3172167466,'2018-05-25 00:15:29',NULL,0) [ RunTime:0.000283s ]
[ sql ] [ SQL ] select id from visit where visit_time = '2018-05-25 00:15:29' [ RunTime:0.000441s ]
[ sql ] [ SQL ] SHOW COLUMNS FROM `post` [ RunTime:0.000641s ]
[ sql ] [ SQL ] SELECT COUNT(*) AS tp_count FROM `post` LIMIT 1 [ RunTime:0.000177s ]
[ sql ] [ SQL ] SELECT * FROM `post` ORDER BY `timestamp`  desc LIMIT 0,5 [ RunTime:0.000279s ]
---------------------------------------------------------------
[ 2018-05-25T00:48:18+08:00 ] 106.15.76.85 GET /
[ sql ] [ DB ] CONNECT:[ UseTime:0.000562s ] mysql:host=127.0.0.1;port=3306;dbname=database_01;charset=utf8
[ sql ] [ SQL ] select * from author [ RunTime:0.000351s ]
[ sql ] [ SQL ] select * from post order by post_click_count desc limit 5 [ RunTime:0.000311s ]
[ sql ] [ SQL ] select * from post where is_top = 1 order by timestamp desc limit 3 [ RunTime:0.000297s ]
[ sql ] [ SQL ] INSERT INTO visit (ip,visit_time,visit_posts,visit_author) VALUES(1779387477,'2018-05-25 00:48:18',NULL,0) [ RunTime:0.000281s ]
[ sql ] [ SQL ] select id from visit where visit_time = '2018-05-25 00:48:18' [ RunTime:0.000400s ]
[ sql ] [ SQL ] SHOW COLUMNS FROM `post` [ RunTime:0.000601s ]
[ sql ] [ SQL ] SELECT COUNT(*) AS tp_count FROM `post` LIMIT 1 [ RunTime:0.000172s ]
[ sql ] [ SQL ] SELECT * FROM `post` ORDER BY `timestamp`  desc LIMIT 0,5 [ RunTime:0.000258s ]
---------------------------------------------------------------
[ 2018-05-25T00:53:10+08:00 ] 189.163.12.168 GET /
[ sql ] [ DB ] CONNECT:[ UseTime:0.000522s ] mysql:host=127.0.0.1;port=3306;dbname=database_01;charset=utf8
[ sql ] [ SQL ] select * from author [ RunTime:0.000324s ]
[ sql ] [ SQL ] select * from post order by post_click_count desc limit 5 [ RunTime:0.000327s ]
[ sql ] [ SQL ] select * from post where is_top = 1 order by timestamp desc limit 3 [ RunTime:0.000317s ]
[ sql ] [ SQL ] INSERT INTO visit (ip,visit_time,visit_posts,visit_author) VALUES(3181579432,'2018-05-25 00:53:10',NULL,0) [ RunTime:0.000280s ]
[ sql ] [ SQL ] select id from visit where visit_time = '2018-05-25 00:53:10' [ RunTime:0.000437s ]
[ sql ] [ SQL ] SHOW COLUMNS FROM `post` [ RunTime:0.000591s ]
[ sql ] [ SQL ] SELECT COUNT(*) AS tp_count FROM `post` LIMIT 1 [ RunTime:0.000173s ]
[ sql ] [ SQL ] SELECT * FROM `post` ORDER BY `timestamp`  desc LIMIT 0,5 [ RunTime:0.000260s ]
---------------------------------------------------------------
[ 2018-05-25T01:07:56+08:00 ] 47.93.90.175 GET /
[ sql ] [ DB ] CONNECT:[ UseTime:0.000491s ] mysql:host=127.0.0.1;port=3306;dbname=database_01;charset=utf8
[ sql ] [ SQL ] select * from author [ RunTime:0.000357s ]
[ sql ] [ SQL ] select * from post order by post_click_count desc limit 5 [ RunTime:0.000313s ]
[ sql ] [ SQL ] select * from post where is_top = 1 order by timestamp desc limit 3 [ RunTime:0.000310s ]
[ sql ] [ SQL ] INSERT INTO visit (ip,visit_time,visit_posts,visit_author) VALUES(794647215,'2018-05-25 01:07:56',NULL,0) [ RunTime:0.000296s ]
[ sql ] [ SQL ] select id from visit where visit_time = '2018-05-25 01:07:56' [ RunTime:0.000433s ]
[ sql ] [ SQL ] SHOW COLUMNS FROM `post` [ RunTime:0.000595s ]
[ sql ] [ SQL ] SELECT COUNT(*) AS tp_count FROM `post` LIMIT 1 [ RunTime:0.000173s ]
[ sql ] [ SQL ] SELECT * FROM `post` ORDER BY `timestamp`  desc LIMIT 0,5 [ RunTime:0.000271s ]
---------------------------------------------------------------
[ 2018-05-25T01:25:29+08:00 ] 120.78.231.236 GET /
[ sql ] [ DB ] CONNECT:[ UseTime:0.000531s ] mysql:host=127.0.0.1;port=3306;dbname=database_01;charset=utf8
[ sql ] [ SQL ] select * from author [ RunTime:0.000310s ]
[ sql ] [ SQL ] select * from post order by post_click_count desc limit 5 [ RunTime:0.000404s ]
[ sql ] [ SQL ] select * from post where is_top = 1 order by timestamp desc limit 3 [ RunTime:0.000310s ]
[ sql ] [ SQL ] INSERT INTO visit (ip,visit_time,visit_posts,visit_author) VALUES(2018437100,'2018-05-25 01:25:29',NULL,0) [ RunTime:0.000289s ]
[ sql ] [ SQL ] select id from visit where visit_time = '2018-05-25 01:25:29' [ RunTime:0.000425s ]
[ sql ] [ SQL ] SHOW COLUMNS FROM `post` [ RunTime:0.000604s ]
[ sql ] [ SQL ] SELECT COUNT(*) AS tp_count FROM `post` LIMIT 1 [ RunTime:0.000172s ]
[ sql ] [ SQL ] SELECT * FROM `post` ORDER BY `timestamp`  desc LIMIT 0,5 [ RunTime:0.000254s ]
---------------------------------------------------------------
[ 2018-05-25T01:28:34+08:00 ] 179.110.209.90 GET /
[ sql ] [ DB ] CONNECT:[ UseTime:0.000498s ] mysql:host=127.0.0.1;port=3306;dbname=database_01;charset=utf8
[ sql ] [ SQL ] select * from author [ RunTime:0.000318s ]
[ sql ] [ SQL ] select * from post order by post_click_count desc limit 5 [ RunTime:0.000301s ]
[ sql ] [ SQL ] select * from post where is_top = 1 order by timestamp desc limit 3 [ RunTime:0.000307s ]
[ sql ] [ SQL ] INSERT INTO visit (ip,visit_time,visit_posts,visit_author) VALUES(3010384218,'2018-05-25 01:28:34',NULL,0) [ RunTime:0.000267s ]
[ sql ] [ SQL ] select id from visit where visit_time = '2018-05-25 01:28:34' [ RunTime:0.000399s ]
[ sql ] [ SQL ] SHOW COLUMNS FROM `post` [ RunTime:0.000580s ]
[ sql ] [ SQL ] SELECT COUNT(*) AS tp_count FROM `post` LIMIT 1 [ RunTime:0.000183s ]
[ sql ] [ SQL ] SELECT * FROM `post` ORDER BY `timestamp`  desc LIMIT 0,5 [ RunTime:0.000246s ]
---------------------------------------------------------------
[ 2018-05-25T01:52:55+08:00 ] 123.151.42.61 GET http://www.baidu.com/
[ sql ] [ DB ] CONNECT:[ UseTime:0.000485s ] mysql:host=127.0.0.1;port=3306;dbname=database_01;charset=utf8
[ sql ] [ SQL ] select * from author [ RunTime:0.000305s ]
[ sql ] [ SQL ] select * from post order by post_click_count desc limit 5 [ RunTime:0.000297s ]
[ sql ] [ SQL ] select * from post where is_top = 1 order by timestamp desc limit 3 [ RunTime:0.000298s ]
[ sql ] [ SQL ] INSERT INTO visit (ip,visit_time,visit_posts,visit_author) VALUES(2073504317,'2018-05-25 01:52:55',NULL,0) [ RunTime:0.000270s ]
[ sql ] [ SQL ] select id from visit where visit_time = '2018-05-25 01:52:55' [ RunTime:0.000413s ]
[ sql ] [ SQL ] SHOW COLUMNS FROM `post` [ RunTime:0.000579s ]
[ sql ] [ SQL ] SELECT COUNT(*) AS tp_count FROM `post` LIMIT 1 [ RunTime:0.000192s ]
[ sql ] [ SQL ] SELECT * FROM `post` ORDER BY `timestamp`  desc LIMIT 0,5 [ RunTime:0.000247s ]
---------------------------------------------------------------
[ 2018-05-25T02:02:45+08:00 ] 60.191.38.78 GET /
[ sql ] [ DB ] CONNECT:[ UseTime:0.000482s ] mysql:host=127.0.0.1;port=3306;dbname=database_01;charset=utf8
[ sql ] [ SQL ] select * from author [ RunTime:0.000337s ]
[ sql ] [ SQL ] select * from post order by post_click_count desc limit 5 [ RunTime:0.000310s ]
[ sql ] [ SQL ] select * from post where is_top = 1 order by timestamp desc limit 3 [ RunTime:0.000307s ]
[ sql ] [ SQL ] INSERT INTO visit (ip,visit_time,visit_posts,visit_author) VALUES(1019160142,'2018-05-25 02:02:45',NULL,0) [ RunTime:0.000342s ]
[ sql ] [ SQL ] select id from visit where visit_time = '2018-05-25 02:02:45' [ RunTime:0.000412s ]
[ sql ] [ SQL ] SHOW COLUMNS FROM `post` [ RunTime:0.000624s ]
[ sql ] [ SQL ] SELECT COUNT(*) AS tp_count FROM `post` LIMIT 1 [ RunTime:0.000175s ]
[ sql ] [ SQL ] SELECT * FROM `post` ORDER BY `timestamp`  desc LIMIT 0,5 [ RunTime:0.000259s ]
---------------------------------------------------------------
[ 2018-05-25T02:22:39+08:00 ] 106.15.72.139 GET /
[ sql ] [ DB ] CONNECT:[ UseTime:0.000603s ] mysql:host=127.0.0.1;port=3306;dbname=database_01;charset=utf8
[ sql ] [ SQL ] select * from author [ RunTime:0.000454s ]
[ sql ] [ SQL ] select * from post order by post_click_count desc limit 5 [ RunTime:0.000421s ]
[ sql ] [ SQL ] select * from post where is_top = 1 order by timestamp desc limit 3 [ RunTime:0.000425s ]
[ sql ] [ SQL ] INSERT INTO visit (ip,visit_time,visit_posts,visit_author) VALUES(1779386507,'2018-05-25 02:22:39',NULL,0) [ RunTime:0.000348s ]
[ sql ] [ SQL ] select id from visit where visit_time = '2018-05-25 02:22:39' [ RunTime:0.000739s ]
[ sql ] [ SQL ] SHOW COLUMNS FROM `post` [ RunTime:0.000801s ]
[ sql ] [ SQL ] SELECT COUNT(*) AS tp_count FROM `post` LIMIT 1 [ RunTime:0.000233s ]
[ sql ] [ SQL ] SELECT * FROM `post` ORDER BY `timestamp`  desc LIMIT 0,5 [ RunTime:0.000375s ]
---------------------------------------------------------------
[ 2018-05-25T04:52:31+08:00 ] 106.14.24.127 GET /
[ sql ] [ DB ] CONNECT:[ UseTime:0.000455s ] mysql:host=127.0.0.1;port=3306;dbname=database_01;charset=utf8
[ sql ] [ SQL ] select * from author [ RunTime:0.000325s ]
[ sql ] [ SQL ] select * from post order by post_click_count desc limit 5 [ RunTime:0.000322s ]
[ sql ] [ SQL ] select * from post where is_top = 1 order by timestamp desc limit 3 [ RunTime:0.000306s ]
[ sql ] [ SQL ] INSERT INTO visit (ip,visit_time,visit_posts,visit_author) VALUES(1779308671,'2018-05-25 04:52:31',NULL,0) [ RunTime:0.000284s ]
[ sql ] [ SQL ] select id from visit where visit_time = '2018-05-25 04:52:31' [ RunTime:0.000430s ]
[ sql ] [ SQL ] SHOW COLUMNS FROM `post` [ RunTime:0.000614s ]
[ sql ] [ SQL ] SELECT COUNT(*) AS tp_count FROM `post` LIMIT 1 [ RunTime:0.000172s ]
[ sql ] [ SQL ] SELECT * FROM `post` ORDER BY `timestamp`  desc LIMIT 0,5 [ RunTime:0.000254s ]
---------------------------------------------------------------
[ 2018-05-25T06:08:38+08:00 ] 81.17.178.78 GET /
[ sql ] [ DB ] CONNECT:[ UseTime:0.000477s ] mysql:host=127.0.0.1;port=3306;dbname=database_01;charset=utf8
[ sql ] [ SQL ] select * from author [ RunTime:0.000306s ]
[ sql ] [ SQL ] select * from post order by post_click_count desc limit 5 [ RunTime:0.000336s ]
[ sql ] [ SQL ] select * from post where is_top = 1 order by timestamp desc limit 3 [ RunTime:0.000294s ]
[ sql ] [ SQL ] INSERT INTO visit (ip,visit_time,visit_posts,visit_author) VALUES(1360114254,'2018-05-25 06:08:38',NULL,0) [ RunTime:0.000267s ]
[ sql ] [ SQL ] select id from visit where visit_time = '2018-05-25 06:08:38' [ RunTime:0.000415s ]
[ sql ] [ SQL ] SHOW COLUMNS FROM `post` [ RunTime:0.000595s ]
[ sql ] [ SQL ] SELECT COUNT(*) AS tp_count FROM `post` LIMIT 1 [ RunTime:0.000165s ]
[ sql ] [ SQL ] SELECT * FROM `post` ORDER BY `timestamp`  desc LIMIT 0,5 [ RunTime:0.000243s ]
---------------------------------------------------------------
[ 2018-05-25T06:14:35+08:00 ] 201.26.120.53 GET /
[ sql ] [ DB ] CONNECT:[ UseTime:0.000483s ] mysql:host=127.0.0.1;port=3306;dbname=database_01;charset=utf8
[ sql ] [ SQL ] select * from author [ RunTime:0.000310s ]
[ sql ] [ SQL ] select * from post order by post_click_count desc limit 5 [ RunTime:0.000327s ]
[ sql ] [ SQL ] select * from post where is_top = 1 order by timestamp desc limit 3 [ RunTime:0.000312s ]
[ sql ] [ SQL ] INSERT INTO visit (ip,visit_time,visit_posts,visit_author) VALUES(3373955125,'2018-05-25 06:14:35',NULL,0) [ RunTime:0.000282s ]
[ sql ] [ SQL ] select id from visit where visit_time = '2018-05-25 06:14:35' [ RunTime:0.000414s ]
[ sql ] [ SQL ] SHOW COLUMNS FROM `post` [ RunTime:0.000589s ]
[ sql ] [ SQL ] SELECT COUNT(*) AS tp_count FROM `post` LIMIT 1 [ RunTime:0.000166s ]
[ sql ] [ SQL ] SELECT * FROM `post` ORDER BY `timestamp`  desc LIMIT 0,5 [ RunTime:0.000257s ]
---------------------------------------------------------------
[ 2018-05-25T06:25:21+08:00 ] 31.184.193.154 GET /
[ sql ] [ DB ] CONNECT:[ UseTime:0.000874s ] mysql:host=127.0.0.1;port=3306;dbname=database_01;charset=utf8
[ sql ] [ SQL ] select * from author [ RunTime:0.000316s ]
[ sql ] [ SQL ] select * from post order by post_click_count desc limit 5 [ RunTime:0.000334s ]
[ sql ] [ SQL ] select * from post where is_top = 1 order by timestamp desc limit 3 [ RunTime:0.000297s ]
[ sql ] [ SQL ] INSERT INTO visit (ip,visit_time,visit_posts,visit_author) VALUES(532201882,'2018-05-25 06:25:21',NULL,0) [ RunTime:0.000258s ]
[ sql ] [ SQL ] select id from visit where visit_time = '2018-05-25 06:25:21' [ RunTime:0.000444s ]
[ sql ] [ SQL ] SHOW COLUMNS FROM `post` [ RunTime:0.000596s ]
[ sql ] [ SQL ] SELECT COUNT(*) AS tp_count FROM `post` LIMIT 1 [ RunTime:0.000181s ]
[ sql ] [ SQL ] SELECT * FROM `post` ORDER BY `timestamp`  desc LIMIT 0,5 [ RunTime:0.000259s ]
---------------------------------------------------------------
[ 2018-05-25T07:23:29+08:00 ] 54.224.115.50 GET /
[ sql ] [ DB ] CONNECT:[ UseTime:0.000551s ] mysql:host=127.0.0.1;port=3306;dbname=database_01;charset=utf8
[ sql ] [ SQL ] select * from author [ RunTime:0.000350s ]
[ sql ] [ SQL ] select * from post order by post_click_count desc limit 5 [ RunTime:0.000308s ]
[ sql ] [ SQL ] select * from post where is_top = 1 order by timestamp desc limit 3 [ RunTime:0.000317s ]
[ sql ] [ SQL ] INSERT INTO visit (ip,visit_time,visit_posts,visit_author) VALUES(920679218,'2018-05-25 07:23:29',NULL,0) [ RunTime:0.000280s ]
[ sql ] [ SQL ] select id from visit where visit_time = '2018-05-25 07:23:29' [ RunTime:0.000409s ]
[ sql ] [ SQL ] SHOW COLUMNS FROM `post` [ RunTime:0.000593s ]
[ sql ] [ SQL ] SELECT COUNT(*) AS tp_count FROM `post` LIMIT 1 [ RunTime:0.000200s ]
[ sql ] [ SQL ] SELECT * FROM `post` ORDER BY `timestamp`  desc LIMIT 0,5 [ RunTime:0.000263s ]
---------------------------------------------------------------
[ 2018-05-25T08:37:26+08:00 ] 110.78.143.138 GET /
[ sql ] [ DB ] CONNECT:[ UseTime:0.000519s ] mysql:host=127.0.0.1;port=3306;dbname=database_01;charset=utf8
[ sql ] [ SQL ] select * from author [ RunTime:0.000301s ]
[ sql ] [ SQL ] select * from post order by post_click_count desc limit 5 [ RunTime:0.000314s ]
[ sql ] [ SQL ] select * from post where is_top = 1 order by timestamp desc limit 3 [ RunTime:0.000340s ]
[ sql ] [ SQL ] INSERT INTO visit (ip,visit_time,visit_posts,visit_author) VALUES(1850642314,'2018-05-25 08:37:26',NULL,0) [ RunTime:0.000259s ]
[ sql ] [ SQL ] select id from visit where visit_time = '2018-05-25 08:37:26' [ RunTime:0.000426s ]
[ sql ] [ SQL ] SHOW COLUMNS FROM `post` [ RunTime:0.000571s ]
[ sql ] [ SQL ] SELECT COUNT(*) AS tp_count FROM `post` LIMIT 1 [ RunTime:0.000181s ]
[ sql ] [ SQL ] SELECT * FROM `post` ORDER BY `timestamp`  desc LIMIT 0,5 [ RunTime:0.000251s ]
---------------------------------------------------------------
[ 2018-05-25T09:09:28+08:00 ] 59.110.6.177 GET /
[ sql ] [ DB ] CONNECT:[ UseTime:0.000548s ] mysql:host=127.0.0.1;port=3306;dbname=database_01;charset=utf8
[ sql ] [ SQL ] select * from author [ RunTime:0.000304s ]
[ sql ] [ SQL ] select * from post order by post_click_count desc limit 5 [ RunTime:0.000317s ]
[ sql ] [ SQL ] select * from post where is_top = 1 order by timestamp desc limit 3 [ RunTime:0.000310s ]
[ sql ] [ SQL ] INSERT INTO visit (ip,visit_time,visit_posts,visit_author) VALUES(997066417,'2018-05-25 09:09:28',NULL,0) [ RunTime:0.000266s ]
[ sql ] [ SQL ] select id from visit where visit_time = '2018-05-25 09:09:28' [ RunTime:0.000399s ]
[ sql ] [ SQL ] SHOW COLUMNS FROM `post` [ RunTime:0.000590s ]
[ sql ] [ SQL ] SELECT COUNT(*) AS tp_count FROM `post` LIMIT 1 [ RunTime:0.000180s ]
[ sql ] [ SQL ] SELECT * FROM `post` ORDER BY `timestamp`  desc LIMIT 0,5 [ RunTime:0.000254s ]
---------------------------------------------------------------
[ 2018-05-25T11:19:56+08:00 ] 210.209.70.229 GET /
[ sql ] [ DB ] CONNECT:[ UseTime:0.000487s ] mysql:host=127.0.0.1;port=3306;dbname=database_01;charset=utf8
[ sql ] [ SQL ] select * from author [ RunTime:0.000308s ]
[ sql ] [ SQL ] select * from post order by post_click_count desc limit 5 [ RunTime:0.000313s ]
[ sql ] [ SQL ] select * from post where is_top = 1 order by timestamp desc limit 3 [ RunTime:0.000317s ]
[ sql ] [ SQL ] INSERT INTO visit (ip,visit_time,visit_posts,visit_author) VALUES(3536930533,'2018-05-25 11:19:56',NULL,0) [ RunTime:0.000299s ]
[ sql ] [ SQL ] select id from visit where visit_time = '2018-05-25 11:19:56' [ RunTime:0.000422s ]
[ sql ] [ SQL ] SHOW COLUMNS FROM `post` [ RunTime:0.000616s ]
[ sql ] [ SQL ] SELECT COUNT(*) AS tp_count FROM `post` LIMIT 1 [ RunTime:0.000168s ]
[ sql ] [ SQL ] SELECT * FROM `post` ORDER BY `timestamp`  desc LIMIT 0,5 [ RunTime:0.000246s ]
---------------------------------------------------------------
[ 2018-05-25T12:06:30+08:00 ] 170.82.84.249 GET /
[ sql ] [ DB ] CONNECT:[ UseTime:0.000611s ] mysql:host=127.0.0.1;port=3306;dbname=database_01;charset=utf8
[ sql ] [ SQL ] select * from author [ RunTime:0.000302s ]
[ sql ] [ SQL ] select * from post order by post_click_count desc limit 5 [ RunTime:0.000314s ]
[ sql ] [ SQL ] select * from post where is_top = 1 order by timestamp desc limit 3 [ RunTime:0.000309s ]
[ sql ] [ SQL ] INSERT INTO visit (ip,visit_time,visit_posts,visit_author) VALUES(2857522425,'2018-05-25 12:06:30',NULL,0) [ RunTime:0.000265s ]
[ sql ] [ SQL ] select id from visit where visit_time = '2018-05-25 12:06:30' [ RunTime:0.000416s ]
[ sql ] [ SQL ] SHOW COLUMNS FROM `post` [ RunTime:0.000589s ]
[ sql ] [ SQL ] SELECT COUNT(*) AS tp_count FROM `post` LIMIT 1 [ RunTime:0.000203s ]
[ sql ] [ SQL ] SELECT * FROM `post` ORDER BY `timestamp`  desc LIMIT 0,5 [ RunTime:0.000253s ]
